#
# A fatal error has been detected by the Java Runtime Environment:
#
#  EXCEPTION_ACCESS_VIOLATION (0xc0000005) at pc=0x47f4e84a, pid=7956, tid=11444
#
# JRE version: Java(TM) SE Runtime Environment (8.0_77-b03) (build 1.8.0_77-b03)
# Java VM: Java HotSpot(TM) Client VM (25.77-b03 mixed mode windows-x86 )
# Problematic frame:
# C  [ig75icd32.dll+0xe84a]
#
# Failed to write core dump. Minidumps are not enabled by default on client versions of Windows
#
# If you would like to submit a bug report, please visit:
#   http://bugreport.java.com/bugreport/crash.jsp
# The crash happened outside the Java Virtual Machine in native code.
# See problematic frame for where to report the bug.
#

---------------  T H R E A D  ---------------

Current thread (0x00cd3800):  JavaThread "Client thread" [_thread_in_native, id=11444, stack(0x00760000,0x007b0000)]

siginfo: ExceptionCode=0xc0000005, writing address 0x00000000

Registers:
EAX=0x00000000, EBX=0x005d48c0, ECX=0x00000010, EDX=0x005eacf0
ESP=0x007ae608, EBP=0x007ae608, ESI=0x005e9dd4, EDI=0x00000010
EIP=0x47f4e84a, EFLAGS=0x00010293

Top of Stack: (sp=0x007ae608)
0x007ae608:   007ae624 47fef196 00000010 005d48c0
0x007ae618:   005d48c0 00000010 00000000 007ae640
0x007ae628:   47fefea4 005d48c0 48299431 7c83030c
0x007ae638:   007ae668 00000000 007ae668 484eb8da
0x007ae648:   005d48c0 7c830090 48339c0a 00cd3800
0x007ae658:   47dd1b38 47dd1b38 7d33e008 7d33e0e8
0x007ae668:   007ae6c8 47808643 00000038 00001405
0x007ae678:   523f4008 01e4c0c3 00cd3940 007ae6d0 

Instructions: (pc=0x47f4e84a)
0x47f4e82a:   42 dc 89 41 dc 8b 42 e0 89 41 e0 8b 42 e4 89 41
0x47f4e83a:   e4 8b 42 e8 89 41 e8 8b 42 ec 89 41 ec 8b 42 f0
0x47f4e84a:   89 41 f0 8b 42 f4 89 41 f4 8b 42 f8 89 41 f8 8b
0x47f4e85a:   42 fc 89 41 fc 8b 45 08 a8 01 74 0a 8a 02 88 01 


Register to memory mapping:

EAX=0x00000000 is an unknown value
EBX=0x005d48c0 is an unknown value
ECX=0x00000010 is an unknown value
EDX=0x005eacf0 is an unknown value
ESP=0x007ae608 is pointing into the stack for thread: 0x00cd3800
EBP=0x007ae608 is pointing into the stack for thread: 0x00cd3800
ESI=0x005e9dd4 is an unknown value
EDI=0x00000010 is an unknown value


Stack: [0x00760000,0x007b0000],  sp=0x007ae608,  free space=313k
Native frames: (J=compiled Java code, j=interpreted, Vv=VM code, C=native code)
C  [ig75icd32.dll+0xe84a]
C  [ig75icd32.dll+0xaf196]
C  [ig75icd32.dll+0xafea4]
C  [ig75icd32.dll+0x5ab8da]
C  [lwjgl.dll+0x8643]
J 3427 C1 net.minecraft.client.renderer.RenderList.callLists()V (87 bytes) @ 0x024d1900 [0x024d15d0+0x330]
J 3608 C1 java.util.TimSort.sort([Ljava/lang/Object;IILjava/util/Comparator;[Ljava/lang/Object;II)V (229 bytes) @ 0x025464d8 [0x025462f0+0x1e8]

[error occurred during error reporting (printing native stack), id 0xc0000005]

Java frames: (J=compiled Java code, j=interpreted, Vv=VM code)
j  org.lwjgl.opengl.GL11.nglCallLists(IIJJ)V+0
J 3427 C1 net.minecraft.client.renderer.RenderList.callLists()V (87 bytes) @ 0x024d1900 [0x024d15d0+0x330]
J 3401 C1 net.minecraft.client.renderer.RenderGlobal.renderAllRenderLists(ID)V (52 bytes) @ 0x020045b8 [0x02004550+0x68]
J 3020 C1 net.minecraft.client.renderer.RenderGlobal.renderSortedRenderers(IIID)I (589 bytes) @ 0x023f9f5c [0x023f9940+0x61c]
J 3320 C1 net.minecraft.client.renderer.RenderGlobal.sortAndRender(Lnet/minecraft/entity/EntityLivingBase;ID)I (1189 bytes) @ 0x0249ebb0 [0x0249d1b0+0x1a00]
j  net.minecraft.client.renderer.EntityRenderer.renderWorld(FJ)V+639
j  net.minecraft.client.renderer.EntityRenderer.updateCameraAndRender(F)V+498
j  net.minecraft.client.Minecraft.runGameLoop()V+324
j  net.minecraft.client.Minecraft.run()V+61
j  net.minecraft.client.main.Main.main([Ljava/lang/String;)V+998
v  ~StubRoutines::call_stub
j  sun.reflect.NativeMethodAccessorImpl.invoke0(Ljava/lang/reflect/Method;Ljava/lang/Object;[Ljava/lang/Object;)Ljava/lang/Object;+0
j  sun.reflect.NativeMethodAccessorImpl.invoke(Ljava/lang/Object;[Ljava/lang/Object;)Ljava/lang/Object;+100
j  sun.reflect.DelegatingMethodAccessorImpl.invoke(Ljava/lang/Object;[Ljava/lang/Object;)Ljava/lang/Object;+6
j  java.lang.reflect.Method.invoke(Ljava/lang/Object;[Ljava/lang/Object;)Ljava/lang/Object;+56
j  net.minecraft.launchwrapper.Launch.launch([Ljava/lang/String;)V+661
j  net.minecraft.launchwrapper.Launch.main([Ljava/lang/String;)V+8
j  net.minecraftforge.gradle.GradleStartCommon.launch([Ljava/lang/String;)V+181
j  GradleStart.main([Ljava/lang/String;)V+11
v  ~StubRoutines::call_stub
j  sun.reflect.NativeMethodAccessorImpl.invoke0(Ljava/lang/reflect/Method;Ljava/lang/Object;[Ljava/lang/Object;)Ljava/lang/Object;+0
j  sun.reflect.NativeMethodAccessorImpl.invoke(Ljava/lang/Object;[Ljava/lang/Object;)Ljava/lang/Object;+100
j  sun.reflect.DelegatingMethodAccessorImpl.invoke(Ljava/lang/Object;[Ljava/lang/Object;)Ljava/lang/Object;+6
j  java.lang.reflect.Method.invoke(Ljava/lang/Object;[Ljava/lang/Object;)Ljava/lang/Object;+56
j  com.intellij.rt.execution.application.AppMain.main([Ljava/lang/String;)V+180
v  ~StubRoutines::call_stub

---------------  P R O C E S S  ---------------

Java Threads: ( => current thread )
  0x467df000 JavaThread "Keep-Alive-Timer" daemon [_thread_blocked, id=12904, stack(0x56640000,0x56690000)]
  0x467e2400 JavaThread "pool-2-thread-1" [_thread_blocked, id=11528, stack(0x56350000,0x563a0000)]
  0x467e1400 JavaThread "Netty IO #1" daemon [_thread_in_native, id=2832, stack(0x55850000,0x558a0000)]
  0x467e1000 JavaThread "Netty Client IO #0" daemon [_thread_in_native, id=5984, stack(0x55700000,0x55750000)]
  0x467e0800 JavaThread "Netty IO #0" daemon [_thread_in_native, id=904, stack(0x556b0000,0x55700000)]
  0x467e1c00 JavaThread "Server thread" [_thread_in_Java, id=7812, stack(0x55560000,0x555b0000)]
  0x467dfc00 JavaThread "Snooper Timer" daemon [_thread_blocked, id=3552, stack(0x54f00000,0x54f50000)]
  0x467df800 JavaThread "Thread-11" [_thread_blocked, id=460, stack(0x54b40000,0x54b90000)]
  0x467e0400 JavaThread "Thread-10" [_thread_blocked, id=11428, stack(0x54af0000,0x54b40000)]
  0x4d0d9000 JavaThread "LWJGL Timer" daemon [_thread_blocked, id=9252, stack(0x515b0000,0x51600000)]
  0x473be400 JavaThread "Java2D Disposer" daemon [_thread_blocked, id=13040, stack(0x47d20000,0x47d70000)]
  0x47295000 JavaThread "Timer hack thread" daemon [_thread_blocked, id=13044, stack(0x479d0000,0x47a20000)]
  0x47195c00 JavaThread "Snooper Timer" daemon [_thread_blocked, id=13064, stack(0x47870000,0x478c0000)]
  0x46643c00 JavaThread "Monitor Ctrl-Break" daemon [_thread_in_native, id=4928, stack(0x46a50000,0x46aa0000)]
  0x4617e800 JavaThread "Service Thread" daemon [_thread_blocked, id=12924, stack(0x46360000,0x463b0000)]
  0x4614c000 JavaThread "C1 CompilerThread0" daemon [_thread_blocked, id=3920, stack(0x46310000,0x46360000)]
  0x4614b000 JavaThread "Attach Listener" daemon [_thread_blocked, id=6304, stack(0x462c0000,0x46310000)]
  0x4614a000 JavaThread "Signal Dispatcher" daemon [_thread_blocked, id=8184, stack(0x46270000,0x462c0000)]
  0x46149000 JavaThread "Surrogate Locker Thread (Concurrent GC)" daemon [_thread_blocked, id=6348, stack(0x03fa0000,0x03ff0000)]
  0x4610ac00 JavaThread "Finalizer" daemon [_thread_blocked, id=7776, stack(0x03ee0000,0x03f30000)]
  0x46106400 JavaThread "Reference Handler" daemon [_thread_blocked, id=7796, stack(0x03e90000,0x03ee0000)]
=>0x00cd3800 JavaThread "Client thread" [_thread_in_native, id=11444, stack(0x00760000,0x007b0000)]

Other Threads:
  0x460f0400 VMThread [stack: 0x03e40000,0x03e90000] [id=7440]
  0x461d0c00 WatcherThread [stack: 0x463b0000,0x46400000] [id=12920]

VM state:not at safepoint (normal execution)

VM Mutex/Monitor currently owned by a thread: None

Heap:
 par new generation   total 118016K, used 44769K [0x04000000, 0x0c000000, 0x0c000000)
  eden space 104960K,  35% used [0x04000000, 0x06405dc0, 0x0a680000)
  from space 13056K,  60% used [0x0a680000, 0x0ae326a8, 0x0b340000)
  to   space 13056K,   0% used [0x0b340000, 0x0b340000, 0x0c000000)
 concurrent mark-sweep generation total 917504K, used 78603K [0x0c000000, 0x44000000, 0x44000000)
 Metaspace       used 22875K, capacity 23076K, committed 23296K, reserved 23936K

Card table byte_map: [0x00dd0000,0x00fe0000] byte_map_base: 0x00db0000

Marking Bits: (CMSBitMap*) 0x00d16a08
 Bits: [0x44000000, 0x45c00000)

Mod Union Table: (CMSBitMap*) 0x00d16a68
 Bits: [0x00940000, 0x00978000)

Polling page: 0x007b0000

CodeCache: size=32768Kb used=7214Kb max_used=7214Kb free=25554Kb
 bounds [0x01e40000, 0x02550000, 0x03e40000]
 total_blobs=3951 nmethods=3553 adapters=325
 compilation: enabled

Compilation events (10 events):
Event: 42.451 Thread 0x4614c000 3615             net.minecraft.world.storage.DerivedWorldInfo::getWorldTotalTime (8 bytes)
Event: 42.451 Thread 0x4614c000 nmethod 3615 0x02548688 code [0x02548790, 0x0254882c]
Event: 42.608 Thread 0x4614c000 3616             net.minecraft.world.GameRules$Value::getGameRuleBooleanValue (5 bytes)
Event: 42.608 Thread 0x4614c000 nmethod 3616 0x02548888 code [0x02548980, 0x02548a00]
Event: 42.617 Thread 0x4614c000 3617             net.minecraft.client.renderer.EntityRenderer::hurtCameraEffect (119 bytes)
Event: 42.619 Thread 0x4614c000 nmethod 3617 0x02548a48 code [0x02548ce0, 0x0254965c]
Event: 42.619 Thread 0x4614c000 3618             net.minecraft.client.renderer.EntityRenderer::setupViewBobbing (177 bytes)
Event: 42.621 Thread 0x4614c000 nmethod 3618 0x0254a548 code [0x0254a820, 0x0254b2b0]
Event: 42.651 Thread 0x4614c000 3619             net.minecraft.world.GameRules::getGameRuleBooleanValue (25 bytes)
Event: 42.651 Thread 0x4614c000 nmethod 3619 0x0254c288 code [0x0254c390, 0x0254c48c]

GC Heap History (10 events):
Event: 33.753 GC heap before
{Heap before GC invocations=31 (full 10):
 par new generation   total 118016K, used 73609K [0x04000000, 0x0c000000, 0x0c000000)
  eden space 104960K,  57% used [0x04000000, 0x07b22620, 0x0a680000)
  from space 13056K, 100% used [0x0a680000, 0x0b340000, 0x0b340000)
  to   space 13056K,   0% used [0x0b340000, 0x0b340000, 0x0c000000)
 concurrent mark-sweep generation total 917504K, used 63975K [0x0c000000, 0x44000000, 0x44000000)
 Metaspace       used 21497K, capacity 21702K, committed 21888K, reserved 21888K
Event: 33.900 GC heap after
Heap after GC invocations=32 (full 11):
 par new generation   total 118016K, used 0K [0x04000000, 0x0c000000, 0x0c000000)
  eden space 104960K,   0% used [0x04000000, 0x04000000, 0x0a680000)
  from space 13056K,   0% used [0x0a680000, 0x0a680000, 0x0b340000)
  to   space 13056K,   0% used [0x0b340000, 0x0b340000, 0x0c000000)
 concurrent mark-sweep generation total 917504K, used 78100K [0x0c000000, 0x44000000, 0x44000000)
 Metaspace       used 21497K, capacity 21702K, committed 21888K, reserved 21888K
}
Event: 34.057 GC heap before
{Heap before GC invocations=32 (full 11):
 par new generation   total 118016K, used 88583K [0x04000000, 0x0c000000, 0x0c000000)
  eden space 104960K,  84% used [0x04000000, 0x09681f10, 0x0a680000)
  from space 13056K,   0% used [0x0a680000, 0x0a680000, 0x0b340000)
  to   space 13056K,   0% used [0x0b340000, 0x0b340000, 0x0c000000)
 concurrent mark-sweep generation total 917504K, used 78100K [0x0c000000, 0x44000000, 0x44000000)
 Metaspace       used 21944K, capacity 22170K, committed 22400K, reserved 22912K
Event: 34.063 GC heap after
Heap after GC invocations=33 (full 11):
 par new generation   total 118016K, used 10724K [0x04000000, 0x0c000000, 0x0c000000)
  eden space 104960K,   0% used [0x04000000, 0x04000000, 0x0a680000)
  from space 13056K,  82% used [0x0b340000, 0x0bdb92f0, 0x0c000000)
  to   space 13056K,   0% used [0x0a680000, 0x0a680000, 0x0b340000)
 concurrent mark-sweep generation total 917504K, used 78100K [0x0c000000, 0x44000000, 0x44000000)
 Metaspace       used 21944K, capacity 22170K, committed 22400K, reserved 22912K
}
Event: 35.504 GC heap before
{Heap before GC invocations=33 (full 12):
 par new generation   total 118016K, used 115684K [0x04000000, 0x0c000000, 0x0c000000)
  eden space 104960K, 100% used [0x04000000, 0x0a680000, 0x0a680000)
  from space 13056K,  82% used [0x0b340000, 0x0bdb92f0, 0x0c000000)
  to   space 13056K,   0% used [0x0a680000, 0x0a680000, 0x0b340000)
 concurrent mark-sweep generation total 917504K, used 78100K [0x0c000000, 0x44000000, 0x44000000)
 Metaspace       used 22860K, capacity 23076K, committed 23296K, reserved 23936K
Event: 35.515 GC heap after
Heap after GC invocations=34 (full 12):
 par new generation   total 118016K, used 7343K [0x04000000, 0x0c000000, 0x0c000000)
  eden space 104960K,   0% used [0x04000000, 0x04000000, 0x0a680000)
  from space 13056K,  56% used [0x0a680000, 0x0adabe60, 0x0b340000)
  to   space 13056K,   0% used [0x0b340000, 0x0b340000, 0x0c000000)
 concurrent mark-sweep generation total 917504K, used 78100K [0x0c000000, 0x44000000, 0x44000000)
 Metaspace       used 22860K, capacity 23076K, committed 23296K, reserved 23936K
}
Event: 38.490 GC heap before
{Heap before GC invocations=34 (full 12):
 par new generation   total 118016K, used 112303K [0x04000000, 0x0c000000, 0x0c000000)
  eden space 104960K, 100% used [0x04000000, 0x0a680000, 0x0a680000)
  from space 13056K,  56% used [0x0a680000, 0x0adabe60, 0x0b340000)
  to   space 13056K,   0% used [0x0b340000, 0x0b340000, 0x0c000000)
 concurrent mark-sweep generation total 917504K, used 77152K [0x0c000000, 0x44000000, 0x44000000)
 Metaspace       used 22870K, capacity 23076K, committed 23296K, reserved 23936K
Event: 38.500 GC heap after
Heap after GC invocations=35 (full 12):
 par new generation   total 118016K, used 7043K [0x04000000, 0x0c000000, 0x0c000000)
  eden space 104960K,   0% used [0x04000000, 0x04000000, 0x0a680000)
  from space 13056K,  53% used [0x0b340000, 0x0ba20c50, 0x0c000000)
  to   space 13056K,   0% used [0x0a680000, 0x0a680000, 0x0b340000)
 concurrent mark-sweep generation total 917504K, used 78603K [0x0c000000, 0x44000000, 0x44000000)
 Metaspace       used 22870K, capacity 23076K, committed 23296K, reserved 23936K
}
Event: 41.653 GC heap before
{Heap before GC invocations=35 (full 12):
 par new generation   total 118016K, used 112003K [0x04000000, 0x0c000000, 0x0c000000)
  eden space 104960K, 100% used [0x04000000, 0x0a680000, 0x0a680000)
  from space 13056K,  53% used [0x0b340000, 0x0ba20c50, 0x0c000000)
  to   space 13056K,   0% used [0x0a680000, 0x0a680000, 0x0b340000)
 concurrent mark-sweep generation total 917504K, used 78603K [0x0c000000, 0x44000000, 0x44000000)
 Metaspace       used 22873K, capacity 23076K, committed 23296K, reserved 23936K
Event: 41.661 GC heap after
Heap after GC invocations=36 (full 12):
 par new generation   total 118016K, used 7881K [0x04000000, 0x0c000000, 0x0c000000)
  eden space 104960K,   0% used [0x04000000, 0x04000000, 0x0a680000)
  from space 13056K,  60% used [0x0a680000, 0x0ae326a8, 0x0b340000)
  to   space 13056K,   0% used [0x0b340000, 0x0b340000, 0x0c000000)
 concurrent mark-sweep generation total 917504K, used 78603K [0x0c000000, 0x44000000, 0x44000000)
 Metaspace       used 22873K, capacity 23076K, committed 23296K, reserved 23936K
}

Deoptimization events (0 events):
No events

Internal exceptions (10 events):
Event: 42.690 Thread 0x467e0400 Exception <a 'java/lang/InterruptedException': sleep interrupted> (0x0598e228) thrown at [C:\workspace\8-2-build-windows-i586-cygwin\jdk8u77\6540\hotspot\src\share\vm\prims\jvm.cpp, line 3215]
Event: 42.690 Thread 0x467e0400 Exception <a 'java/lang/InterruptedException': sleep interrupted> (0x0598e4a8) thrown at [C:\workspace\8-2-build-windows-i586-cygwin\jdk8u77\6540\hotspot\src\share\vm\prims\jvm.cpp, line 3167]
Event: 42.709 Thread 0x467e0400 Exception <a 'java/lang/InterruptedException': sleep interrupted> (0x0598e6e8) thrown at [C:\workspace\8-2-build-windows-i586-cygwin\jdk8u77\6540\hotspot\src\share\vm\prims\jvm.cpp, line 3215]
Event: 42.724 Thread 0x467e0400 Exception <a 'java/lang/InterruptedException': sleep interrupted> (0x0598e968) thrown at [C:\workspace\8-2-build-windows-i586-cygwin\jdk8u77\6540\hotspot\src\share\vm\prims\jvm.cpp, line 3215]
Event: 42.740 Thread 0x467e0400 Exception <a 'java/lang/InterruptedException': sleep interrupted> (0x0598ebe8) thrown at [C:\workspace\8-2-build-windows-i586-cygwin\jdk8u77\6540\hotspot\src\share\vm\prims\jvm.cpp, line 3215]
Event: 42.741 Thread 0x467e0400 Exception <a 'java/lang/InterruptedException': sleep interrupted> (0x0598ee48) thrown at [C:\workspace\8-2-build-windows-i586-cygwin\jdk8u77\6540\hotspot\src\share\vm\prims\jvm.cpp, line 3215]
Event: 42.759 Thread 0x467e0400 Exception <a 'java/lang/InterruptedException': sleep interrupted> (0x0598f0a8) thrown at [C:\workspace\8-2-build-windows-i586-cygwin\jdk8u77\6540\hotspot\src\share\vm\prims\jvm.cpp, line 3215]
Event: 42.759 Thread 0x467e0400 Exception <a 'java/lang/InterruptedException': sleep interrupted> (0x0598f308) thrown at [C:\workspace\8-2-build-windows-i586-cygwin\jdk8u77\6540\hotspot\src\share\vm\prims\jvm.cpp, line 3215]
Event: 42.774 Thread 0x467e0400 Exception <a 'java/lang/InterruptedException': sleep interrupted> (0x0598f568) thrown at [C:\workspace\8-2-build-windows-i586-cygwin\jdk8u77\6540\hotspot\src\share\vm\prims\jvm.cpp, line 3215]
Event: 42.790 Thread 0x467e0400 Exception <a 'java/lang/InterruptedException': sleep interrupted> (0x0598f7e8) thrown at [C:\workspace\8-2-build-windows-i586-cygwin\jdk8u77\6540\hotspot\src\share\vm\prims\jvm.cpp, line 3215]

Events (10 events):
Event: 40.450 Executing VM operation: RevokeBias
Event: 40.450 Executing VM operation: RevokeBias done
Event: 40.450 Executing VM operation: RevokeBias
Event: 40.450 Executing VM operation: RevokeBias done
Event: 40.450 Executing VM operation: RevokeBias
Event: 40.450 Executing VM operation: RevokeBias done
Event: 41.652 Executing VM operation: GenCollectForAllocation
Event: 41.661 Executing VM operation: GenCollectForAllocation done
Event: 41.661 loading class sun/security/ssl/SecureKey
Event: 41.661 loading class sun/security/ssl/SecureKey done


Dynamic libraries:
0x01200000 - 0x01233000 	C:\Program Files\Java\jdk1.8.0_77\jre\bin\java.exe
0x77970000 - 0x77aeb000 	C:\WINDOWS\SYSTEM32\ntdll.dll
0x75190000 - 0x75226000 	C:\WINDOWS\system32\KERNEL32.DLL
0x74e90000 - 0x7500f000 	C:\WINDOWS\system32\KERNELBASE.dll
0x73340000 - 0x733d2000 	C:\WINDOWS\system32\apphelp.dll
0x76c50000 - 0x76ccb000 	C:\WINDOWS\system32\ADVAPI32.dll
0x77690000 - 0x7774e000 	C:\WINDOWS\system32\msvcrt.dll
0x77370000 - 0x773b4000 	C:\WINDOWS\system32\sechost.dll
0x75350000 - 0x75412000 	C:\WINDOWS\system32\RPCRT4.dll
0x76d30000 - 0x76e68000 	C:\WINDOWS\system32\USER32.dll
0x77530000 - 0x77685000 	C:\WINDOWS\system32\GDI32.dll
0x67dc0000 - 0x67fcf000 	C:\WINDOWS\WinSxS\x86_microsoft.windows.common-controls_6595b64144ccf1df_6.0.10586.0_none_d3c2e4e965da4528\COMCTL32.dll
0x777b0000 - 0x7796d000 	C:\WINDOWS\system32\combase.dll
0x74740000 - 0x74798000 	C:\WINDOWS\system32\bcryptPrimitives.dll
0x774b0000 - 0x774df000 	C:\WINDOWS\system32\IMM32.DLL
0x77b70000 - 0x77c2f000 	C:\Program Files\Java\jdk1.8.0_77\jre\bin\msvcr100.dll
0x6c7d0000 - 0x6cb98000 	C:\Program Files\Java\jdk1.8.0_77\jre\bin\client\jvm.dll
0x75490000 - 0x75496000 	C:\WINDOWS\system32\PSAPI.DLL
0x66970000 - 0x66978000 	C:\WINDOWS\SYSTEM32\WSOCK32.dll
0x73280000 - 0x732a4000 	C:\WINDOWS\SYSTEM32\WINMM.dll
0x77450000 - 0x774af000 	C:\WINDOWS\system32\WS2_32.dll
0x6a810000 - 0x6a818000 	C:\WINDOWS\SYSTEM32\VERSION.dll
0x73230000 - 0x73253000 	C:\WINDOWS\SYSTEM32\WINMMBASE.dll
0x75110000 - 0x75147000 	C:\WINDOWS\system32\cfgmgr32.dll
0x66200000 - 0x6620c000 	C:\Program Files\Java\jdk1.8.0_77\jre\bin\verify.dll
0x6d740000 - 0x6d761000 	C:\Program Files\Java\jdk1.8.0_77\jre\bin\java.dll
0x700e0000 - 0x700f3000 	C:\Program Files\Java\jdk1.8.0_77\jre\bin\zip.dll
0x757b0000 - 0x76bae000 	C:\WINDOWS\system32\SHELL32.dll
0x747a0000 - 0x74c9a000 	C:\WINDOWS\system32\windows.storage.dll
0x774e0000 - 0x77525000 	C:\WINDOWS\system32\shlwapi.dll
0x74730000 - 0x7473c000 	C:\WINDOWS\system32\kernel.appcore.dll
0x773c0000 - 0x7744d000 	C:\WINDOWS\system32\shcore.dll
0x746d0000 - 0x74714000 	C:\WINDOWS\system32\powrprof.dll
0x746c0000 - 0x746cf000 	C:\WINDOWS\system32\profapi.dll
0x03ff0000 - 0x03ff7000 	D:\Program Files\JetBrains\IntelliJ IDEA Community Edition 2016.1\bin\breakgen.dll
0x56910000 - 0x56926000 	C:\Program Files\Java\jdk1.8.0_77\jre\bin\net.dll
0x740d0000 - 0x74120000 	C:\WINDOWS\system32\mswsock.dll
0x66210000 - 0x6621a000 	C:\Program Files\Java\jdk1.8.0_77\jre\bin\management.dll
0x661f0000 - 0x661ff000 	C:\Program Files\Java\jdk1.8.0_77\jre\bin\nio.dll
0x644c0000 - 0x644d2000 	C:\WINDOWS\system32\napinsp.dll
0x64480000 - 0x64496000 	C:\WINDOWS\system32\pnrpnsp.dll
0x725b0000 - 0x725c4000 	C:\WINDOWS\system32\NLAapi.dll
0x66450000 - 0x6645b000 	C:\WINDOWS\System32\winrnr.dll
0x734a0000 - 0x73524000 	C:\WINDOWS\SYSTEM32\DNSAPI.dll
0x76bb0000 - 0x76bb7000 	C:\WINDOWS\system32\NSI.dll
0x6a230000 - 0x6a251000 	C:\Program Files\Bonjour\mdnsNSP.dll
0x6e9d0000 - 0x6e9ff000 	C:\WINDOWS\SYSTEM32\Iphlpapi.DLL
0x6a220000 - 0x6a228000 	C:\Windows\System32\rasadhlp.dll
0x6c370000 - 0x6c3b7000 	C:\WINDOWS\System32\fwpuclnt.dll
0x74620000 - 0x7463d000 	C:\WINDOWS\SYSTEM32\bcrypt.dll
0x47800000 - 0x4784d000 	C:\Users\Administrator\.gradle\caches\minecraft\net\minecraft\minecraft_natives\1.7.10\lwjgl.dll
0x51aa0000 - 0x51b80000 	C:\WINDOWS\SYSTEM32\OPENGL32.dll
0x51a40000 - 0x51a65000 	C:\WINDOWS\SYSTEM32\GLU32.dll
0x51950000 - 0x51a3e000 	C:\WINDOWS\SYSTEM32\DDRAW.dll
0x518e0000 - 0x518e7000 	C:\WINDOWS\SYSTEM32\DCIMAN32.dll
0x741b0000 - 0x741c3000 	C:\WINDOWS\SYSTEM32\CRYPTSP.dll
0x73e10000 - 0x73e3f000 	C:\WINDOWS\system32\rsaenh.dll
0x73f90000 - 0x73fa9000 	C:\WINDOWS\SYSTEM32\USERENV.dll
0x742a0000 - 0x742aa000 	C:\WINDOWS\SYSTEM32\CRYPTBASE.dll
0x6bdf0000 - 0x6be03000 	C:\WINDOWS\SYSTEM32\dhcpcsvc6.DLL
0x6bdd0000 - 0x6bde4000 	C:\WINDOWS\SYSTEM32\dhcpcsvc.DLL
0x567c0000 - 0x56905000 	C:\Program Files\Java\jdk1.8.0_77\jre\bin\awt.dll
0x755a0000 - 0x75632000 	C:\WINDOWS\system32\OLEAUT32.dll
0x73420000 - 0x73499000 	C:\WINDOWS\system32\uxtheme.dll
0x75230000 - 0x7534f000 	C:\WINDOWS\system32\MSCTF.dll
0x72bc0000 - 0x72bdd000 	C:\WINDOWS\system32\dwmapi.dll
0x47f40000 - 0x4878e000 	C:\WINDOWS\SYSTEM32\ig75icd32.dll
0x73080000 - 0x7308f000 	C:\WINDOWS\SYSTEM32\WTSAPI32.dll
0x70e80000 - 0x71731000 	C:\WINDOWS\SYSTEM32\igdusc32.dll
0x5b400000 - 0x5b47f000 	C:\WINDOWS\SYSTEM32\mscms.dll
0x63b10000 - 0x63b4c000 	C:\WINDOWS\SYSTEM32\icm32.dll
0x70a40000 - 0x70a7a000 	C:\Users\Administrator\.gradle\caches\minecraft\net\minecraft\minecraft_natives\1.7.10\avutil-ttv-51.dll
0x65980000 - 0x6599d000 	C:\Users\Administrator\.gradle\caches\minecraft\net\minecraft\minecraft_natives\1.7.10\swresample-ttv-0.dll
0x6eb80000 - 0x6ec09000 	C:\Users\Administrator\.gradle\caches\minecraft\net\minecraft\minecraft_natives\1.7.10\libmp3lame-ttv.dll
0x4e030000 - 0x4efb0000 	C:\Users\Administrator\.gradle\caches\minecraft\net\minecraft\minecraft_natives\1.7.10\libmfxsw32.dll
0x55930000 - 0x55a33000 	C:\Users\Administrator\.gradle\caches\minecraft\net\minecraft\minecraft_natives\1.7.10\twitchsdk.dll
0x77280000 - 0x7736b000 	C:\WINDOWS\system32\ole32.dll
0x67b90000 - 0x67db8000 	C:\WINDOWS\SYSTEM32\WININET.dll
0x54b90000 - 0x54bf5000 	C:\Users\Administrator\.gradle\caches\minecraft\net\minecraft\minecraft_natives\1.7.10\OpenAL32.dll
0x76bc0000 - 0x76c44000 	C:\WINDOWS\system32\clbcatq.dll
0x54c50000 - 0x54ca5000 	C:\WINDOWS\System32\MMDevApi.dll
0x733f0000 - 0x73412000 	C:\WINDOWS\System32\DEVOBJ.dll
0x73090000 - 0x731db000 	C:\WINDOWS\System32\PROPSYS.dll
0x54cb0000 - 0x54d36000 	C:\WINDOWS\SYSTEM32\dsound.dll
0x54d40000 - 0x54da8000 	C:\WINDOWS\SYSTEM32\AUDIOSES.DLL
0x54f90000 - 0x55058000 	C:\WINDOWS\SYSTEM32\wintypes.dll
0x567a0000 - 0x567c0000 	C:\Program Files\Java\jdk1.8.0_77\jre\bin\sunec.dll
0x5b070000 - 0x5b1af000 	C:\WINDOWS\SYSTEM32\dbghelp.dll

VM Arguments:
jvm_args: -Xincgc -Xmx1024M -Xms1024M -Didea.launcher.port=7532 -Didea.launcher.bin.path=D:\Program Files\JetBrains\IntelliJ IDEA Community Edition 2016.1\bin -Dfile.encoding=UTF-8 
java_command: com.intellij.rt.execution.application.AppMain GradleStart
java_class_path (initial): C:\Program Files\Java\jdk1.8.0_77\jre\lib\charsets.jar;C:\Program Files\Java\jdk1.8.0_77\jre\lib\deploy.jar;C:\Program Files\Java\jdk1.8.0_77\jre\lib\ext\access-bridge.jar;C:\Program Files\Java\jdk1.8.0_77\jre\lib\ext\cldrdata.jar;C:\Program Files\Java\jdk1.8.0_77\jre\lib\ext\dnsns.jar;C:\Program Files\Java\jdk1.8.0_77\jre\lib\ext\jaccess.jar;C:\Program Files\Java\jdk1.8.0_77\jre\lib\ext\jfxrt.jar;C:\Program Files\Java\jdk1.8.0_77\jre\lib\ext\localedata.jar;C:\Program Files\Java\jdk1.8.0_77\jre\lib\ext\nashorn.jar;C:\Program Files\Java\jdk1.8.0_77\jre\lib\ext\sunec.jar;C:\Program Files\Java\jdk1.8.0_77\jre\lib\ext\sunjce_provider.jar;C:\Program Files\Java\jdk1.8.0_77\jre\lib\ext\sunmscapi.jar;C:\Program Files\Java\jdk1.8.0_77\jre\lib\ext\sunpkcs11.jar;C:\Program Files\Java\jdk1.8.0_77\jre\lib\ext\zipfs.jar;C:\Program Files\Java\jdk1.8.0_77\jre\lib\javaws.jar;C:\Program Files\Java\jdk1.8.0_77\jre\lib\jce.jar;C:\Program Files\Java\jdk1.8.0_77\jre\lib\jfr.jar;C:\Program Files\Java\jdk1.8.0_77\jre\lib\jfxswt.jar;C:\Program Files\Java\jdk1.8.0_77\jre\lib\jsse.jar;C:\Program Files\Java\jdk1.8.0_77\jre\lib\management-agent.jar;C:\Program Files\Java\jdk1.8.0_77\jre\lib\plugin.jar;C:\Program Files\Java\jdk1.8.0_77\jre\lib\resources.jar;C:\Program Files\Java\jdk1.8.0_77\jre\lib\rt.jar;F:\Games\GameSomething\Minecraft\1.7.10 modsDevelop\MoreToolsMod\out\production\MoreTools Project;C:\Users\Administrator\.gradle\caches\minecraft\net\minecraftforge\forge\1.7.10-10.13.4.1558-1.7.10\forgeSrc-1.7.10-10.13.4.1558-1.7.10.jar;C:\Users\Administrator\.gradle\caches\modules-2\files-2.1\net.minecraft\launchwrapper\1.12\111e7bea9c968cdb3d06ef4632bf7ff0824d0f36\launchwrapper-1.12.jar;C:\Users\Administrator\.gradle\caches\modules-2\files-2.1\com.google.code.findbugs\jsr305\1.3.9\40719ea6961c0cb6afaeb6a921eaa1f6afd4cfdf\jsr305-1.3.9.jar;C:\Users\Administrator\.gradle\caches\modules-2\files-2.1\org.ow2.asm\asm-debug-all\5.0.3\f9e364ae2a66ce2a543012a4668856e84e5dab
Launcher Type: SUN_STANDARD

Environment Variables:
JAVA_HOME=C:\Program Files\Java\jdk1.8.0_77
CLASSPATH=.;C:\Program Files\Java\jdk1.8.0_77\lib;C:\Program Files\Java\jdk1.8.0_77\lib\tools.jar
PATH=C:\ProgramData\Oracle\Java\javapath;C:\WINDOWS\system32;C:\WINDOWS;C:\WINDOWS\System32\Wbem;C:\WINDOWS\System32\WindowsPowerShell\v1.0\;C:\WINDOWS\system32\config\systemprofile\.dnx\bin;C:\Program Files\Microsoft DNX\Dnvm\;C:\Program Files\Windows Kits\8.1\Windows Performance Toolkit\;D:\Program Files\Git\bin;C:\Users\Administrator\.gradle\bin;C:\Program Files\Java\jdk1.8.0_77\bin
USERNAME=Administrator
OS=Windows_NT
PROCESSOR_IDENTIFIER=x86 Family 6 Model 60 Stepping 3, GenuineIntel



---------------  S Y S T E M  ---------------

OS: Windows 10.0 Build 10586 (10.0.10586.0)

CPU:total 2 (2 cores per cpu, 1 threads per core) family 6 model 60 stepping 3, cmov, cx8, fxsr, mmx, sse, sse2, sse3, ssse3, sse4.1, sse4.2, popcnt, clmul, erms, lzcnt, tsc, tscinvbit

Memory: 4k page, physical 3589964k(673520k free), swap 7428504k(1458840k free)

vm_info: Java HotSpot(TM) Client VM (25.77-b03) for windows-x86 JRE (1.8.0_77-b03), built on Mar 20 2016 22:00:03 by "java_re" with MS VC++ 10.0 (VS2010)

time: Sat Apr 23 09:44:36 2016
elapsed time: 42 seconds (0d 0h 0m 42s)

