#
# A fatal error has been detected by the Java Runtime Environment:
#
#  EXCEPTION_ACCESS_VIOLATION (0xc0000005) at pc=0x480de84a, pid=9624, tid=2900
#
# JRE version: Java(TM) SE Runtime Environment (8.0_91-b14) (build 1.8.0_91-b14)
# Java VM: Java HotSpot(TM) Client VM (25.91-b14 mixed mode windows-x86 )
# Problematic frame:
# C  [ig75icd32.dll+0xe84a]
#
# Failed to write core dump. Minidumps are not enabled by default on client versions of Windows
#
# If you would like to submit a bug report, please visit:
#   http://bugreport.java.com/bugreport/crash.jsp
# The crash happened outside the Java Virtual Machine in native code.
# See problematic frame for where to report the bug.
#

---------------  T H R E A D  ---------------

Current thread (0x01803800):  JavaThread "Client thread" [_thread_in_native, id=2900, stack(0x00750000,0x007a0000)]

siginfo: ExceptionCode=0xc0000005, writing address 0x00000000

Registers:
EAX=0x00000000, EBX=0x00846c40, ECX=0x00000010, EDX=0x0085d130
ESP=0x0079e6f0, EBP=0x0079e6f0, ESI=0x0085c51c, EDI=0x00000016
EIP=0x480de84a, EFLAGS=0x00010293

Top of Stack: (sp=0x0079e6f0)
0x0079e6f0:   0079e70c 4817f196 00000010 00846c40
0x0079e700:   00846c40 0000002d 00000000 0079e728
0x0079e710:   4817fea4 00846c40 484259f4 00846c40
0x0079e720:   484e3f0c 7c34a13c 0079e758 4867cf12
0x0079e730:   00846c40 7c34a140 00846c40 7c34a0b0
0x0079e740:   484c9c0a 01803800 4d150138 4d150138
0x0079e750:   7c61f008 7c61f0ec 0079e7b8 46d38643
0x0079e760:   00000039 00001405 575fe008 0190d3b3 

Instructions: (pc=0x480de84a)
0x480de82a:   42 dc 89 41 dc 8b 42 e0 89 41 e0 8b 42 e4 89 41
0x480de83a:   e4 8b 42 e8 89 41 e8 8b 42 ec 89 41 ec 8b 42 f0
0x480de84a:   89 41 f0 8b 42 f4 89 41 f4 8b 42 f8 89 41 f8 8b
0x480de85a:   42 fc 89 41 fc 8b 45 08 a8 01 74 0a 8a 02 88 01 


Register to memory mapping:

EAX=0x00000000 is an unknown value
EBX=0x00846c40 is an unknown value
ECX=0x00000010 is an unknown value
EDX=0x0085d130 is an unknown value
ESP=0x0079e6f0 is pointing into the stack for thread: 0x01803800
EBP=0x0079e6f0 is pointing into the stack for thread: 0x01803800
ESI=0x0085c51c is an unknown value
EDI=0x00000016 is an unknown value


Stack: [0x00750000,0x007a0000],  sp=0x0079e6f0,  free space=313k
Native frames: (J=compiled Java code, j=interpreted, Vv=VM code, C=native code)
C  [ig75icd32.dll+0xe84a]
C  [ig75icd32.dll+0xaf196]
C  [ig75icd32.dll+0xafea4]
C  [ig75icd32.dll+0x5acf12]
C  [lwjgl.dll+0x8643]
j  org.lwjgl.opengl.GL11.glCallLists(Ljava/nio/IntBuffer;)V+29
j  net.minecraft.client.renderer.RenderList.callLists()V+80
j  net.minecraft.client.renderer.RenderGlobal.renderAllRenderLists(ID)V+31
J 3074 C1 net.minecraft.client.renderer.RenderGlobal.renderSortedRenderers(IIID)I (589 bytes) @ 0x01eb989c [0x01eb9280+0x61c]
J 3405 C1 net.minecraft.client.renderer.RenderGlobal.sortAndRender(Lnet/minecraft/entity/EntityLivingBase;ID)I (1189 bytes) @ 0x01f887b0 [0x01f86db0+0x1a00]
j  net.minecraft.client.renderer.EntityRenderer.renderWorld(FJ)V+639
j  net.minecraft.client.renderer.EntityRenderer.updateCameraAndRender(F)V+498
j  net.minecraft.client.Minecraft.runGameLoop()V+324
j  net.minecraft.client.Minecraft.run()V+61
j  net.minecraft.client.main.Main.main([Ljava/lang/String;)V+998
v  ~StubRoutines::call_stub
V  [jvm.dll+0x1594e5]
V  [jvm.dll+0x21f0ae]
V  [jvm.dll+0x15957e]
V  [jvm.dll+0x165ce8]
V  [jvm.dll+0x165f53]
V  [jvm.dll+0x102bf3]
C  [java.dll+0x3b26]
j  sun.reflect.NativeMethodAccessorImpl.invoke(Ljava/lang/Object;[Ljava/lang/Object;)Ljava/lang/Object;+100
j  sun.reflect.DelegatingMethodAccessorImpl.invoke(Ljava/lang/Object;[Ljava/lang/Object;)Ljava/lang/Object;+6
j  java.lang.reflect.Method.invoke(Ljava/lang/Object;[Ljava/lang/Object;)Ljava/lang/Object;+56
j  net.minecraft.launchwrapper.Launch.launch([Ljava/lang/String;)V+661
j  net.minecraft.launchwrapper.Launch.main([Ljava/lang/String;)V+8
j  net.minecraftforge.gradle.GradleStartCommon.launch([Ljava/lang/String;)V+181
j  GradleStart.main([Ljava/lang/String;)V+11
v  ~StubRoutines::call_stub
V  [jvm.dll+0x1594e5]
V  [jvm.dll+0x21f0ae]
V  [jvm.dll+0x15957e]
V  [jvm.dll+0x165ce8]
V  [jvm.dll+0x165f53]
V  [jvm.dll+0x102bf3]
C  [java.dll+0x3b26]
j  sun.reflect.NativeMethodAccessorImpl.invoke(Ljava/lang/Object;[Ljava/lang/Object;)Ljava/lang/Object;+100
j  sun.reflect.DelegatingMethodAccessorImpl.invoke(Ljava/lang/Object;[Ljava/lang/Object;)Ljava/lang/Object;+6
j  java.lang.reflect.Method.invoke(Ljava/lang/Object;[Ljava/lang/Object;)Ljava/lang/Object;+56
j  com.intellij.rt.execution.application.AppMain.main([Ljava/lang/String;)V+180
v  ~StubRoutines::call_stub
V  [jvm.dll+0x1594e5]
V  [jvm.dll+0x21f0ae]
V  [jvm.dll+0x15957e]
V  [jvm.dll+0xdb4f7]
V  [jvm.dll+0xe3a8f]
C  [java.exe+0x228d]
C  [java.exe+0xae9f]
C  [java.exe+0xaf29]
C  [KERNEL32.DLL+0x195f4]
C  [ntdll.dll+0x2241a]
C  [ntdll.dll+0x223e9]
C  0x00000000

Java frames: (J=compiled Java code, j=interpreted, Vv=VM code)
j  org.lwjgl.opengl.GL11.nglCallLists(IIJJ)V+0
j  org.lwjgl.opengl.GL11.glCallLists(Ljava/nio/IntBuffer;)V+29
j  net.minecraft.client.renderer.RenderList.callLists()V+80
j  net.minecraft.client.renderer.RenderGlobal.renderAllRenderLists(ID)V+31
J 3074 C1 net.minecraft.client.renderer.RenderGlobal.renderSortedRenderers(IIID)I (589 bytes) @ 0x01eb989c [0x01eb9280+0x61c]
J 3405 C1 net.minecraft.client.renderer.RenderGlobal.sortAndRender(Lnet/minecraft/entity/EntityLivingBase;ID)I (1189 bytes) @ 0x01f887b0 [0x01f86db0+0x1a00]
j  net.minecraft.client.renderer.EntityRenderer.renderWorld(FJ)V+639
j  net.minecraft.client.renderer.EntityRenderer.updateCameraAndRender(F)V+498
j  net.minecraft.client.Minecraft.runGameLoop()V+324
j  net.minecraft.client.Minecraft.run()V+61
j  net.minecraft.client.main.Main.main([Ljava/lang/String;)V+998
v  ~StubRoutines::call_stub
j  sun.reflect.NativeMethodAccessorImpl.invoke0(Ljava/lang/reflect/Method;Ljava/lang/Object;[Ljava/lang/Object;)Ljava/lang/Object;+0
j  sun.reflect.NativeMethodAccessorImpl.invoke(Ljava/lang/Object;[Ljava/lang/Object;)Ljava/lang/Object;+100
j  sun.reflect.DelegatingMethodAccessorImpl.invoke(Ljava/lang/Object;[Ljava/lang/Object;)Ljava/lang/Object;+6
j  java.lang.reflect.Method.invoke(Ljava/lang/Object;[Ljava/lang/Object;)Ljava/lang/Object;+56
j  net.minecraft.launchwrapper.Launch.launch([Ljava/lang/String;)V+661
j  net.minecraft.launchwrapper.Launch.main([Ljava/lang/String;)V+8
j  net.minecraftforge.gradle.GradleStartCommon.launch([Ljava/lang/String;)V+181
j  GradleStart.main([Ljava/lang/String;)V+11
v  ~StubRoutines::call_stub
j  sun.reflect.NativeMethodAccessorImpl.invoke0(Ljava/lang/reflect/Method;Ljava/lang/Object;[Ljava/lang/Object;)Ljava/lang/Object;+0
j  sun.reflect.NativeMethodAccessorImpl.invoke(Ljava/lang/Object;[Ljava/lang/Object;)Ljava/lang/Object;+100
j  sun.reflect.DelegatingMethodAccessorImpl.invoke(Ljava/lang/Object;[Ljava/lang/Object;)Ljava/lang/Object;+6
j  java.lang.reflect.Method.invoke(Ljava/lang/Object;[Ljava/lang/Object;)Ljava/lang/Object;+56
j  com.intellij.rt.execution.application.AppMain.main([Ljava/lang/String;)V+180
v  ~StubRoutines::call_stub

---------------  P R O C E S S  ---------------

Java Threads: ( => current thread )
  0x5bb7fc00 JavaThread "Keep-Alive-Timer" daemon [_thread_blocked, id=2252, stack(0x64330000,0x64380000)]
  0x5bb7d000 JavaThread "pool-2-thread-1" [_thread_blocked, id=3704, stack(0x64140000,0x64190000)]
  0x5bb7e000 JavaThread "Netty IO #1" daemon [_thread_in_native, id=8404, stack(0x63fa0000,0x63ff0000)]
  0x5bb7f400 JavaThread "Netty Client IO #0" daemon [_thread_in_native, id=3040, stack(0x63e50000,0x63ea0000)]
  0x5bb7c800 JavaThread "Netty IO #0" daemon [_thread_in_native, id=6340, stack(0x5af60000,0x5afb0000)]
  0x5bb7e800 JavaThread "Server thread" [_thread_in_Java, id=1480, stack(0x5af10000,0x5af60000)]
  0x5bb7f000 JavaThread "Snooper Timer" daemon [_thread_blocked, id=3764, stack(0x54af0000,0x54b40000)]
  0x5bb7d400 JavaThread "Thread-11" [_thread_blocked, id=6836, stack(0x5ac90000,0x5ace0000)]
  0x5bb7c400 JavaThread "Thread-10" [_thread_blocked, id=8732, stack(0x5ac40000,0x5ac90000)]
  0x4756c400 JavaThread "LWJGL Timer" daemon [_thread_blocked, id=4092, stack(0x4e210000,0x4e260000)]
  0x466b4000 JavaThread "Java2D Disposer" daemon [_thread_blocked, id=1512, stack(0x47f10000,0x47f60000)]
  0x4602e800 JavaThread "Timer hack thread" daemon [_thread_blocked, id=7436, stack(0x47940000,0x47990000)]
  0x47106400 JavaThread "Snooper Timer" daemon [_thread_blocked, id=8124, stack(0x478f0000,0x47940000)]
  0x4664e400 JavaThread "Monitor Ctrl-Break" daemon [_thread_in_native, id=9724, stack(0x46840000,0x46890000)]
  0x4601cc00 JavaThread "Service Thread" daemon [_thread_blocked, id=5760, stack(0x463a0000,0x463f0000)]
  0x45fecc00 JavaThread "C1 CompilerThread0" daemon [_thread_blocked, id=7268, stack(0x46350000,0x463a0000)]
  0x45febc00 JavaThread "Attach Listener" daemon [_thread_blocked, id=8452, stack(0x46300000,0x46350000)]
  0x45feac00 JavaThread "Signal Dispatcher" daemon [_thread_blocked, id=9548, stack(0x462b0000,0x46300000)]
  0x45fea400 JavaThread "Surrogate Locker Thread (Concurrent GC)" daemon [_thread_blocked, id=8380, stack(0x46260000,0x462b0000)]
  0x45faa400 JavaThread "Finalizer" daemon [_thread_blocked, id=1380, stack(0x461b0000,0x46200000)]
  0x45fa5c00 JavaThread "Reference Handler" daemon [_thread_blocked, id=9392, stack(0x46160000,0x461b0000)]
=>0x01803800 JavaThread "Client thread" [_thread_in_native, id=2900, stack(0x00750000,0x007a0000)]

Other Threads:
  0x45f90c00 VMThread [stack: 0x46110000,0x46160000] [id=8260]
  0x46068000 WatcherThread [stack: 0x463f0000,0x46440000] [id=5860]

VM state:not at safepoint (normal execution)

VM Mutex/Monitor currently owned by a thread: None

Heap:
 par new generation   total 118016K, used 57089K [0x03c00000, 0x0bc00000, 0x0bc00000)
  eden space 104960K,  47% used [0x03c00000, 0x06ca5250, 0x0a280000)
  from space 13056K,  55% used [0x0a280000, 0x0a99b4e0, 0x0af40000)
  to   space 13056K,   0% used [0x0af40000, 0x0af40000, 0x0bc00000)
 concurrent mark-sweep generation total 917504K, used 78133K [0x0bc00000, 0x43c00000, 0x43c00000)
 Metaspace       used 22438K, capacity 22680K, committed 22784K, reserved 22912K

Card table byte_map: [0x43c00000,0x43e10000] byte_map_base: 0x43be2000

Marking Bits: (CMSBitMap*) 0x01846da8
 Bits: [0x43e10000, 0x45a10000)

Mod Union Table: (CMSBitMap*) 0x01846e08
 Bits: [0x45a20000, 0x45a58000)

Polling page: 0x00390000

CodeCache: size=32768Kb used=6834Kb max_used=6834Kb free=25933Kb
 bounds [0x01900000, 0x01fb0000, 0x03900000]
 total_blobs=3779 nmethods=3382 adapters=324
 compilation: enabled

Compilation events (10 events):
Event: 43.755 Thread 0x45fecc00 3442             net.minecraft.client.renderer.entity.RendererLivingEntity::interpolateRotation (48 bytes)
Event: 43.755 Thread 0x45fecc00 nmethod 3442 0x01fa7e48 code [0x01fa7f70, 0x01fa8050]
Event: 43.848 Thread 0x45fecc00 3443             io.netty.channel.DefaultChannelHandlerContext::flush (59 bytes)
Event: 43.849 Thread 0x45fecc00 nmethod 3443 0x01fa8108 code [0x01fa8260, 0x01fa851c]
Event: 43.882 Thread 0x45fecc00 3444             org.lwjgl.opengl.GL11::glFogf (20 bytes)
Event: 43.882 Thread 0x45fecc00 nmethod 3444 0x01fa87c8 code [0x01fa8900, 0x01fa8b20]
Event: 43.897 Thread 0x45fecc00 3446             java.util.HashSet::size (8 bytes)
Event: 43.898 Thread 0x45fecc00 nmethod 3446 0x01fa9008 code [0x01fa9100, 0x01fa9190]
Event: 43.906 Thread 0x45fecc00 3447             net.minecraft.client.renderer.entity.Render::renderShadow (395 bytes)
Event: 43.908 Thread 0x45fecc00 nmethod 3447 0x01fa9208 code [0x01fa95b0, 0x01faa808]

GC Heap History (10 events):
Event: 41.004 GC heap before
{Heap before GC invocations=29 (full 11):
 par new generation   total 118016K, used 109978K [0x03c00000, 0x0bc00000, 0x0bc00000)
  eden space 104960K, 100% used [0x03c00000, 0x0a280000, 0x0a280000)
  from space 13056K,  38% used [0x0a280000, 0x0a7668d0, 0x0af40000)
  to   space 13056K,   0% used [0x0af40000, 0x0af40000, 0x0bc00000)
 concurrent mark-sweep generation total 917504K, used 61171K [0x0bc00000, 0x43c00000, 0x43c00000)
 Metaspace       used 20357K, capacity 20568K, committed 20736K, reserved 20864K
Event: 41.020 GC heap after
Heap after GC invocations=30 (full 11):
 par new generation   total 118016K, used 13056K [0x03c00000, 0x0bc00000, 0x0bc00000)
  eden space 104960K,   0% used [0x03c00000, 0x03c00000, 0x0a280000)
  from space 13056K, 100% used [0x0af40000, 0x0bc00000, 0x0bc00000)
  to   space 13056K,   0% used [0x0a280000, 0x0a280000, 0x0af40000)
 concurrent mark-sweep generation total 917504K, used 64874K [0x0bc00000, 0x43c00000, 0x43c00000)
 Metaspace       used 20357K, capacity 20568K, committed 20736K, reserved 20864K
}
Event: 41.336 GC heap before
{Heap before GC invocations=30 (full 12):
 par new generation   total 118016K, used 86413K [0x03c00000, 0x0bc00000, 0x0bc00000)
  eden space 104960K,  69% used [0x03c00000, 0x083a3538, 0x0a280000)
  from space 13056K, 100% used [0x0af40000, 0x0bc00000, 0x0bc00000)
  to   space 13056K,   0% used [0x0a280000, 0x0a280000, 0x0af40000)
 concurrent mark-sweep generation total 917504K, used 64874K [0x0bc00000, 0x43c00000, 0x43c00000)
 Metaspace       used 21097K, capacity 21306K, committed 21504K, reserved 21888K
Event: 41.479 GC heap after
Heap after GC invocations=31 (full 13):
 par new generation   total 118016K, used 0K [0x03c00000, 0x0bc00000, 0x0bc00000)
  eden space 104960K,   0% used [0x03c00000, 0x03c00000, 0x0a280000)
  from space 13056K,   0% used [0x0af40000, 0x0af40000, 0x0bc00000)
  to   space 13056K,   0% used [0x0a280000, 0x0a280000, 0x0af40000)
 concurrent mark-sweep generation total 917504K, used 79269K [0x0bc00000, 0x43c00000, 0x43c00000)
 Metaspace       used 21097K, capacity 21306K, committed 21504K, reserved 21888K
}
Event: 41.672 GC heap before
{Heap before GC invocations=31 (full 13):
 par new generation   total 118016K, used 92348K [0x03c00000, 0x0bc00000, 0x0bc00000)
  eden space 104960K,  87% used [0x03c00000, 0x0962f080, 0x0a280000)
  from space 13056K,   0% used [0x0af40000, 0x0af40000, 0x0bc00000)
  to   space 13056K,   0% used [0x0a280000, 0x0a280000, 0x0af40000)
 concurrent mark-sweep generation total 917504K, used 79269K [0x0bc00000, 0x43c00000, 0x43c00000)
 Metaspace       used 21477K, capacity 21740K, committed 21888K, reserved 21888K
Event: 41.679 GC heap after
Heap after GC invocations=32 (full 13):
 par new generation   total 118016K, used 10457K [0x03c00000, 0x0bc00000, 0x0bc00000)
  eden space 104960K,   0% used [0x03c00000, 0x03c00000, 0x0a280000)
  from space 13056K,  80% used [0x0a280000, 0x0acb6790, 0x0af40000)
  to   space 13056K,   0% used [0x0af40000, 0x0af40000, 0x0bc00000)
 concurrent mark-sweep generation total 917504K, used 79269K [0x0bc00000, 0x43c00000, 0x43c00000)
 Metaspace       used 21477K, capacity 21740K, committed 21888K, reserved 21888K
}
Event: 42.108 GC heap before
{Heap before GC invocations=32 (full 14):
 par new generation   total 118016K, used 115417K [0x03c00000, 0x0bc00000, 0x0bc00000)
  eden space 104960K, 100% used [0x03c00000, 0x0a280000, 0x0a280000)
  from space 13056K,  80% used [0x0a280000, 0x0acb6790, 0x0af40000)
  to   space 13056K,   0% used [0x0af40000, 0x0af40000, 0x0bc00000)
 concurrent mark-sweep generation total 917504K, used 79269K [0x0bc00000, 0x43c00000, 0x43c00000)
 Metaspace       used 21839K, capacity 22067K, committed 22144K, reserved 22912K
Event: 42.116 GC heap after
Heap after GC invocations=33 (full 14):
 par new generation   total 118016K, used 6025K [0x03c00000, 0x0bc00000, 0x0bc00000)
  eden space 104960K,   0% used [0x03c00000, 0x03c00000, 0x0a280000)
  from space 13056K,  46% used [0x0af40000, 0x0b522470, 0x0bc00000)
  to   space 13056K,   0% used [0x0a280000, 0x0a280000, 0x0af40000)
 concurrent mark-sweep generation total 917504K, used 79269K [0x0bc00000, 0x43c00000, 0x43c00000)
 Metaspace       used 21839K, capacity 22067K, committed 22144K, reserved 22912K
}
Event: 42.849 GC heap before
{Heap before GC invocations=33 (full 14):
 par new generation   total 118016K, used 110985K [0x03c00000, 0x0bc00000, 0x0bc00000)
  eden space 104960K, 100% used [0x03c00000, 0x0a280000, 0x0a280000)
  from space 13056K,  46% used [0x0af40000, 0x0b522470, 0x0bc00000)
  to   space 13056K,   0% used [0x0a280000, 0x0a280000, 0x0af40000)
 concurrent mark-sweep generation total 917504K, used 79269K [0x0bc00000, 0x43c00000, 0x43c00000)
 Metaspace       used 22360K, capacity 22552K, committed 22656K, reserved 22912K
Event: 42.857 GC heap after
Heap after GC invocations=34 (full 14):
 par new generation   total 118016K, used 7277K [0x03c00000, 0x0bc00000, 0x0bc00000)
  eden space 104960K,   0% used [0x03c00000, 0x03c00000, 0x0a280000)
  from space 13056K,  55% used [0x0a280000, 0x0a99b4e0, 0x0af40000)
  to   space 13056K,   0% used [0x0af40000, 0x0af40000, 0x0bc00000)
 concurrent mark-sweep generation total 917504K, used 79269K [0x0bc00000, 0x43c00000, 0x43c00000)
 Metaspace       used 22360K, capacity 22552K, committed 22656K, reserved 22912K
}

Deoptimization events (0 events):
No events

Internal exceptions (10 events):
Event: 43.846 Thread 0x5bb7c400 Exception <a 'java/lang/InterruptedException': sleep interrupted> (0x03eb4540) thrown at [C:\re\workspace\8-2-build-windows-i586-cygwin\jdk8u91\6644\hotspot\src\share\vm\prims\jvm.cpp, line 3215]
Event: 43.862 Thread 0x5bb7c400 Exception <a 'java/lang/InterruptedException': sleep interrupted> (0x03eb47a0) thrown at [C:\re\workspace\8-2-build-windows-i586-cygwin\jdk8u91\6644\hotspot\src\share\vm\prims\jvm.cpp, line 3215]
Event: 43.881 Thread 0x5bb7c400 Exception <a 'java/lang/InterruptedException': sleep interrupted> (0x03eb4a20) thrown at [C:\re\workspace\8-2-build-windows-i586-cygwin\jdk8u91\6644\hotspot\src\share\vm\prims\jvm.cpp, line 3215]
Event: 43.896 Thread 0x5bb7c400 Exception <a 'java/lang/InterruptedException': sleep interrupted> (0x03eb4ca0) thrown at [C:\re\workspace\8-2-build-windows-i586-cygwin\jdk8u91\6644\hotspot\src\share\vm\prims\jvm.cpp, line 3215]
Event: 43.896 Thread 0x5bb7c400 Exception <a 'java/lang/InterruptedException': sleep interrupted> (0x03eb4f00) thrown at [C:\re\workspace\8-2-build-windows-i586-cygwin\jdk8u91\6644\hotspot\src\share\vm\prims\jvm.cpp, line 3215]
Event: 43.913 Thread 0x5bb7c400 Exception <a 'java/lang/InterruptedException': sleep interrupted> (0x03eb5160) thrown at [C:\re\workspace\8-2-build-windows-i586-cygwin\jdk8u91\6644\hotspot\src\share\vm\prims\jvm.cpp, line 3215]
Event: 43.929 Thread 0x5bb7c400 Exception <a 'java/lang/InterruptedException': sleep interrupted> (0x03eb53e0) thrown at [C:\re\workspace\8-2-build-windows-i586-cygwin\jdk8u91\6644\hotspot\src\share\vm\prims\jvm.cpp, line 3215]
Event: 43.991 Thread 0x5bb7c400 Exception <a 'java/lang/InterruptedException': sleep interrupted> (0x03eb5660) thrown at [C:\re\workspace\8-2-build-windows-i586-cygwin\jdk8u91\6644\hotspot\src\share\vm\prims\jvm.cpp, line 3215]
Event: 43.997 Thread 0x5bb7c400 Exception <a 'java/lang/InterruptedException': sleep interrupted> (0x03eb58e0) thrown at [C:\re\workspace\8-2-build-windows-i586-cygwin\jdk8u91\6644\hotspot\src\share\vm\prims\jvm.cpp, line 3215]
Event: 43.998 Thread 0x5bb7c400 Exception <a 'java/lang/InterruptedException': sleep interrupted> (0x03eb5b40) thrown at [C:\re\workspace\8-2-build-windows-i586-cygwin\jdk8u91\6644\hotspot\src\share\vm\prims\jvm.cpp, line 3215]

Events (10 events):
Event: 43.372 Executing VM operation: RevokeBias done
Event: 43.412 loading class com/mojang/authlib/minecraft/MinecraftProfileTexture$Type
Event: 43.412 loading class com/mojang/authlib/minecraft/MinecraftProfileTexture$Type done
Event: 43.413 Executing VM operation: RevokeBias
Event: 43.413 Executing VM operation: RevokeBias done
Event: 43.413 Executing VM operation: RevokeBias
Event: 43.413 Executing VM operation: RevokeBias done
Event: 43.451 Thread 0x45fecc00 flushing nmethod 0x01db1588
Event: 43.950 Executing VM operation: CMS_Final_Remark
Event: 43.979 Executing VM operation: CMS_Final_Remark done


Dynamic libraries:
0x00300000 - 0x00333000 	C:\Program Files\Java\jre1.8.0_91\bin\java.exe
0x77970000 - 0x77aeb000 	C:\WINDOWS\SYSTEM32\ntdll.dll
0x75190000 - 0x75226000 	C:\WINDOWS\system32\KERNEL32.DLL
0x74e90000 - 0x7500f000 	C:\WINDOWS\system32\KERNELBASE.dll
0x73340000 - 0x733d2000 	C:\WINDOWS\system32\apphelp.dll
0x76c50000 - 0x76ccb000 	C:\WINDOWS\system32\ADVAPI32.dll
0x77690000 - 0x7774e000 	C:\WINDOWS\system32\msvcrt.dll
0x77370000 - 0x773b4000 	C:\WINDOWS\system32\sechost.dll
0x75350000 - 0x75412000 	C:\WINDOWS\system32\RPCRT4.dll
0x76d30000 - 0x76e68000 	C:\WINDOWS\system32\USER32.dll
0x77530000 - 0x77685000 	C:\WINDOWS\system32\GDI32.dll
0x67dc0000 - 0x67fcf000 	C:\WINDOWS\WinSxS\x86_microsoft.windows.common-controls_6595b64144ccf1df_6.0.10586.0_none_d3c2e4e965da4528\COMCTL32.dll
0x777b0000 - 0x7796d000 	C:\WINDOWS\system32\combase.dll
0x74740000 - 0x74798000 	C:\WINDOWS\system32\bcryptPrimitives.dll
0x774b0000 - 0x774df000 	C:\WINDOWS\system32\IMM32.DLL
0x789f0000 - 0x78aaf000 	C:\Program Files\Java\jre1.8.0_91\bin\msvcr100.dll
0x6c800000 - 0x6cbca000 	C:\Program Files\Java\jre1.8.0_91\bin\client\jvm.dll
0x75490000 - 0x75496000 	C:\WINDOWS\system32\PSAPI.DLL
0x66970000 - 0x66978000 	C:\WINDOWS\SYSTEM32\WSOCK32.dll
0x77450000 - 0x774af000 	C:\WINDOWS\system32\WS2_32.dll
0x73280000 - 0x732a4000 	C:\WINDOWS\SYSTEM32\WINMM.dll
0x6a810000 - 0x6a818000 	C:\WINDOWS\SYSTEM32\VERSION.dll
0x73230000 - 0x73253000 	C:\WINDOWS\SYSTEM32\WINMMBASE.dll
0x75110000 - 0x75147000 	C:\WINDOWS\system32\cfgmgr32.dll
0x54b50000 - 0x54b5c000 	C:\Program Files\Java\jre1.8.0_91\bin\verify.dll
0x6ccf0000 - 0x6cd11000 	C:\Program Files\Java\jre1.8.0_91\bin\java.dll
0x6fe60000 - 0x6fe73000 	C:\Program Files\Java\jre1.8.0_91\bin\zip.dll
0x757b0000 - 0x76bae000 	C:\WINDOWS\system32\SHELL32.dll
0x747a0000 - 0x74c9a000 	C:\WINDOWS\system32\windows.storage.dll
0x774e0000 - 0x77525000 	C:\WINDOWS\system32\shlwapi.dll
0x74730000 - 0x7473c000 	C:\WINDOWS\system32\kernel.appcore.dll
0x773c0000 - 0x7744d000 	C:\WINDOWS\system32\shcore.dll
0x746d0000 - 0x74714000 	C:\WINDOWS\system32\powrprof.dll
0x746c0000 - 0x746cf000 	C:\WINDOWS\system32\profapi.dll
0x03bf0000 - 0x03bf7000 	D:\Program Files\JetBrains\IntelliJ IDEA Community Edition 2016.1\bin\breakgen.dll
0x6fd90000 - 0x6fda6000 	C:\Program Files\Java\jre1.8.0_91\bin\net.dll
0x740d0000 - 0x74120000 	C:\WINDOWS\system32\mswsock.dll
0x6f750000 - 0x6f75a000 	C:\Program Files\Java\jre1.8.0_91\bin\management.dll
0x6f9b0000 - 0x6f9bf000 	C:\Program Files\Java\jre1.8.0_91\bin\nio.dll
0x644c0000 - 0x644d2000 	C:\WINDOWS\system32\napinsp.dll
0x64480000 - 0x64496000 	C:\WINDOWS\system32\pnrpnsp.dll
0x725b0000 - 0x725c4000 	C:\WINDOWS\system32\NLAapi.dll
0x66450000 - 0x6645b000 	C:\WINDOWS\System32\winrnr.dll
0x734a0000 - 0x73524000 	C:\WINDOWS\SYSTEM32\DNSAPI.dll
0x76bb0000 - 0x76bb7000 	C:\WINDOWS\system32\NSI.dll
0x6a230000 - 0x6a251000 	C:\Program Files\Bonjour\mdnsNSP.dll
0x6e9d0000 - 0x6e9ff000 	C:\WINDOWS\SYSTEM32\Iphlpapi.DLL
0x6a220000 - 0x6a228000 	C:\Windows\System32\rasadhlp.dll
0x6c370000 - 0x6c3b7000 	C:\WINDOWS\System32\fwpuclnt.dll
0x74620000 - 0x7463d000 	C:\WINDOWS\SYSTEM32\bcrypt.dll
0x46d30000 - 0x46d7d000 	C:\Users\Administrator\.gradle\caches\minecraft\net\minecraft\minecraft_natives\1.7.10\lwjgl.dll
0x51aa0000 - 0x51b80000 	C:\WINDOWS\SYSTEM32\OPENGL32.dll
0x51a40000 - 0x51a65000 	C:\WINDOWS\SYSTEM32\GLU32.dll
0x51950000 - 0x51a3e000 	C:\WINDOWS\SYSTEM32\DDRAW.dll
0x518e0000 - 0x518e7000 	C:\WINDOWS\SYSTEM32\DCIMAN32.dll
0x741b0000 - 0x741c3000 	C:\WINDOWS\SYSTEM32\CRYPTSP.dll
0x73e10000 - 0x73e3f000 	C:\WINDOWS\system32\rsaenh.dll
0x73f90000 - 0x73fa9000 	C:\WINDOWS\SYSTEM32\USERENV.dll
0x742a0000 - 0x742aa000 	C:\WINDOWS\SYSTEM32\CRYPTBASE.dll
0x6bdf0000 - 0x6be03000 	C:\WINDOWS\SYSTEM32\dhcpcsvc6.DLL
0x6bdd0000 - 0x6bde4000 	C:\WINDOWS\SYSTEM32\dhcpcsvc.DLL
0x47ac0000 - 0x47c05000 	C:\Program Files\Java\jre1.8.0_91\bin\awt.dll
0x755a0000 - 0x75632000 	C:\WINDOWS\system32\OLEAUT32.dll
0x73420000 - 0x73499000 	C:\WINDOWS\system32\uxtheme.dll
0x75230000 - 0x7534f000 	C:\WINDOWS\system32\MSCTF.dll
0x72bc0000 - 0x72bdd000 	C:\WINDOWS\system32\dwmapi.dll
0x480d0000 - 0x4891e000 	C:\WINDOWS\SYSTEM32\ig75icd32.dll
0x70e80000 - 0x71731000 	C:\WINDOWS\SYSTEM32\igdusc32.dll
0x73080000 - 0x7308f000 	C:\WINDOWS\SYSTEM32\WTSAPI32.dll
0x5b400000 - 0x5b47f000 	C:\WINDOWS\SYSTEM32\mscms.dll
0x63b10000 - 0x63b4c000 	C:\WINDOWS\SYSTEM32\icm32.dll
0x70a40000 - 0x70a7a000 	C:\Users\Administrator\.gradle\caches\minecraft\net\minecraft\minecraft_natives\1.7.10\avutil-ttv-51.dll
0x65980000 - 0x6599d000 	C:\Users\Administrator\.gradle\caches\minecraft\net\minecraft\minecraft_natives\1.7.10\swresample-ttv-0.dll
0x6eb80000 - 0x6ec09000 	C:\Users\Administrator\.gradle\caches\minecraft\net\minecraft\minecraft_natives\1.7.10\libmp3lame-ttv.dll
0x4d240000 - 0x4e1c0000 	C:\Users\Administrator\.gradle\caches\minecraft\net\minecraft\minecraft_natives\1.7.10\libmfxsw32.dll
0x4e2c0000 - 0x4e3c3000 	C:\Users\Administrator\.gradle\caches\minecraft\net\minecraft\minecraft_natives\1.7.10\twitchsdk.dll
0x77280000 - 0x7736b000 	C:\WINDOWS\system32\ole32.dll
0x67b90000 - 0x67db8000 	C:\WINDOWS\SYSTEM32\WININET.dll
0x5ad30000 - 0x5ad95000 	C:\Users\Administrator\.gradle\caches\minecraft\net\minecraft\minecraft_natives\1.7.10\OpenAL32.dll
0x76bc0000 - 0x76c44000 	C:\WINDOWS\system32\clbcatq.dll
0x518f0000 - 0x51945000 	C:\WINDOWS\System32\MMDevApi.dll
0x733f0000 - 0x73412000 	C:\WINDOWS\System32\DEVOBJ.dll
0x73090000 - 0x731db000 	C:\WINDOWS\System32\PROPSYS.dll
0x5adf0000 - 0x5ae76000 	C:\WINDOWS\SYSTEM32\dsound.dll
0x77e20000 - 0x77e88000 	C:\WINDOWS\SYSTEM32\AUDIOSES.DLL
0x6e430000 - 0x6e4f8000 	C:\WINDOWS\SYSTEM32\wintypes.dll
0x6f5a0000 - 0x6f5c0000 	C:\Program Files\Java\jre1.8.0_91\bin\sunec.dll
0x64380000 - 0x6443c000 	C:\WINDOWS\system32\msctfuimanager.dll
0x654b0000 - 0x65617000 	C:\WINDOWS\system32\DUI70.dll
0x77da0000 - 0x77e1b000 	C:\WINDOWS\system32\DUser.dll
0x657c0000 - 0x658dc000 	C:\WINDOWS\SYSTEM32\UIAutomationCore.dll
0x74590000 - 0x74611000 	C:\WINDOWS\SYSTEM32\sxs.dll
0x72750000 - 0x7278f000 	C:\WINDOWS\System32\UIAnimation.dll
0x661a0000 - 0x661f4000 	C:\Windows\System32\oleacc.dll
0x6ba60000 - 0x6bc51000 	C:\WINDOWS\system32\dwrite.dll
0x729a0000 - 0x72bba000 	C:\WINDOWS\system32\d3d11.dll
0x72910000 - 0x72993000 	C:\WINDOWS\system32\dxgi.dll
0x66460000 - 0x66678000 	C:\WINDOWS\SYSTEM32\D3D10Warp.dll
0x72d40000 - 0x72df4000 	C:\WINDOWS\SYSTEM32\dcomp.dll
0x662f0000 - 0x66360000 	C:\WINDOWS\system32\directmanipulation.dll
0x67990000 - 0x67acf000 	C:\WINDOWS\SYSTEM32\dbghelp.dll

VM Arguments:
jvm_args: -Xincgc -Xmx1024M -Xms1024M -Didea.launcher.port=7532 -Didea.launcher.bin.path=D:\Program Files\JetBrains\IntelliJ IDEA Community Edition 2016.1\bin -Dfile.encoding=UTF-8 
java_command: com.intellij.rt.execution.application.AppMain GradleStart
java_class_path (initial): C:\Program Files\Java\jre1.8.0_91\lib\charsets.jar;C:\Program Files\Java\jre1.8.0_91\lib\deploy.jar;C:\Program Files\Java\jre1.8.0_91\lib\ext\access-bridge.jar;C:\Program Files\Java\jre1.8.0_91\lib\ext\cldrdata.jar;C:\Program Files\Java\jre1.8.0_91\lib\ext\dnsns.jar;C:\Program Files\Java\jre1.8.0_91\lib\ext\jaccess.jar;C:\Program Files\Java\jre1.8.0_91\lib\ext\jfxrt.jar;C:\Program Files\Java\jre1.8.0_91\lib\ext\localedata.jar;C:\Program Files\Java\jre1.8.0_91\lib\ext\nashorn.jar;C:\Program Files\Java\jre1.8.0_91\lib\ext\sunec.jar;C:\Program Files\Java\jre1.8.0_91\lib\ext\sunjce_provider.jar;C:\Program Files\Java\jre1.8.0_91\lib\ext\sunmscapi.jar;C:\Program Files\Java\jre1.8.0_91\lib\ext\sunpkcs11.jar;C:\Program Files\Java\jre1.8.0_91\lib\ext\zipfs.jar;C:\Program Files\Java\jre1.8.0_91\lib\javaws.jar;C:\Program Files\Java\jre1.8.0_91\lib\jce.jar;C:\Program Files\Java\jre1.8.0_91\lib\jfr.jar;C:\Program Files\Java\jre1.8.0_91\lib\jfxswt.jar;C:\Program Files\Java\jre1.8.0_91\lib\jsse.jar;C:\Program Files\Java\jre1.8.0_91\lib\management-agent.jar;C:\Program Files\Java\jre1.8.0_91\lib\plugin.jar;C:\Program Files\Java\jre1.8.0_91\lib\resources.jar;C:\Program Files\Java\jre1.8.0_91\lib\rt.jar;F:\Games\GameSomething\Minecraft\1.7.10 modsDevelop\MoreToolsMod\out\production\MoreTools Project;C:\Users\Administrator\.gradle\caches\minecraft\net\minecraftforge\forge\1.7.10-10.13.4.1558-1.7.10\forgeSrc-1.7.10-10.13.4.1558-1.7.10.jar;C:\Users\Administrator\.gradle\caches\modules-2\files-2.1\net.minecraft\launchwrapper\1.12\111e7bea9c968cdb3d06ef4632bf7ff0824d0f36\launchwrapper-1.12.jar;C:\Users\Administrator\.gradle\caches\modules-2\files-2.1\com.google.code.findbugs\jsr305\1.3.9\40719ea6961c0cb6afaeb6a921eaa1f6afd4cfdf\jsr305-1.3.9.jar;C:\Users\Administrator\.gradle\caches\modules-2\files-2.1\org.ow2.asm\asm-debug-all\5.0.3\f9e364ae2a66ce2a543012a4668856e84e5dab74\asm-debug-all-5.0.3.jar;C:\Users\Administrator\.gradle\caches\modules-2\files-2.1\com.typ
Launcher Type: SUN_STANDARD

Environment Variables:
JAVA_HOME=C:\Program Files\Java\jdk1.8.0_77
CLASSPATH=.;C:\Program Files\Java\jdk1.8.0_77\lib;C:\Program Files\Java\jdk1.8.0_77\lib\tools.jar
PATH=C:\ProgramData\Oracle\Java\javapath;C:\WINDOWS\system32;C:\WINDOWS;C:\WINDOWS\System32\Wbem;C:\WINDOWS\System32\WindowsPowerShell\v1.0\;C:\WINDOWS\system32\config\systemprofile\.dnx\bin;C:\Program Files\Microsoft DNX\Dnvm\;C:\Program Files\Windows Kits\8.1\Windows Performance Toolkit\;D:\Program Files\Git\bin;C:\Users\Administrator\.gradle\bin;C:\Program Files\Java\jdk1.8.0_77\bin
USERNAME=Administrator
OS=Windows_NT
PROCESSOR_IDENTIFIER=x86 Family 6 Model 60 Stepping 3, GenuineIntel



---------------  S Y S T E M  ---------------

OS: Windows 10.0 Build 10586 (10.0.10586.0)

CPU:total 2 (2 cores per cpu, 1 threads per core) family 6 model 60 stepping 3, cmov, cx8, fxsr, mmx, sse, sse2, sse3, ssse3, sse4.1, sse4.2, popcnt, clmul, erms, lzcnt, tsc, tscinvbit

Memory: 4k page, physical 3589964k(492032k free), swap 7427448k(1047880k free)

vm_info: Java HotSpot(TM) Client VM (25.91-b14) for windows-x86 JRE (1.8.0_91-b14), built on Apr  1 2016 01:01:28 by "java_re" with MS VC++ 10.0 (VS2010)

time: Sat Apr 23 08:53:24 2016
elapsed time: 44 seconds (0d 0h 0m 44s)

