#
# A fatal error has been detected by the Java Runtime Environment:
#
#  EXCEPTION_ACCESS_VIOLATION (0xc0000005) at pc=0x481fe84a, pid=6204, tid=5188
#
# JRE version: Java(TM) SE Runtime Environment (8.0_77-b03) (build 1.8.0_77-b03)
# Java VM: Java HotSpot(TM) Client VM (25.77-b03 mixed mode windows-x86 )
# Problematic frame:
# C  [ig75icd32.dll+0xe84a]
#
# Failed to write core dump. Minidumps are not enabled by default on client versions of Windows
#
# If you would like to submit a bug report, please visit:
#   http://bugreport.java.com/bugreport/crash.jsp
# The crash happened outside the Java Virtual Machine in native code.
# See problematic frame for where to report the bug.
#

---------------  T H R E A D  ---------------

Current thread (0x008d3800):  JavaThread "Client thread" [_thread_in_native, id=5188, stack(0x00560000,0x005b0000)]

siginfo: ExceptionCode=0xc0000005, writing address 0x00000000

Registers:
EAX=0x00000000, EBX=0x00677640, ECX=0x00000010, EDX=0x0068db30
ESP=0x005ae918, EBP=0x005ae918, ESI=0x0068cf1c, EDI=0x00000016
EIP=0x481fe84a, EFLAGS=0x00010293

Top of Stack: (sp=0x005ae918)
0x005ae918:   005ae934 4829f196 00000010 00677640
0x005ae928:   00677640 0000002d 00000000 005ae950
0x005ae938:   4829fea4 00677640 48549431 7ea263fc
0x005ae948:   005ae978 00000000 005ae978 4879b8da
0x005ae958:   00677640 7ea26180 485e9c0a 008d3800
0x005ae968:   47f9ebe0 47f9ebe0 7ebcc008 7ebcc0ec
0x005ae978:   005ae9d8 47818643 00000039 00001405
0x005ae988:   5e856080 01b4c0c3 008d3940 005ae9e0 

Instructions: (pc=0x481fe84a)
0x481fe82a:   42 dc 89 41 dc 8b 42 e0 89 41 e0 8b 42 e4 89 41
0x481fe83a:   e4 8b 42 e8 89 41 e8 8b 42 ec 89 41 ec 8b 42 f0
0x481fe84a:   89 41 f0 8b 42 f4 89 41 f4 8b 42 f8 89 41 f8 8b
0x481fe85a:   42 fc 89 41 fc 8b 45 08 a8 01 74 0a 8a 02 88 01 


Register to memory mapping:

EAX=0x00000000 is an unknown value
EBX=0x00677640 is an unknown value
ECX=0x00000010 is an unknown value
EDX=0x0068db30 is an unknown value
ESP=0x005ae918 is pointing into the stack for thread: 0x008d3800
EBP=0x005ae918 is pointing into the stack for thread: 0x008d3800
ESI=0x0068cf1c is an unknown value
EDI=0x00000016 is an unknown value


Stack: [0x00560000,0x005b0000],  sp=0x005ae918,  free space=314k
Native frames: (J=compiled Java code, j=interpreted, Vv=VM code, C=native code)
C  [ig75icd32.dll+0xe84a]
C  [ig75icd32.dll+0xaf196]
C  [ig75icd32.dll+0xafea4]
C  [ig75icd32.dll+0x5ab8da]
C  [lwjgl.dll+0x8643]
j  org.lwjgl.opengl.GL11.glCallLists(Ljava/nio/IntBuffer;)V+29
j  net.minecraft.client.renderer.RenderList.callLists()V+80
j  net.minecraft.client.renderer.RenderGlobal.renderAllRenderLists(ID)V+31
J 3007 C1 net.minecraft.client.renderer.RenderGlobal.renderSortedRenderers(IIID)I (589 bytes) @ 0x020eba1c [0x020eb400+0x61c]
J 3313 C1 net.minecraft.client.renderer.RenderGlobal.sortAndRender(Lnet/minecraft/entity/EntityLivingBase;ID)I (1189 bytes) @ 0x02192fb0 [0x021915b0+0x1a00]
j  net.minecraft.client.renderer.EntityRenderer.renderWorld(FJ)V+639
j  net.minecraft.client.renderer.EntityRenderer.updateCameraAndRender(F)V+498
j  net.minecraft.client.Minecraft.runGameLoop()V+324
j  net.minecraft.client.Minecraft.run()V+61
j  net.minecraft.client.main.Main.main([Ljava/lang/String;)V+998
v  ~StubRoutines::call_stub
V  [jvm.dll+0x158f95]
V  [jvm.dll+0x21e54e]
V  [jvm.dll+0x15902e]
V  [jvm.dll+0x165708]
V  [jvm.dll+0x165973]
V  [jvm.dll+0x1026e3]
C  [java.dll+0x3b26]
j  sun.reflect.NativeMethodAccessorImpl.invoke(Ljava/lang/Object;[Ljava/lang/Object;)Ljava/lang/Object;+100
j  sun.reflect.DelegatingMethodAccessorImpl.invoke(Ljava/lang/Object;[Ljava/lang/Object;)Ljava/lang/Object;+6
j  java.lang.reflect.Method.invoke(Ljava/lang/Object;[Ljava/lang/Object;)Ljava/lang/Object;+56
j  net.minecraft.launchwrapper.Launch.launch([Ljava/lang/String;)V+661
j  net.minecraft.launchwrapper.Launch.main([Ljava/lang/String;)V+8
j  net.minecraftforge.gradle.GradleStartCommon.launch([Ljava/lang/String;)V+181
j  GradleStart.main([Ljava/lang/String;)V+11
v  ~StubRoutines::call_stub
V  [jvm.dll+0x158f95]
V  [jvm.dll+0x21e54e]
V  [jvm.dll+0x15902e]
V  [jvm.dll+0x165708]
V  [jvm.dll+0x165973]
V  [jvm.dll+0x1026e3]
C  [java.dll+0x3b26]
j  sun.reflect.NativeMethodAccessorImpl.invoke(Ljava/lang/Object;[Ljava/lang/Object;)Ljava/lang/Object;+100
j  sun.reflect.DelegatingMethodAccessorImpl.invoke(Ljava/lang/Object;[Ljava/lang/Object;)Ljava/lang/Object;+6
j  java.lang.reflect.Method.invoke(Ljava/lang/Object;[Ljava/lang/Object;)Ljava/lang/Object;+56
j  com.intellij.rt.execution.application.AppMain.main([Ljava/lang/String;)V+180
v  ~StubRoutines::call_stub
V  [jvm.dll+0x158f95]
V  [jvm.dll+0x21e54e]
V  [jvm.dll+0x15902e]
V  [jvm.dll+0xdb007]
V  [jvm.dll+0xe359f]
C  [java.exe+0x228d]
C  [java.exe+0xae9f]
C  [java.exe+0xaf29]
C  [KERNEL32.DLL+0x195f4]
C  [ntdll.dll+0x2241a]
C  [ntdll.dll+0x223e9]
C  0x00000000

Java frames: (J=compiled Java code, j=interpreted, Vv=VM code)
j  org.lwjgl.opengl.GL11.nglCallLists(IIJJ)V+0
j  org.lwjgl.opengl.GL11.glCallLists(Ljava/nio/IntBuffer;)V+29
j  net.minecraft.client.renderer.RenderList.callLists()V+80
j  net.minecraft.client.renderer.RenderGlobal.renderAllRenderLists(ID)V+31
J 3007 C1 net.minecraft.client.renderer.RenderGlobal.renderSortedRenderers(IIID)I (589 bytes) @ 0x020eba1c [0x020eb400+0x61c]
J 3313 C1 net.minecraft.client.renderer.RenderGlobal.sortAndRender(Lnet/minecraft/entity/EntityLivingBase;ID)I (1189 bytes) @ 0x02192fb0 [0x021915b0+0x1a00]
j  net.minecraft.client.renderer.EntityRenderer.renderWorld(FJ)V+639
j  net.minecraft.client.renderer.EntityRenderer.updateCameraAndRender(F)V+498
j  net.minecraft.client.Minecraft.runGameLoop()V+324
j  net.minecraft.client.Minecraft.run()V+61
j  net.minecraft.client.main.Main.main([Ljava/lang/String;)V+998
v  ~StubRoutines::call_stub
j  sun.reflect.NativeMethodAccessorImpl.invoke0(Ljava/lang/reflect/Method;Ljava/lang/Object;[Ljava/lang/Object;)Ljava/lang/Object;+0
j  sun.reflect.NativeMethodAccessorImpl.invoke(Ljava/lang/Object;[Ljava/lang/Object;)Ljava/lang/Object;+100
j  sun.reflect.DelegatingMethodAccessorImpl.invoke(Ljava/lang/Object;[Ljava/lang/Object;)Ljava/lang/Object;+6
j  java.lang.reflect.Method.invoke(Ljava/lang/Object;[Ljava/lang/Object;)Ljava/lang/Object;+56
j  net.minecraft.launchwrapper.Launch.launch([Ljava/lang/String;)V+661
j  net.minecraft.launchwrapper.Launch.main([Ljava/lang/String;)V+8
j  net.minecraftforge.gradle.GradleStartCommon.launch([Ljava/lang/String;)V+181
j  GradleStart.main([Ljava/lang/String;)V+11
v  ~StubRoutines::call_stub
j  sun.reflect.NativeMethodAccessorImpl.invoke0(Ljava/lang/reflect/Method;Ljava/lang/Object;[Ljava/lang/Object;)Ljava/lang/Object;+0
j  sun.reflect.NativeMethodAccessorImpl.invoke(Ljava/lang/Object;[Ljava/lang/Object;)Ljava/lang/Object;+100
j  sun.reflect.DelegatingMethodAccessorImpl.invoke(Ljava/lang/Object;[Ljava/lang/Object;)Ljava/lang/Object;+6
j  java.lang.reflect.Method.invoke(Ljava/lang/Object;[Ljava/lang/Object;)Ljava/lang/Object;+56
j  com.intellij.rt.execution.application.AppMain.main([Ljava/lang/String;)V+180
v  ~StubRoutines::call_stub

---------------  P R O C E S S  ---------------

Java Threads: ( => current thread )
  0x6abafc00 JavaThread "pool-2-thread-1" [_thread_blocked, id=2616, stack(0x55700000,0x55750000)]
  0x6abaf000 JavaThread "Netty IO #1" daemon [_thread_in_native, id=216, stack(0x55560000,0x555b0000)]
  0x6abaec00 JavaThread "Netty Client IO #0" daemon [_thread_in_native, id=3788, stack(0x55410000,0x55460000)]
  0x6abb0800 JavaThread "Netty IO #0" daemon [_thread_in_native, id=15948, stack(0x553c0000,0x55410000)]
  0x6abae400 JavaThread "Server thread" [_thread_blocked, id=7560, stack(0x54f60000,0x54fb0000)]
  0x6abb1c00 JavaThread "Snooper Timer" daemon [_thread_blocked, id=13580, stack(0x518f0000,0x51940000)]
  0x6abb1800 JavaThread "Thread-11" [_thread_blocked, id=14500, stack(0x54c90000,0x54ce0000)]
  0x6abb0400 JavaThread "Thread-10" [_thread_blocked, id=3948, stack(0x54c40000,0x54c90000)]
  0x57dfa800 JavaThread "Keep-Alive-Timer" daemon [_thread_blocked, id=9320, stack(0x54bf0000,0x54c40000)]
  0x4d336800 JavaThread "LWJGL Timer" daemon [_thread_blocked, id=14884, stack(0x516c0000,0x51710000)]
  0x473c5400 JavaThread "Java2D Disposer" daemon [_thread_blocked, id=6940, stack(0x47ef0000,0x47f40000)]
  0x472e4000 JavaThread "Timer hack thread" daemon [_thread_blocked, id=12352, stack(0x478b0000,0x47900000)]
  0x4722c400 JavaThread "Snooper Timer" daemon [_thread_blocked, id=4960, stack(0x47860000,0x478b0000)]
  0x46612000 JavaThread "Monitor Ctrl-Break" daemon [_thread_in_native, id=11744, stack(0x46a30000,0x46a80000)]
  0x46160400 JavaThread "Service Thread" daemon [_thread_blocked, id=15268, stack(0x46390000,0x463e0000)]
  0x4612fc00 JavaThread "C1 CompilerThread0" daemon [_thread_blocked, id=13672, stack(0x46340000,0x46390000)]
  0x4612b000 JavaThread "Attach Listener" daemon [_thread_blocked, id=15156, stack(0x462f0000,0x46340000)]
  0x46129c00 JavaThread "Signal Dispatcher" daemon [_thread_blocked, id=15452, stack(0x462a0000,0x462f0000)]
  0x46129000 JavaThread "Surrogate Locker Thread (Concurrent GC)" daemon [_thread_blocked, id=14888, stack(0x46250000,0x462a0000)]
  0x460eb400 JavaThread "Finalizer" daemon [_thread_blocked, id=12916, stack(0x03b40000,0x03b90000)]
  0x460e6400 JavaThread "Reference Handler" daemon [_thread_blocked, id=13936, stack(0x01770000,0x017c0000)]
=>0x008d3800 JavaThread "Client thread" [_thread_in_native, id=5188, stack(0x00560000,0x005b0000)]

Other Threads:
  0x460d0400 VMThread [stack: 0x01720000,0x01770000] [id=11748]
  0x461aa000 WatcherThread [stack: 0x463e0000,0x46430000] [id=7552]

VM state:not at safepoint (normal execution)

VM Mutex/Monitor currently owned by a thread: None

Heap:
 par new generation   total 118016K, used 82347K [0x03c00000, 0x0bc00000, 0x0bc00000)
  eden space 104960K,  71% used [0x03c00000, 0x085642c8, 0x0a280000)
  from space 13056K,  55% used [0x0a280000, 0x0a986c98, 0x0af40000)
  to   space 13056K,   0% used [0x0af40000, 0x0af40000, 0x0bc00000)
 concurrent mark-sweep generation total 917504K, used 77586K [0x0bc00000, 0x43c00000, 0x43c00000)
 Metaspace       used 22859K, capacity 23074K, committed 23168K, reserved 23936K

Card table byte_map: [0x43c00000,0x43e10000] byte_map_base: 0x43be2000

Marking Bits: (CMSBitMap*) 0x009169d0
 Bits: [0x43fe0000, 0x45be0000)

Mod Union Table: (CMSBitMap*) 0x00916a30
 Bits: [0x00880000, 0x008b8000)

Polling page: 0x005b0000

CodeCache: size=32768Kb used=6563Kb max_used=6563Kb free=26204Kb
 bounds [0x01b40000, 0x021b0000, 0x03b40000]
 total_blobs=3664 nmethods=3270 adapters=322
 compilation: enabled

Compilation events (10 events):
Event: 27.799 Thread 0x4612fc00 3329             net.minecraft.client.resources.data.AnimationFrame::getFrameIndex (5 bytes)
Event: 27.799 Thread 0x4612fc00 nmethod 3329 0x021a5b08 code [0x021a5c00, 0x021a5c80]
Event: 27.815 Thread 0x4612fc00 3330             net.minecraft.world.chunk.Chunk::getAreLevelsEmpty (57 bytes)
Event: 27.815 Thread 0x4612fc00 nmethod 3330 0x021a5cc8 code [0x021a5dd0, 0x021a5ee0]
Event: 27.882 Thread 0x4612fc00 3331             net.minecraft.pathfinding.PathEntity::getVectorFromIndex (70 bytes)
Event: 27.882 Thread 0x4612fc00 nmethod 3331 0x021a6008 code [0x021a6130, 0x021a62ac]
Event: 27.883 Thread 0x4612fc00 3332             net.minecraft.entity.player.InventoryPlayer::getSizeInventory (8 bytes)
Event: 27.883 Thread 0x4612fc00 nmethod 3332 0x021a6488 code [0x021a6580, 0x021a6610]
Event: 27.934 Thread 0x4612fc00 3334   !         net.minecraft.entity.player.EntityPlayerMP::onUpdateEntity (402 bytes)
Event: 27.940 Thread 0x4612fc00 nmethod 3334 0x021a6908 code [0x021a6c30, 0x021a786c]

GC Heap History (10 events):
Event: 24.591 GC heap before
{Heap before GC invocations=29 (full 9):
 par new generation   total 118016K, used 104960K [0x03c00000, 0x0bc00000, 0x0bc00000)
  eden space 104960K, 100% used [0x03c00000, 0x0a280000, 0x0a280000)
  from space 13056K,   0% used [0x0a280000, 0x0a280000, 0x0af40000)
  to   space 13056K,   0% used [0x0af40000, 0x0af40000, 0x0bc00000)
 concurrent mark-sweep generation total 917504K, used 60766K [0x0bc00000, 0x43c00000, 0x43c00000)
 Metaspace       used 20004K, capacity 20242K, committed 20352K, reserved 20864K
Event: 24.597 GC heap after
Heap after GC invocations=30 (full 9):
 par new generation   total 118016K, used 5084K [0x03c00000, 0x0bc00000, 0x0bc00000)
  eden space 104960K,   0% used [0x03c00000, 0x03c00000, 0x0a280000)
  from space 13056K,  38% used [0x0af40000, 0x0b437110, 0x0bc00000)
  to   space 13056K,   0% used [0x0a280000, 0x0a280000, 0x0af40000)
 concurrent mark-sweep generation total 917504K, used 60766K [0x0bc00000, 0x43c00000, 0x43c00000)
 Metaspace       used 20004K, capacity 20242K, committed 20352K, reserved 20864K
}
Event: 25.392 GC heap before
{Heap before GC invocations=30 (full 10):
 par new generation   total 118016K, used 110044K [0x03c00000, 0x0bc00000, 0x0bc00000)
  eden space 104960K, 100% used [0x03c00000, 0x0a280000, 0x0a280000)
  from space 13056K,  38% used [0x0af40000, 0x0b437110, 0x0bc00000)
  to   space 13056K,   0% used [0x0a280000, 0x0a280000, 0x0af40000)
 concurrent mark-sweep generation total 917504K, used 60766K [0x0bc00000, 0x43c00000, 0x43c00000)
 Metaspace       used 20844K, capacity 21057K, committed 21248K, reserved 21888K
Event: 25.407 GC heap after
Heap after GC invocations=31 (full 10):
 par new generation   total 118016K, used 13056K [0x03c00000, 0x0bc00000, 0x0bc00000)
  eden space 104960K,   0% used [0x03c00000, 0x03c00000, 0x0a280000)
  from space 13056K, 100% used [0x0a280000, 0x0af40000, 0x0af40000)
  to   space 13056K,   0% used [0x0af40000, 0x0af40000, 0x0bc00000)
 concurrent mark-sweep generation total 917504K, used 63225K [0x0bc00000, 0x43c00000, 0x43c00000)
 Metaspace       used 20844K, capacity 21057K, committed 21248K, reserved 21888K
}
Event: 25.727 GC heap before
{Heap before GC invocations=31 (full 10):
 par new generation   total 118016K, used 78508K [0x03c00000, 0x0bc00000, 0x0bc00000)
  eden space 104960K,  62% used [0x03c00000, 0x07beb0e0, 0x0a280000)
  from space 13056K, 100% used [0x0a280000, 0x0af40000, 0x0af40000)
  to   space 13056K,   0% used [0x0af40000, 0x0af40000, 0x0bc00000)
 concurrent mark-sweep generation total 917504K, used 62950K [0x0bc00000, 0x43c00000, 0x43c00000)
 Metaspace       used 21500K, capacity 21700K, committed 21888K, reserved 21888K
Event: 25.876 GC heap after
Heap after GC invocations=32 (full 11):
 par new generation   total 118016K, used 0K [0x03c00000, 0x0bc00000, 0x0bc00000)
  eden space 104960K,   0% used [0x03c00000, 0x03c00000, 0x0a280000)
  from space 13056K,   0% used [0x0a280000, 0x0a280000, 0x0af40000)
  to   space 13056K,   0% used [0x0af40000, 0x0af40000, 0x0bc00000)
 concurrent mark-sweep generation total 917504K, used 77586K [0x0bc00000, 0x43c00000, 0x43c00000)
 Metaspace       used 21500K, capacity 21700K, committed 21888K, reserved 21888K
}
Event: 26.114 GC heap before
{Heap before GC invocations=32 (full 11):
 par new generation   total 118016K, used 96359K [0x03c00000, 0x0bc00000, 0x0bc00000)
  eden space 104960K,  91% used [0x03c00000, 0x09a19cd8, 0x0a280000)
  from space 13056K,   0% used [0x0a280000, 0x0a280000, 0x0af40000)
  to   space 13056K,   0% used [0x0af40000, 0x0af40000, 0x0bc00000)
 concurrent mark-sweep generation total 917504K, used 77586K [0x0bc00000, 0x43c00000, 0x43c00000)
 Metaspace       used 21942K, capacity 22168K, committed 22272K, reserved 22912K
Event: 26.120 GC heap after
Heap after GC invocations=33 (full 11):
 par new generation   total 118016K, used 10576K [0x03c00000, 0x0bc00000, 0x0bc00000)
  eden space 104960K,   0% used [0x03c00000, 0x03c00000, 0x0a280000)
  from space 13056K,  81% used [0x0af40000, 0x0b9941e8, 0x0bc00000)
  to   space 13056K,   0% used [0x0a280000, 0x0a280000, 0x0af40000)
 concurrent mark-sweep generation total 917504K, used 77586K [0x0bc00000, 0x43c00000, 0x43c00000)
 Metaspace       used 21942K, capacity 22168K, committed 22272K, reserved 22912K
}
Event: 27.058 GC heap before
{Heap before GC invocations=33 (full 12):
 par new generation   total 118016K, used 107021K [0x03c00000, 0x0bc00000, 0x0bc00000)
  eden space 104960K,  91% used [0x03c00000, 0x09a2f3d0, 0x0a280000)
  from space 13056K,  81% used [0x0af40000, 0x0b9941e8, 0x0bc00000)
  to   space 13056K,   0% used [0x0a280000, 0x0a280000, 0x0af40000)
 concurrent mark-sweep generation total 917504K, used 77586K [0x0bc00000, 0x43c00000, 0x43c00000)
 Metaspace       used 22582K, capacity 22783K, committed 22912K, reserved 22912K
Event: 27.068 GC heap after
Heap after GC invocations=34 (full 12):
 par new generation   total 118016K, used 7195K [0x03c00000, 0x0bc00000, 0x0bc00000)
  eden space 104960K,   0% used [0x03c00000, 0x03c00000, 0x0a280000)
  from space 13056K,  55% used [0x0a280000, 0x0a986c98, 0x0af40000)
  to   space 13056K,   0% used [0x0af40000, 0x0af40000, 0x0bc00000)
 concurrent mark-sweep generation total 917504K, used 77586K [0x0bc00000, 0x43c00000, 0x43c00000)
 Metaspace       used 22582K, capacity 22783K, committed 22912K, reserved 22912K
}

Deoptimization events (0 events):
No events

Internal exceptions (10 events):
Event: 27.847 Thread 0x6abb0400 Exception <a 'java/lang/InterruptedException': sleep interrupted> (0x05d738f0) thrown at [C:\workspace\8-2-build-windows-i586-cygwin\jdk8u77\6540\hotspot\src\share\vm\prims\jvm.cpp, line 3215]
Event: 27.847 Thread 0x6abb0400 Exception <a 'java/lang/InterruptedException': sleep interrupted> (0x05d73b70) thrown at [C:\workspace\8-2-build-windows-i586-cygwin\jdk8u77\6540\hotspot\src\share\vm\prims\jvm.cpp, line 3167]
Event: 27.866 Thread 0x6abb0400 Exception <a 'java/lang/InterruptedException': sleep interrupted> (0x05d73db0) thrown at [C:\workspace\8-2-build-windows-i586-cygwin\jdk8u77\6540\hotspot\src\share\vm\prims\jvm.cpp, line 3215]
Event: 27.884 Thread 0x6abb0400 Exception <a 'java/lang/InterruptedException': sleep interrupted> (0x05d74030) thrown at [C:\workspace\8-2-build-windows-i586-cygwin\jdk8u77\6540\hotspot\src\share\vm\prims\jvm.cpp, line 3215]
Event: 27.884 Thread 0x6abb0400 Exception <a 'java/lang/InterruptedException': sleep interrupted> (0x05d74290) thrown at [C:\workspace\8-2-build-windows-i586-cygwin\jdk8u77\6540\hotspot\src\share\vm\prims\jvm.cpp, line 3215]
Event: 27.897 Thread 0x6abb0400 Exception <a 'java/lang/InterruptedException': sleep interrupted> (0x05d744f0) thrown at [C:\workspace\8-2-build-windows-i586-cygwin\jdk8u77\6540\hotspot\src\share\vm\prims\jvm.cpp, line 3215]
Event: 27.917 Thread 0x6abb0400 Exception <a 'java/lang/InterruptedException': sleep interrupted> (0x05d74770) thrown at [C:\workspace\8-2-build-windows-i586-cygwin\jdk8u77\6540\hotspot\src\share\vm\prims\jvm.cpp, line 3215]
Event: 27.917 Thread 0x6abb0400 Exception <a 'java/lang/InterruptedException': sleep interrupted> (0x08100a70) thrown at [C:\workspace\8-2-build-windows-i586-cygwin\jdk8u77\6540\hotspot\src\share\vm\prims\jvm.cpp, line 3215]
Event: 27.945 Thread 0x6abb0400 Exception <a 'java/lang/InterruptedException': sleep interrupted> (0x08100cd0) thrown at [C:\workspace\8-2-build-windows-i586-cygwin\jdk8u77\6540\hotspot\src\share\vm\prims\jvm.cpp, line 3215]
Event: 27.953 Thread 0x6abb0400 Exception <a 'java/lang/InterruptedException': sleep interrupted> (0x08100f50) thrown at [C:\workspace\8-2-build-windows-i586-cygwin\jdk8u77\6540\hotspot\src\share\vm\prims\jvm.cpp, line 3215]

Events (10 events):
Event: 27.789 loading class org/apache/commons/lang3/JavaVersion
Event: 27.789 loading class org/apache/commons/lang3/JavaVersion done
Event: 27.791 loading class net/minecraft/client/resources/SkinManager$3$1
Event: 27.791 loading class net/minecraft/client/resources/SkinManager$3$1 done
Event: 27.793 loading class com/google/common/util/concurrent/ListenableFutureTask
Event: 27.793 loading class com/google/common/util/concurrent/ListenableFutureTask done
Event: 27.794 loading class com/google/common/util/concurrent/ListenableFutureTask
Event: 27.794 loading class com/google/common/util/concurrent/ListenableFutureTask done
Event: 27.797 loading class com/mojang/authlib/minecraft/MinecraftProfileTexture$Type
Event: 27.797 loading class com/mojang/authlib/minecraft/MinecraftProfileTexture$Type done


Dynamic libraries:
0x009d0000 - 0x00a03000 	C:\Program Files\Java\jdk1.8.0_77\jre\bin\java.exe
0x77970000 - 0x77aeb000 	C:\WINDOWS\SYSTEM32\ntdll.dll
0x75190000 - 0x75226000 	C:\WINDOWS\system32\KERNEL32.DLL
0x74e90000 - 0x7500f000 	C:\WINDOWS\system32\KERNELBASE.dll
0x73340000 - 0x733d2000 	C:\WINDOWS\system32\apphelp.dll
0x76c50000 - 0x76ccb000 	C:\WINDOWS\system32\ADVAPI32.dll
0x77690000 - 0x7774e000 	C:\WINDOWS\system32\msvcrt.dll
0x77370000 - 0x773b4000 	C:\WINDOWS\system32\sechost.dll
0x75350000 - 0x75412000 	C:\WINDOWS\system32\RPCRT4.dll
0x76d30000 - 0x76e68000 	C:\WINDOWS\system32\USER32.dll
0x77530000 - 0x77685000 	C:\WINDOWS\system32\GDI32.dll
0x67dc0000 - 0x67fcf000 	C:\WINDOWS\WinSxS\x86_microsoft.windows.common-controls_6595b64144ccf1df_6.0.10586.0_none_d3c2e4e965da4528\COMCTL32.dll
0x777b0000 - 0x7796d000 	C:\WINDOWS\system32\combase.dll
0x74740000 - 0x74798000 	C:\WINDOWS\system32\bcryptPrimitives.dll
0x774b0000 - 0x774df000 	C:\WINDOWS\system32\IMM32.DLL
0x78180000 - 0x7823f000 	C:\Program Files\Java\jdk1.8.0_77\jre\bin\msvcr100.dll
0x6c900000 - 0x6ccc8000 	C:\Program Files\Java\jdk1.8.0_77\jre\bin\client\jvm.dll
0x75490000 - 0x75496000 	C:\WINDOWS\system32\PSAPI.DLL
0x66970000 - 0x66978000 	C:\WINDOWS\SYSTEM32\WSOCK32.dll
0x73280000 - 0x732a4000 	C:\WINDOWS\SYSTEM32\WINMM.dll
0x77450000 - 0x774af000 	C:\WINDOWS\system32\WS2_32.dll
0x6a810000 - 0x6a818000 	C:\WINDOWS\SYSTEM32\VERSION.dll
0x73230000 - 0x73253000 	C:\WINDOWS\SYSTEM32\WINMMBASE.dll
0x75110000 - 0x75147000 	C:\WINDOWS\system32\cfgmgr32.dll
0x65f00000 - 0x65f0c000 	C:\Program Files\Java\jdk1.8.0_77\jre\bin\verify.dll
0x6d0d0000 - 0x6d0f1000 	C:\Program Files\Java\jdk1.8.0_77\jre\bin\java.dll
0x70810000 - 0x70823000 	C:\Program Files\Java\jdk1.8.0_77\jre\bin\zip.dll
0x757b0000 - 0x76bae000 	C:\WINDOWS\system32\SHELL32.dll
0x747a0000 - 0x74c9a000 	C:\WINDOWS\system32\windows.storage.dll
0x774e0000 - 0x77525000 	C:\WINDOWS\system32\shlwapi.dll
0x74730000 - 0x7473c000 	C:\WINDOWS\system32\kernel.appcore.dll
0x773c0000 - 0x7744d000 	C:\WINDOWS\system32\shcore.dll
0x746d0000 - 0x74714000 	C:\WINDOWS\system32\powrprof.dll
0x746c0000 - 0x746cf000 	C:\WINDOWS\system32\profapi.dll
0x017c0000 - 0x017c7000 	D:\Program Files\JetBrains\IntelliJ IDEA Community Edition 2016.1\bin\breakgen.dll
0x684b0000 - 0x684c6000 	C:\Program Files\Java\jdk1.8.0_77\jre\bin\net.dll
0x740d0000 - 0x74120000 	C:\WINDOWS\system32\mswsock.dll
0x66510000 - 0x6651a000 	C:\Program Files\Java\jdk1.8.0_77\jre\bin\management.dll
0x661f0000 - 0x661ff000 	C:\Program Files\Java\jdk1.8.0_77\jre\bin\nio.dll
0x644c0000 - 0x644d2000 	C:\WINDOWS\system32\napinsp.dll
0x64480000 - 0x64496000 	C:\WINDOWS\system32\pnrpnsp.dll
0x725b0000 - 0x725c4000 	C:\WINDOWS\system32\NLAapi.dll
0x66450000 - 0x6645b000 	C:\WINDOWS\System32\winrnr.dll
0x734a0000 - 0x73524000 	C:\WINDOWS\SYSTEM32\DNSAPI.dll
0x76bb0000 - 0x76bb7000 	C:\WINDOWS\system32\NSI.dll
0x6a230000 - 0x6a251000 	C:\Program Files\Bonjour\mdnsNSP.dll
0x6e9d0000 - 0x6e9ff000 	C:\WINDOWS\SYSTEM32\Iphlpapi.DLL
0x6a220000 - 0x6a228000 	C:\Windows\System32\rasadhlp.dll
0x6c370000 - 0x6c3b7000 	C:\WINDOWS\System32\fwpuclnt.dll
0x74620000 - 0x7463d000 	C:\WINDOWS\SYSTEM32\bcrypt.dll
0x47810000 - 0x4785d000 	C:\Users\Administrator\.gradle\caches\minecraft\net\minecraft\minecraft_natives\1.7.10\lwjgl.dll
0x51aa0000 - 0x51b80000 	C:\WINDOWS\SYSTEM32\OPENGL32.dll
0x51a40000 - 0x51a65000 	C:\WINDOWS\SYSTEM32\GLU32.dll
0x51950000 - 0x51a3e000 	C:\WINDOWS\SYSTEM32\DDRAW.dll
0x518e0000 - 0x518e7000 	C:\WINDOWS\SYSTEM32\DCIMAN32.dll
0x741b0000 - 0x741c3000 	C:\WINDOWS\SYSTEM32\CRYPTSP.dll
0x73e10000 - 0x73e3f000 	C:\WINDOWS\system32\rsaenh.dll
0x73f90000 - 0x73fa9000 	C:\WINDOWS\SYSTEM32\USERENV.dll
0x742a0000 - 0x742aa000 	C:\WINDOWS\SYSTEM32\CRYPTBASE.dll
0x6bdf0000 - 0x6be03000 	C:\WINDOWS\SYSTEM32\dhcpcsvc6.DLL
0x6bdd0000 - 0x6bde4000 	C:\WINDOWS\SYSTEM32\dhcpcsvc.DLL
0x47aa0000 - 0x47be5000 	C:\Program Files\Java\jdk1.8.0_77\jre\bin\awt.dll
0x755a0000 - 0x75632000 	C:\WINDOWS\system32\OLEAUT32.dll
0x73420000 - 0x73499000 	C:\WINDOWS\system32\uxtheme.dll
0x75230000 - 0x7534f000 	C:\WINDOWS\system32\MSCTF.dll
0x72bc0000 - 0x72bdd000 	C:\WINDOWS\system32\dwmapi.dll
0x481f0000 - 0x48a3e000 	C:\WINDOWS\SYSTEM32\ig75icd32.dll
0x70e80000 - 0x71731000 	C:\WINDOWS\SYSTEM32\igdusc32.dll
0x73080000 - 0x7308f000 	C:\WINDOWS\SYSTEM32\WTSAPI32.dll
0x5b400000 - 0x5b47f000 	C:\WINDOWS\SYSTEM32\mscms.dll
0x63b10000 - 0x63b4c000 	C:\WINDOWS\SYSTEM32\icm32.dll
0x70a40000 - 0x70a7a000 	C:\Users\Administrator\.gradle\caches\minecraft\net\minecraft\minecraft_natives\1.7.10\avutil-ttv-51.dll
0x65980000 - 0x6599d000 	C:\Users\Administrator\.gradle\caches\minecraft\net\minecraft\minecraft_natives\1.7.10\swresample-ttv-0.dll
0x6eb80000 - 0x6ec09000 	C:\Users\Administrator\.gradle\caches\minecraft\net\minecraft\minecraft_natives\1.7.10\libmp3lame-ttv.dll
0x4e1d0000 - 0x4f150000 	C:\Users\Administrator\.gradle\caches\minecraft\net\minecraft\minecraft_natives\1.7.10\libmfxsw32.dll
0x558d0000 - 0x559d3000 	C:\Users\Administrator\.gradle\caches\minecraft\net\minecraft\minecraft_natives\1.7.10\twitchsdk.dll
0x77280000 - 0x7736b000 	C:\WINDOWS\system32\ole32.dll
0x67b90000 - 0x67db8000 	C:\WINDOWS\SYSTEM32\WININET.dll
0x51810000 - 0x51875000 	C:\Users\Administrator\.gradle\caches\minecraft\net\minecraft\minecraft_natives\1.7.10\OpenAL32.dll
0x76bc0000 - 0x76c44000 	C:\WINDOWS\system32\clbcatq.dll
0x54d70000 - 0x54dc5000 	C:\WINDOWS\System32\MMDevApi.dll
0x733f0000 - 0x73412000 	C:\WINDOWS\System32\DEVOBJ.dll
0x73090000 - 0x731db000 	C:\WINDOWS\System32\PROPSYS.dll
0x54dd0000 - 0x54e56000 	C:\WINDOWS\SYSTEM32\dsound.dll
0x77e20000 - 0x77e88000 	C:\WINDOWS\SYSTEM32\AUDIOSES.DLL
0x6e430000 - 0x6e4f8000 	C:\WINDOWS\SYSTEM32\wintypes.dll
0x65f40000 - 0x65f60000 	C:\Program Files\Java\jdk1.8.0_77\jre\bin\sunec.dll
0x63b50000 - 0x63c8f000 	C:\WINDOWS\SYSTEM32\dbghelp.dll

VM Arguments:
jvm_args: -Xincgc -Xmx1024M -Xms1024M -Didea.launcher.port=7533 -Didea.launcher.bin.path=D:\Program Files\JetBrains\IntelliJ IDEA Community Edition 2016.1\bin -Dfile.encoding=UTF-8 
java_command: com.intellij.rt.execution.application.AppMain GradleStart
java_class_path (initial): C:\Program Files\Java\jdk1.8.0_77\jre\lib\charsets.jar;C:\Program Files\Java\jdk1.8.0_77\jre\lib\deploy.jar;C:\Program Files\Java\jdk1.8.0_77\jre\lib\ext\access-bridge.jar;C:\Program Files\Java\jdk1.8.0_77\jre\lib\ext\cldrdata.jar;C:\Program Files\Java\jdk1.8.0_77\jre\lib\ext\dnsns.jar;C:\Program Files\Java\jdk1.8.0_77\jre\lib\ext\jaccess.jar;C:\Program Files\Java\jdk1.8.0_77\jre\lib\ext\jfxrt.jar;C:\Program Files\Java\jdk1.8.0_77\jre\lib\ext\localedata.jar;C:\Program Files\Java\jdk1.8.0_77\jre\lib\ext\nashorn.jar;C:\Program Files\Java\jdk1.8.0_77\jre\lib\ext\sunec.jar;C:\Program Files\Java\jdk1.8.0_77\jre\lib\ext\sunjce_provider.jar;C:\Program Files\Java\jdk1.8.0_77\jre\lib\ext\sunmscapi.jar;C:\Program Files\Java\jdk1.8.0_77\jre\lib\ext\sunpkcs11.jar;C:\Program Files\Java\jdk1.8.0_77\jre\lib\ext\zipfs.jar;C:\Program Files\Java\jdk1.8.0_77\jre\lib\javaws.jar;C:\Program Files\Java\jdk1.8.0_77\jre\lib\jce.jar;C:\Program Files\Java\jdk1.8.0_77\jre\lib\jfr.jar;C:\Program Files\Java\jdk1.8.0_77\jre\lib\jfxswt.jar;C:\Program Files\Java\jdk1.8.0_77\jre\lib\jsse.jar;C:\Program Files\Java\jdk1.8.0_77\jre\lib\management-agent.jar;C:\Program Files\Java\jdk1.8.0_77\jre\lib\plugin.jar;C:\Program Files\Java\jdk1.8.0_77\jre\lib\resources.jar;C:\Program Files\Java\jdk1.8.0_77\jre\lib\rt.jar;F:\Games\GameSomething\Minecraft\1.7.10 modsDevelop\MoreToolsMod\out\production\MoreTools Project;C:\Users\Administrator\.gradle\caches\minecraft\net\minecraftforge\forge\1.7.10-10.13.4.1558-1.7.10\forgeSrc-1.7.10-10.13.4.1558-1.7.10.jar;C:\Users\Administrator\.gradle\caches\modules-2\files-2.1\net.minecraft\launchwrapper\1.12\111e7bea9c968cdb3d06ef4632bf7ff0824d0f36\launchwrapper-1.12.jar;C:\Users\Administrator\.gradle\caches\modules-2\files-2.1\com.google.code.findbugs\jsr305\1.3.9\40719ea6961c0cb6afaeb6a921eaa1f6afd4cfdf\jsr305-1.3.9.jar;C:\Users\Administrator\.gradle\caches\modules-2\files-2.1\org.ow2.asm\asm-debug-all\5.0.3\f9e364ae2a66ce2a543012a4668856e84e5dab
Launcher Type: SUN_STANDARD

Environment Variables:
JAVA_HOME=C:\Program Files\Java\jdk1.8.0_77
CLASSPATH=.;C:\Program Files\Java\jdk1.8.0_77\lib;C:\Program Files\Java\jdk1.8.0_77\lib\tools.jar
PATH=C:\ProgramData\Oracle\Java\javapath;C:\WINDOWS\system32;C:\WINDOWS;C:\WINDOWS\System32\Wbem;C:\WINDOWS\System32\WindowsPowerShell\v1.0\;C:\WINDOWS\system32\config\systemprofile\.dnx\bin;C:\Program Files\Microsoft DNX\Dnvm\;C:\Program Files\Windows Kits\8.1\Windows Performance Toolkit\;D:\Program Files\Git\bin;C:\Users\Administrator\.gradle\bin;C:\Program Files\Java\jdk1.8.0_77\bin
USERNAME=Administrator
OS=Windows_NT
PROCESSOR_IDENTIFIER=x86 Family 6 Model 60 Stepping 3, GenuineIntel



---------------  S Y S T E M  ---------------

OS: Windows 10.0 Build 10586 (10.0.10586.0)

CPU:total 2 (2 cores per cpu, 1 threads per core) family 6 model 60 stepping 3, cmov, cx8, fxsr, mmx, sse, sse2, sse3, ssse3, sse4.1, sse4.2, popcnt, clmul, erms, lzcnt, tsc, tscinvbit

Memory: 4k page, physical 3589964k(491808k free), swap 7415488k(1052184k free)

vm_info: Java HotSpot(TM) Client VM (25.77-b03) for windows-x86 JRE (1.8.0_77-b03), built on Mar 20 2016 22:00:03 by "java_re" with MS VC++ 10.0 (VS2010)

time: Sat Apr 23 11:55:26 2016
elapsed time: 28 seconds (0d 0h 0m 28s)

