#
# A fatal error has been detected by the Java Runtime Environment:
#
#  EXCEPTION_ACCESS_VIOLATION (0xc0000005) at pc=0x4806e84a, pid=6260, tid=1916
#
# JRE version: Java(TM) SE Runtime Environment (8.0_77-b03) (build 1.8.0_77-b03)
# Java VM: Java HotSpot(TM) Client VM (25.77-b03 mixed mode windows-x86 )
# Problematic frame:
# C  [ig75icd32.dll+0xe84a]
#
# Failed to write core dump. Minidumps are not enabled by default on client versions of Windows
#
# If you would like to submit a bug report, please visit:
#   http://bugreport.java.com/bugreport/crash.jsp
# The crash happened outside the Java Virtual Machine in native code.
# See problematic frame for where to report the bug.
#

---------------  T H R E A D  ---------------

Current thread (0x01883800):  JavaThread "Client thread" [_thread_in_native, id=1916, stack(0x00470000,0x004c0000)]

siginfo: ExceptionCode=0xc0000005, writing address 0x00000000

Registers:
EAX=0x00000000, EBX=0x00669f00, ECX=0x00000010, EDX=0x00680330
ESP=0x004be960, EBP=0x004be960, ESI=0x0067f414, EDI=0x00000010
EIP=0x4806e84a, EFLAGS=0x00010293

Top of Stack: (sp=0x004be960)
0x004be960:   004be97c 4810f196 00000010 00669f00
0x004be970:   00669f00 00000030 00000000 004be998
0x004be980:   4810fea4 00669f00 483b59f4 00669f00
0x004be990:   48473f0c 627220f4 004be9c8 4860cf12
0x004be9a0:   00669f00 627220f8 00669f00 62722068
0x004be9b0:   48459c0a 01883800 47e2ebe0 47e2ebe0
0x004be9c0:   7f12d010 7f12d0e4 004bea28 47838643
0x004be9d0:   00000035 00001405 5dd4e008 0198c0c3 

Instructions: (pc=0x4806e84a)
0x4806e82a:   42 dc 89 41 dc 8b 42 e0 89 41 e0 8b 42 e4 89 41
0x4806e83a:   e4 8b 42 e8 89 41 e8 8b 42 ec 89 41 ec 8b 42 f0
0x4806e84a:   89 41 f0 8b 42 f4 89 41 f4 8b 42 f8 89 41 f8 8b
0x4806e85a:   42 fc 89 41 fc 8b 45 08 a8 01 74 0a 8a 02 88 01 


Register to memory mapping:

EAX=0x00000000 is an unknown value
EBX=0x00669f00 is an unknown value
ECX=0x00000010 is an unknown value
EDX=0x00680330 is an unknown value
ESP=0x004be960 is pointing into the stack for thread: 0x01883800
EBP=0x004be960 is pointing into the stack for thread: 0x01883800
ESI=0x0067f414 is an unknown value
EDI=0x00000010 is an unknown value


Stack: [0x00470000,0x004c0000],  sp=0x004be960,  free space=314k
Native frames: (J=compiled Java code, j=interpreted, Vv=VM code, C=native code)
C  [ig75icd32.dll+0xe84a]
C  [ig75icd32.dll+0xaf196]
C  [ig75icd32.dll+0xafea4]
C  [ig75icd32.dll+0x5acf12]
C  [lwjgl.dll+0x8643]
j  org.lwjgl.opengl.GL11.glCallLists(Ljava/nio/IntBuffer;)V+29
j  net.minecraft.client.renderer.RenderList.callLists()V+80
j  net.minecraft.client.renderer.RenderGlobal.renderAllRenderLists(ID)V+31
J 2995 C1 net.minecraft.client.renderer.RenderGlobal.renderSortedRenderers(IIID)I (589 bytes) @ 0x01f2e2dc [0x01f2dcc0+0x61c]
J 3192 C1 net.minecraft.client.renderer.RenderGlobal.sortAndRender(Lnet/minecraft/entity/EntityLivingBase;ID)I (1189 bytes) @ 0x01fab8f0 [0x01fa9ef0+0x1a00]
j  net.minecraft.client.renderer.EntityRenderer.renderWorld(FJ)V+639
j  net.minecraft.client.renderer.EntityRenderer.updateCameraAndRender(F)V+498
j  net.minecraft.client.Minecraft.runGameLoop()V+324
j  net.minecraft.client.Minecraft.run()V+61
j  net.minecraft.client.main.Main.main([Ljava/lang/String;)V+998
v  ~StubRoutines::call_stub
V  [jvm.dll+0x158f95]
V  [jvm.dll+0x21e54e]
V  [jvm.dll+0x15902e]
V  [jvm.dll+0x165708]
V  [jvm.dll+0x165973]
V  [jvm.dll+0x1026e3]
C  [java.dll+0x3b26]
j  sun.reflect.NativeMethodAccessorImpl.invoke(Ljava/lang/Object;[Ljava/lang/Object;)Ljava/lang/Object;+100
j  sun.reflect.DelegatingMethodAccessorImpl.invoke(Ljava/lang/Object;[Ljava/lang/Object;)Ljava/lang/Object;+6
j  java.lang.reflect.Method.invoke(Ljava/lang/Object;[Ljava/lang/Object;)Ljava/lang/Object;+56
j  net.minecraft.launchwrapper.Launch.launch([Ljava/lang/String;)V+661
j  net.minecraft.launchwrapper.Launch.main([Ljava/lang/String;)V+8
j  net.minecraftforge.gradle.GradleStartCommon.launch([Ljava/lang/String;)V+181
j  GradleStart.main([Ljava/lang/String;)V+11
v  ~StubRoutines::call_stub
V  [jvm.dll+0x158f95]
V  [jvm.dll+0x21e54e]
V  [jvm.dll+0x15902e]
V  [jvm.dll+0x165708]
V  [jvm.dll+0x165973]
V  [jvm.dll+0x1026e3]
C  [java.dll+0x3b26]
j  sun.reflect.NativeMethodAccessorImpl.invoke(Ljava/lang/Object;[Ljava/lang/Object;)Ljava/lang/Object;+100
j  sun.reflect.DelegatingMethodAccessorImpl.invoke(Ljava/lang/Object;[Ljava/lang/Object;)Ljava/lang/Object;+6
j  java.lang.reflect.Method.invoke(Ljava/lang/Object;[Ljava/lang/Object;)Ljava/lang/Object;+56
j  com.intellij.rt.execution.application.AppMain.main([Ljava/lang/String;)V+180
v  ~StubRoutines::call_stub
V  [jvm.dll+0x158f95]
V  [jvm.dll+0x21e54e]
V  [jvm.dll+0x15902e]
V  [jvm.dll+0xdb007]
V  [jvm.dll+0xe359f]
C  [java.exe+0x228d]
C  [java.exe+0xae9f]
C  [java.exe+0xaf29]
C  [KERNEL32.DLL+0x195f4]
C  [ntdll.dll+0x2241a]
C  [ntdll.dll+0x223e9]
C  0x00000000

Java frames: (J=compiled Java code, j=interpreted, Vv=VM code)
j  org.lwjgl.opengl.GL11.nglCallLists(IIJJ)V+0
j  org.lwjgl.opengl.GL11.glCallLists(Ljava/nio/IntBuffer;)V+29
j  net.minecraft.client.renderer.RenderList.callLists()V+80
j  net.minecraft.client.renderer.RenderGlobal.renderAllRenderLists(ID)V+31
J 2995 C1 net.minecraft.client.renderer.RenderGlobal.renderSortedRenderers(IIID)I (589 bytes) @ 0x01f2e2dc [0x01f2dcc0+0x61c]
J 3192 C1 net.minecraft.client.renderer.RenderGlobal.sortAndRender(Lnet/minecraft/entity/EntityLivingBase;ID)I (1189 bytes) @ 0x01fab8f0 [0x01fa9ef0+0x1a00]
j  net.minecraft.client.renderer.EntityRenderer.renderWorld(FJ)V+639
j  net.minecraft.client.renderer.EntityRenderer.updateCameraAndRender(F)V+498
j  net.minecraft.client.Minecraft.runGameLoop()V+324
j  net.minecraft.client.Minecraft.run()V+61
j  net.minecraft.client.main.Main.main([Ljava/lang/String;)V+998
v  ~StubRoutines::call_stub
j  sun.reflect.NativeMethodAccessorImpl.invoke0(Ljava/lang/reflect/Method;Ljava/lang/Object;[Ljava/lang/Object;)Ljava/lang/Object;+0
j  sun.reflect.NativeMethodAccessorImpl.invoke(Ljava/lang/Object;[Ljava/lang/Object;)Ljava/lang/Object;+100
j  sun.reflect.DelegatingMethodAccessorImpl.invoke(Ljava/lang/Object;[Ljava/lang/Object;)Ljava/lang/Object;+6
j  java.lang.reflect.Method.invoke(Ljava/lang/Object;[Ljava/lang/Object;)Ljava/lang/Object;+56
j  net.minecraft.launchwrapper.Launch.launch([Ljava/lang/String;)V+661
j  net.minecraft.launchwrapper.Launch.main([Ljava/lang/String;)V+8
j  net.minecraftforge.gradle.GradleStartCommon.launch([Ljava/lang/String;)V+181
j  GradleStart.main([Ljava/lang/String;)V+11
v  ~StubRoutines::call_stub
j  sun.reflect.NativeMethodAccessorImpl.invoke0(Ljava/lang/reflect/Method;Ljava/lang/Object;[Ljava/lang/Object;)Ljava/lang/Object;+0
j  sun.reflect.NativeMethodAccessorImpl.invoke(Ljava/lang/Object;[Ljava/lang/Object;)Ljava/lang/Object;+100
j  sun.reflect.DelegatingMethodAccessorImpl.invoke(Ljava/lang/Object;[Ljava/lang/Object;)Ljava/lang/Object;+6
j  java.lang.reflect.Method.invoke(Ljava/lang/Object;[Ljava/lang/Object;)Ljava/lang/Object;+56
j  com.intellij.rt.execution.application.AppMain.main([Ljava/lang/String;)V+180
v  ~StubRoutines::call_stub

---------------  P R O C E S S  ---------------

Java Threads: ( => current thread )
  0x7c58e400 JavaThread "Keep-Alive-Timer" daemon [_thread_blocked, id=5780, stack(0x5b240000,0x5b290000)]
  0x46dce400 JavaThread "pool-2-thread-1" [_thread_blocked, id=10112, stack(0x5af50000,0x5afa0000)]
  0x46dcd400 JavaThread "Netty IO #1" daemon [_thread_in_native, id=5516, stack(0x5acb0000,0x5ad00000)]
  0x46dce000 JavaThread "Netty Client IO #0" daemon [_thread_in_native, id=5712, stack(0x55300000,0x55350000)]
  0x46dcd800 JavaThread "Netty IO #0" daemon [_thread_in_native, id=9028, stack(0x50ce0000,0x50d30000)]
  0x46dccc00 JavaThread "Server thread" [_thread_blocked, id=9912, stack(0x50a20000,0x50a70000)]
  0x46dcc400 JavaThread "Snooper Timer" daemon [_thread_blocked, id=6676, stack(0x4e050000,0x4e0a0000)]
  0x46dcc000 JavaThread "Thread-11" [_thread_blocked, id=10128, stack(0x50ac0000,0x50b10000)]
  0x46dcf000 JavaThread "Thread-10" [_thread_blocked, id=9680, stack(0x50a70000,0x50ac0000)]
  0x4749d800 JavaThread "LWJGL Timer" daemon [_thread_blocked, id=6924, stack(0x4e0b0000,0x4e100000)]
  0x47061c00 JavaThread "Java2D Disposer" daemon [_thread_blocked, id=8384, stack(0x47d80000,0x47dd0000)]
  0x47355c00 JavaThread "Timer hack thread" daemon [_thread_blocked, id=8524, stack(0x478d0000,0x47920000)]
  0x47229400 JavaThread "Snooper Timer" daemon [_thread_blocked, id=6308, stack(0x47880000,0x478d0000)]
  0x46616800 JavaThread "Monitor Ctrl-Break" daemon [_thread_in_native, id=388, stack(0x46a50000,0x46aa0000)]
  0x45fe2800 JavaThread "Service Thread" daemon [_thread_blocked, id=8728, stack(0x46360000,0x463b0000)]
  0x45fa1000 JavaThread "C1 CompilerThread0" daemon [_thread_blocked, id=5344, stack(0x46310000,0x46360000)]
  0x45f9f000 JavaThread "Attach Listener" daemon [_thread_blocked, id=9956, stack(0x462c0000,0x46310000)]
  0x45f9e000 JavaThread "Signal Dispatcher" daemon [_thread_blocked, id=1384, stack(0x46270000,0x462c0000)]
  0x45f9d400 JavaThread "Surrogate Locker Thread (Concurrent GC)" daemon [_thread_blocked, id=5160, stack(0x46220000,0x46270000)]
  0x45f67400 JavaThread "Finalizer" daemon [_thread_blocked, id=10196, stack(0x46170000,0x461c0000)]
  0x45f66400 JavaThread "Reference Handler" daemon [_thread_blocked, id=8312, stack(0x46120000,0x46170000)]
=>0x01883800 JavaThread "Client thread" [_thread_in_native, id=1916, stack(0x00470000,0x004c0000)]

Other Threads:
  0x45f4f400 VMThread [stack: 0x460d0000,0x46120000] [id=6196]
  0x45ffb800 WatcherThread [stack: 0x463b0000,0x46400000] [id=9196]

VM state:not at safepoint (normal execution)

VM Mutex/Monitor currently owned by a thread: None

Heap:
 par new generation   total 118016K, used 42238K [0x03c00000, 0x0bc00000, 0x0bc00000)
  eden space 104960K,  32% used [0x03c00000, 0x05cfbf58, 0x0a280000)
  from space 13056K,  64% used [0x0af40000, 0x0b783958, 0x0bc00000)
  to   space 13056K,   0% used [0x0a280000, 0x0a280000, 0x0af40000)
 concurrent mark-sweep generation total 917504K, used 83625K [0x0bc00000, 0x43c00000, 0x43c00000)
 Metaspace       used 22798K, capacity 22992K, committed 23168K, reserved 23936K

Card table byte_map: [0x43c00000,0x43e10000] byte_map_base: 0x43be2000

Marking Bits: (CMSBitMap*) 0x018c6ba8
 Bits: [0x43e10000, 0x45a10000)

Mod Union Table: (CMSBitMap*) 0x018c6c08
 Bits: [0x01440000, 0x01478000)

Polling page: 0x004c0000

CodeCache: size=32768Kb used=6620Kb max_used=6620Kb free=26147Kb
 bounds [0x01980000, 0x01ff8000, 0x03980000]
 total_blobs=3599 nmethods=3204 adapters=324
 compilation: enabled

Compilation events (10 events):
Event: 29.938 Thread 0x45fa1000 3272             net.minecraft.util.AxisAlignedBB::calculateZOffset (132 bytes)
Event: 29.939 Thread 0x45fa1000 nmethod 3272 0x01ff6948 code [0x01ff6a40, 0x01ff6bd0]
Event: 29.939 Thread 0x45fa1000 3273             net.minecraftforge.common.ForgeHooks::isLivingOnLadder (168 bytes)
Event: 29.939 Thread 0x45fa1000 nmethod 3273 0x01ff6c48 code [0x01ff6d90, 0x01ff70c4]
Event: 29.939 Thread 0x45fa1000 3274             net.minecraft.block.Block::isLadder (2 bytes)
Event: 29.939 Thread 0x45fa1000 nmethod 3274 0x01ff7308 code [0x01ff7400, 0x01ff7480]
Event: 29.939 Thread 0x45fa1000 3275             net.minecraft.world.chunk.storage.ExtendedBlockStorage::<init> (74 bytes)
Event: 29.939 Thread 0x45fa1000 nmethod 3275 0x01ff74c8 code [0x01ff75e0, 0x01ff7a00]
Event: 29.942 Thread 0x45fa1000 3276             java.util.concurrent.ConcurrentLinkedQueue::isEmpty (13 bytes)
Event: 29.942 Thread 0x45fa1000 nmethod 3276 0x01ff7bc8 code [0x01ff7cc0, 0x01ff7d5c]

GC Heap History (10 events):
Event: 25.507 GC heap before
{Heap before GC invocations=28 (full 10):
 par new generation   total 118016K, used 104960K [0x03c00000, 0x0bc00000, 0x0bc00000)
  eden space 104960K, 100% used [0x03c00000, 0x0a280000, 0x0a280000)
  from space 13056K,   0% used [0x0af40000, 0x0af40000, 0x0bc00000)
  to   space 13056K,   0% used [0x0a280000, 0x0a280000, 0x0af40000)
 concurrent mark-sweep generation total 917504K, used 60429K [0x0bc00000, 0x43c00000, 0x43c00000)
 Metaspace       used 19866K, capacity 20050K, committed 20224K, reserved 20864K
Event: 25.516 GC heap after
Heap after GC invocations=29 (full 10):
 par new generation   total 118016K, used 9182K [0x03c00000, 0x0bc00000, 0x0bc00000)
  eden space 104960K,   0% used [0x03c00000, 0x03c00000, 0x0a280000)
  from space 13056K,  70% used [0x0a280000, 0x0ab77a20, 0x0af40000)
  to   space 13056K,   0% used [0x0af40000, 0x0af40000, 0x0bc00000)
 concurrent mark-sweep generation total 917504K, used 60429K [0x0bc00000, 0x43c00000, 0x43c00000)
 Metaspace       used 19866K, capacity 20050K, committed 20224K, reserved 20864K
}
Event: 26.802 GC heap before
{Heap before GC invocations=29 (full 11):
 par new generation   total 118016K, used 114142K [0x03c00000, 0x0bc00000, 0x0bc00000)
  eden space 104960K, 100% used [0x03c00000, 0x0a280000, 0x0a280000)
  from space 13056K,  70% used [0x0a280000, 0x0ab77a20, 0x0af40000)
  to   space 13056K,   0% used [0x0af40000, 0x0af40000, 0x0bc00000)
 concurrent mark-sweep generation total 917504K, used 60203K [0x0bc00000, 0x43c00000, 0x43c00000)
 Metaspace       used 20769K, capacity 21010K, committed 21120K, reserved 21888K
Event: 26.820 GC heap after
Heap after GC invocations=30 (full 11):
 par new generation   total 118016K, used 13056K [0x03c00000, 0x0bc00000, 0x0bc00000)
  eden space 104960K,   0% used [0x03c00000, 0x03c00000, 0x0a280000)
  from space 13056K, 100% used [0x0af40000, 0x0bc00000, 0x0bc00000)
  to   space 13056K,   0% used [0x0a280000, 0x0a280000, 0x0af40000)
 concurrent mark-sweep generation total 917504K, used 71354K [0x0bc00000, 0x43c00000, 0x43c00000)
 Metaspace       used 20769K, capacity 21010K, committed 21120K, reserved 21888K
}
Event: 27.171 GC heap before
{Heap before GC invocations=30 (full 11):
 par new generation   total 118016K, used 77494K [0x03c00000, 0x0bc00000, 0x0bc00000)
  eden space 104960K,  61% used [0x03c00000, 0x07aed968, 0x0a280000)
  from space 13056K, 100% used [0x0af40000, 0x0bc00000, 0x0bc00000)
  to   space 13056K,   0% used [0x0a280000, 0x0a280000, 0x0af40000)
 concurrent mark-sweep generation total 917504K, used 71354K [0x0bc00000, 0x43c00000, 0x43c00000)
 Metaspace       used 21442K, capacity 21653K, committed 21760K, reserved 21888K
Event: 27.335 GC heap after
Heap after GC invocations=31 (full 12):
 par new generation   total 118016K, used 0K [0x03c00000, 0x0bc00000, 0x0bc00000)
  eden space 104960K,   0% used [0x03c00000, 0x03c00000, 0x0a280000)
  from space 13056K,   0% used [0x0af40000, 0x0af40000, 0x0bc00000)
  to   space 13056K,   0% used [0x0a280000, 0x0a280000, 0x0af40000)
 concurrent mark-sweep generation total 917504K, used 84463K [0x0bc00000, 0x43c00000, 0x43c00000)
 Metaspace       used 21442K, capacity 21653K, committed 21760K, reserved 21888K
}
Event: 27.539 GC heap before
{Heap before GC invocations=31 (full 13):
 par new generation   total 118016K, used 90669K [0x03c00000, 0x0bc00000, 0x0bc00000)
  eden space 104960K,  86% used [0x03c00000, 0x0948b7e8, 0x0a280000)
  from space 13056K,   0% used [0x0af40000, 0x0af40000, 0x0bc00000)
  to   space 13056K,   0% used [0x0a280000, 0x0a280000, 0x0af40000)
 concurrent mark-sweep generation total 917504K, used 84463K [0x0bc00000, 0x43c00000, 0x43c00000)
 Metaspace       used 21884K, capacity 22121K, committed 22272K, reserved 22912K
Event: 27.544 GC heap after
Heap after GC invocations=32 (full 13):
 par new generation   total 118016K, used 10314K [0x03c00000, 0x0bc00000, 0x0bc00000)
  eden space 104960K,   0% used [0x03c00000, 0x03c00000, 0x0a280000)
  from space 13056K,  79% used [0x0a280000, 0x0ac92928, 0x0af40000)
  to   space 13056K,   0% used [0x0af40000, 0x0af40000, 0x0bc00000)
 concurrent mark-sweep generation total 917504K, used 84463K [0x0bc00000, 0x43c00000, 0x43c00000)
 Metaspace       used 21884K, capacity 22121K, committed 22272K, reserved 22912K
}
Event: 29.132 GC heap before
{Heap before GC invocations=32 (full 13):
 par new generation   total 118016K, used 115274K [0x03c00000, 0x0bc00000, 0x0bc00000)
  eden space 104960K, 100% used [0x03c00000, 0x0a280000, 0x0a280000)
  from space 13056K,  79% used [0x0a280000, 0x0ac92928, 0x0af40000)
  to   space 13056K,   0% used [0x0af40000, 0x0af40000, 0x0bc00000)
 concurrent mark-sweep generation total 917504K, used 83625K [0x0bc00000, 0x43c00000, 0x43c00000)
 Metaspace       used 22524K, capacity 22734K, committed 22912K, reserved 22912K
Event: 29.142 GC heap after
Heap after GC invocations=33 (full 13):
 par new generation   total 118016K, used 8462K [0x03c00000, 0x0bc00000, 0x0bc00000)
  eden space 104960K,   0% used [0x03c00000, 0x03c00000, 0x0a280000)
  from space 13056K,  64% used [0x0af40000, 0x0b783958, 0x0bc00000)
  to   space 13056K,   0% used [0x0a280000, 0x0a280000, 0x0af40000)
 concurrent mark-sweep generation total 917504K, used 83625K [0x0bc00000, 0x43c00000, 0x43c00000)
 Metaspace       used 22524K, capacity 22734K, committed 22912K, reserved 22912K
}

Deoptimization events (0 events):
No events

Internal exceptions (10 events):
Event: 29.902 Thread 0x46dcf000 Exception <a 'java/lang/InterruptedException': sleep interrupted> (0x03e8fd88) thrown at [C:\workspace\8-2-build-windows-i586-cygwin\jdk8u77\6540\hotspot\src\share\vm\prims\jvm.cpp, line 3215]
Event: 29.902 Thread 0x46dcf000 Exception <a 'java/lang/InterruptedException': sleep interrupted> (0x03e8ffe8) thrown at [C:\workspace\8-2-build-windows-i586-cygwin\jdk8u77\6540\hotspot\src\share\vm\prims\jvm.cpp, line 3215]
Event: 29.918 Thread 0x46dcf000 Exception <a 'java/lang/InterruptedException': sleep interrupted> (0x03e90248) thrown at [C:\workspace\8-2-build-windows-i586-cygwin\jdk8u77\6540\hotspot\src\share\vm\prims\jvm.cpp, line 3215]
Event: 29.919 Thread 0x46dcf000 Exception <a 'java/lang/InterruptedException': sleep interrupted> (0x03e904a8) thrown at [C:\workspace\8-2-build-windows-i586-cygwin\jdk8u77\6540\hotspot\src\share\vm\prims\jvm.cpp, line 3215]
Event: 29.942 Thread 0x46dcf000 Exception <a 'java/lang/InterruptedException': sleep interrupted> (0x03e90708) thrown at [C:\workspace\8-2-build-windows-i586-cygwin\jdk8u77\6540\hotspot\src\share\vm\prims\jvm.cpp, line 3215]
Event: 29.942 Thread 0x46dcf000 Exception <a 'java/lang/InterruptedException': sleep interrupted> (0x03e90988) thrown at [C:\workspace\8-2-build-windows-i586-cygwin\jdk8u77\6540\hotspot\src\share\vm\prims\jvm.cpp, line 3215]
Event: 29.959 Thread 0x46dcf000 Exception <a 'java/lang/InterruptedException': sleep interrupted> (0x03e90bc8) thrown at [C:\workspace\8-2-build-windows-i586-cygwin\jdk8u77\6540\hotspot\src\share\vm\prims\jvm.cpp, line 3215]
Event: 29.959 Thread 0x46dcf000 Exception <a 'java/lang/InterruptedException': sleep interrupted> (0x03e90e28) thrown at [C:\workspace\8-2-build-windows-i586-cygwin\jdk8u77\6540\hotspot\src\share\vm\prims\jvm.cpp, line 3215]
Event: 29.970 Thread 0x46dcf000 Exception <a 'java/lang/InterruptedException': sleep interrupted> (0x03e91088) thrown at [C:\workspace\8-2-build-windows-i586-cygwin\jdk8u77\6540\hotspot\src\share\vm\prims\jvm.cpp, line 3215]
Event: 29.970 Thread 0x46dcf000 Exception <a 'java/lang/InterruptedException': sleep interrupted> (0x03e91308) thrown at [C:\workspace\8-2-build-windows-i586-cygwin\jdk8u77\6540\hotspot\src\share\vm\prims\jvm.cpp, line 3215]

Events (10 events):
Event: 29.758 loading class com/google/common/util/concurrent/ListenableFutureTask
Event: 29.758 loading class com/google/common/util/concurrent/ListenableFutureTask done
Event: 29.759 Executing VM operation: RevokeBias
Event: 29.759 Executing VM operation: RevokeBias done
Event: 29.819 loading class com/mojang/authlib/minecraft/MinecraftProfileTexture$Type
Event: 29.819 loading class com/mojang/authlib/minecraft/MinecraftProfileTexture$Type done
Event: 29.819 Executing VM operation: RevokeBias
Event: 29.819 Executing VM operation: RevokeBias done
Event: 29.819 Executing VM operation: RevokeBias
Event: 29.819 Executing VM operation: RevokeBias done


Dynamic libraries:
0x00100000 - 0x00133000 	C:\Program Files\Java\jdk1.8.0_77\bin\java.exe
0x77770000 - 0x778eb000 	C:\WINDOWS\SYSTEM32\ntdll.dll
0x77630000 - 0x776c6000 	C:\WINDOWS\system32\KERNEL32.DLL
0x74620000 - 0x7479f000 	C:\WINDOWS\system32\KERNELBASE.dll
0x73090000 - 0x73122000 	C:\WINDOWS\system32\apphelp.dll
0x76c30000 - 0x76cab000 	C:\WINDOWS\system32\ADVAPI32.dll
0x76d80000 - 0x76e3e000 	C:\WINDOWS\system32\msvcrt.dll
0x77060000 - 0x770a4000 	C:\WINDOWS\system32\sechost.dll
0x76cb0000 - 0x76d72000 	C:\WINDOWS\system32\RPCRT4.dll
0x77100000 - 0x77238000 	C:\WINDOWS\system32\USER32.dll
0x75360000 - 0x754b5000 	C:\WINDOWS\system32\GDI32.dll
0x66260000 - 0x6646f000 	C:\WINDOWS\WinSxS\x86_microsoft.windows.common-controls_6595b64144ccf1df_6.0.10586.0_none_d3c2e4e965da4528\COMCTL32.dll
0x77470000 - 0x7762d000 	C:\WINDOWS\system32\combase.dll
0x74540000 - 0x74598000 	C:\WINDOWS\system32\bcryptPrimitives.dll
0x770d0000 - 0x770ff000 	C:\WINDOWS\system32\IMM32.DLL
0x781f0000 - 0x782af000 	C:\Program Files\Java\jdk1.8.0_77\jre\bin\msvcr100.dll
0x6cdc0000 - 0x6d188000 	C:\Program Files\Java\jdk1.8.0_77\jre\bin\client\jvm.dll
0x76eb0000 - 0x76eb6000 	C:\WINDOWS\system32\PSAPI.DLL
0x698c0000 - 0x698c8000 	C:\WINDOWS\SYSTEM32\WSOCK32.dll
0x77000000 - 0x7705f000 	C:\WINDOWS\system32\WS2_32.dll
0x72930000 - 0x72954000 	C:\WINDOWS\SYSTEM32\WINMM.dll
0x6a680000 - 0x6a688000 	C:\WINDOWS\SYSTEM32\VERSION.dll
0x728c0000 - 0x728e3000 	C:\WINDOWS\SYSTEM32\WINMMBASE.dll
0x74890000 - 0x748c7000 	C:\WINDOWS\system32\cfgmgr32.dll
0x6bec0000 - 0x6becc000 	C:\Program Files\Java\jdk1.8.0_77\jre\bin\verify.dll
0x6daa0000 - 0x6dac1000 	C:\Program Files\Java\jdk1.8.0_77\jre\bin\java.dll
0x50ec0000 - 0x50ed3000 	C:\Program Files\Java\jdk1.8.0_77\jre\bin\zip.dll
0x755c0000 - 0x769be000 	C:\WINDOWS\system32\SHELL32.dll
0x74a50000 - 0x74f4a000 	C:\WINDOWS\system32\windows.storage.dll
0x76fb0000 - 0x76ff5000 	C:\WINDOWS\system32\shlwapi.dll
0x74530000 - 0x7453c000 	C:\WINDOWS\system32\kernel.appcore.dll
0x77240000 - 0x772cd000 	C:\WINDOWS\system32\shcore.dll
0x744c0000 - 0x74504000 	C:\WINDOWS\system32\powrprof.dll
0x74510000 - 0x7451f000 	C:\WINDOWS\system32\profapi.dll
0x03bf0000 - 0x03bf7000 	D:\Program Files\JetBrains\IntelliJ IDEA Community Edition 2016.1\bin\breakgen.dll
0x6fd80000 - 0x6fd96000 	C:\Program Files\Java\jdk1.8.0_77\jre\bin\net.dll
0x73f20000 - 0x73f70000 	C:\WINDOWS\system32\mswsock.dll
0x6fb00000 - 0x6fb0a000 	C:\Program Files\Java\jdk1.8.0_77\jre\bin\management.dll
0x6f8b0000 - 0x6f8bf000 	C:\Program Files\Java\jdk1.8.0_77\jre\bin\nio.dll
0x62b10000 - 0x62b22000 	C:\WINDOWS\system32\napinsp.dll
0x61fb0000 - 0x61fc6000 	C:\WINDOWS\system32\pnrpnsp.dll
0x72400000 - 0x72414000 	C:\WINDOWS\system32\NLAapi.dll
0x62b00000 - 0x62b0b000 	C:\WINDOWS\System32\winrnr.dll
0x732c0000 - 0x73344000 	C:\WINDOWS\SYSTEM32\DNSAPI.dll
0x76ea0000 - 0x76ea7000 	C:\WINDOWS\system32\NSI.dll
0x65fa0000 - 0x65fc1000 	C:\Program Files\Bonjour\mdnsNSP.dll
0x71be0000 - 0x71c0f000 	C:\WINDOWS\SYSTEM32\Iphlpapi.DLL
0x65f80000 - 0x65f88000 	C:\Windows\System32\rasadhlp.dll
0x6b750000 - 0x6b797000 	C:\WINDOWS\System32\fwpuclnt.dll
0x74160000 - 0x7417d000 	C:\WINDOWS\SYSTEM32\bcrypt.dll
0x47830000 - 0x4787d000 	C:\Users\Administrator\.gradle\caches\minecraft\net\minecraft\minecraft_natives\1.7.10\lwjgl.dll
0x554b0000 - 0x55590000 	C:\WINDOWS\SYSTEM32\OPENGL32.dll
0x55450000 - 0x55475000 	C:\WINDOWS\SYSTEM32\GLU32.dll
0x55360000 - 0x5544e000 	C:\WINDOWS\SYSTEM32\DDRAW.dll
0x552f0000 - 0x552f7000 	C:\WINDOWS\SYSTEM32\DCIMAN32.dll
0x73fb0000 - 0x73fc3000 	C:\WINDOWS\SYSTEM32\CRYPTSP.dll
0x73c60000 - 0x73c8f000 	C:\WINDOWS\system32\rsaenh.dll
0x73de0000 - 0x73df9000 	C:\WINDOWS\SYSTEM32\USERENV.dll
0x740a0000 - 0x740aa000 	C:\WINDOWS\SYSTEM32\CRYPTBASE.dll
0x6b720000 - 0x6b733000 	C:\WINDOWS\SYSTEM32\dhcpcsvc6.DLL
0x6b700000 - 0x6b714000 	C:\WINDOWS\SYSTEM32\dhcpcsvc.DLL
0x6c150000 - 0x6c295000 	C:\Program Files\Java\jdk1.8.0_77\jre\bin\awt.dll
0x776d0000 - 0x77762000 	C:\WINDOWS\system32\OLEAUT32.dll
0x731f0000 - 0x73269000 	C:\WINDOWS\system32\uxtheme.dll
0x77330000 - 0x7744f000 	C:\WINDOWS\system32\MSCTF.dll
0x72c80000 - 0x72c9d000 	C:\WINDOWS\system32\dwmapi.dll
0x48060000 - 0x488ae000 	C:\WINDOWS\SYSTEM32\ig75icd32.dll
0x705d0000 - 0x70e81000 	C:\WINDOWS\SYSTEM32\igdusc32.dll
0x728b0000 - 0x728bf000 	C:\WINDOWS\SYSTEM32\WTSAPI32.dll
0x5b2d0000 - 0x5b34f000 	C:\WINDOWS\SYSTEM32\mscms.dll
0x61480000 - 0x614bc000 	C:\WINDOWS\SYSTEM32\icm32.dll
0x48010000 - 0x4804a000 	C:\Users\Administrator\.gradle\caches\minecraft\net\minecraft\minecraft_natives\1.7.10\avutil-ttv-51.dll
0x65980000 - 0x6599d000 	C:\Users\Administrator\.gradle\caches\minecraft\net\minecraft\minecraft_natives\1.7.10\swresample-ttv-0.dll
0x6eb80000 - 0x6ec09000 	C:\Users\Administrator\.gradle\caches\minecraft\net\minecraft\minecraft_natives\1.7.10\libmp3lame-ttv.dll
0x4d0d0000 - 0x4e050000 	C:\Users\Administrator\.gradle\caches\minecraft\net\minecraft\minecraft_natives\1.7.10\libmfxsw32.dll
0x4e150000 - 0x4e253000 	C:\Users\Administrator\.gradle\caches\minecraft\net\minecraft\minecraft_natives\1.7.10\twitchsdk.dll
0x754c0000 - 0x755ab000 	C:\WINDOWS\system32\ole32.dll
0x66030000 - 0x66258000 	C:\WINDOWS\SYSTEM32\WININET.dll
0x50b10000 - 0x50b75000 	C:\Users\Administrator\.gradle\caches\minecraft\net\minecraft\minecraft_natives\1.7.10\OpenAL32.dll
0x76ec0000 - 0x76f44000 	C:\WINDOWS\system32\clbcatq.dll
0x50bd0000 - 0x50c25000 	C:\WINDOWS\System32\MMDevApi.dll
0x73270000 - 0x73292000 	C:\WINDOWS\System32\DEVOBJ.dll
0x72710000 - 0x7285b000 	C:\WINDOWS\System32\PROPSYS.dll
0x50c30000 - 0x50cb6000 	C:\WINDOWS\SYSTEM32\dsound.dll
0x6bf00000 - 0x6bf68000 	C:\WINDOWS\SYSTEM32\AUDIOSES.DLL
0x54e20000 - 0x54ee8000 	C:\WINDOWS\SYSTEM32\wintypes.dll
0x71fb0000 - 0x71fd0000 	C:\Program Files\Java\jdk1.8.0_77\jre\bin\sunec.dll
0x61cc0000 - 0x61dff000 	C:\WINDOWS\SYSTEM32\dbghelp.dll

VM Arguments:
jvm_args: -Xincgc -Xmx1024M -Xms1024M -Didea.launcher.port=7534 -Didea.launcher.bin.path=D:\Program Files\JetBrains\IntelliJ IDEA Community Edition 2016.1\bin -Dfile.encoding=UTF-8 
java_command: com.intellij.rt.execution.application.AppMain GradleStart
java_class_path (initial): C:\Program Files\Java\jdk1.8.0_77\jre\lib\charsets.jar;C:\Program Files\Java\jdk1.8.0_77\jre\lib\deploy.jar;C:\Program Files\Java\jdk1.8.0_77\jre\lib\ext\access-bridge.jar;C:\Program Files\Java\jdk1.8.0_77\jre\lib\ext\cldrdata.jar;C:\Program Files\Java\jdk1.8.0_77\jre\lib\ext\dnsns.jar;C:\Program Files\Java\jdk1.8.0_77\jre\lib\ext\jaccess.jar;C:\Program Files\Java\jdk1.8.0_77\jre\lib\ext\jfxrt.jar;C:\Program Files\Java\jdk1.8.0_77\jre\lib\ext\localedata.jar;C:\Program Files\Java\jdk1.8.0_77\jre\lib\ext\nashorn.jar;C:\Program Files\Java\jdk1.8.0_77\jre\lib\ext\sunec.jar;C:\Program Files\Java\jdk1.8.0_77\jre\lib\ext\sunjce_provider.jar;C:\Program Files\Java\jdk1.8.0_77\jre\lib\ext\sunmscapi.jar;C:\Program Files\Java\jdk1.8.0_77\jre\lib\ext\sunpkcs11.jar;C:\Program Files\Java\jdk1.8.0_77\jre\lib\ext\zipfs.jar;C:\Program Files\Java\jdk1.8.0_77\jre\lib\javaws.jar;C:\Program Files\Java\jdk1.8.0_77\jre\lib\jce.jar;C:\Program Files\Java\jdk1.8.0_77\jre\lib\jfr.jar;C:\Program Files\Java\jdk1.8.0_77\jre\lib\jfxswt.jar;C:\Program Files\Java\jdk1.8.0_77\jre\lib\jsse.jar;C:\Program Files\Java\jdk1.8.0_77\jre\lib\management-agent.jar;C:\Program Files\Java\jdk1.8.0_77\jre\lib\plugin.jar;C:\Program Files\Java\jdk1.8.0_77\jre\lib\resources.jar;C:\Program Files\Java\jdk1.8.0_77\jre\lib\rt.jar;F:\Games\GameSomething\Minecraft\1.7.10 modsDevelop\MoreToolsMod\out\production\MoreTools Project;C:\Users\Administrator\.gradle\caches\minecraft\net\minecraftforge\forge\1.7.10-10.13.4.1558-1.7.10\forgeSrc-1.7.10-10.13.4.1558-1.7.10.jar;C:\Users\Administrator\.gradle\caches\modules-2\files-2.1\net.minecraft\launchwrapper\1.12\111e7bea9c968cdb3d06ef4632bf7ff0824d0f36\launchwrapper-1.12.jar;C:\Users\Administrator\.gradle\caches\modules-2\files-2.1\com.google.code.findbugs\jsr305\1.3.9\40719ea6961c0cb6afaeb6a921eaa1f6afd4cfdf\jsr305-1.3.9.jar;C:\Users\Administrator\.gradle\caches\modules-2\files-2.1\org.ow2.asm\asm-debug-all\5.0.3\f9e364ae2a66ce2a543012a4668856e84e5dab
Launcher Type: SUN_STANDARD

Environment Variables:
JAVA_HOME=C:\Program Files\Java\jdk1.8.0_77
CLASSPATH=.;C:\Program Files\Java\jdk1.8.0_77\lib;C:\Program Files\Java\jdk1.8.0_77\lib\tools.jar
PATH=C:\ProgramData\Oracle\Java\javapath;C:\WINDOWS\system32;C:\WINDOWS;C:\WINDOWS\System32\Wbem;C:\WINDOWS\System32\WindowsPowerShell\v1.0\;C:\WINDOWS\system32\config\systemprofile\.dnx\bin;C:\Program Files\Microsoft DNX\Dnvm\;C:\Program Files\Windows Kits\8.1\Windows Performance Toolkit\;D:\Program Files\Git\bin;C:\Users\Administrator\.gradle\bin;C:\Program Files\Java\jdk1.8.0_77\bin
USERNAME=Administrator
OS=Windows_NT
PROCESSOR_IDENTIFIER=x86 Family 6 Model 60 Stepping 3, GenuineIntel



---------------  S Y S T E M  ---------------

OS: Windows 10.0 Build 10586 (10.0.10586.0)

CPU:total 2 (2 cores per cpu, 1 threads per core) family 6 model 60 stepping 3, cmov, cx8, fxsr, mmx, sse, sse2, sse3, ssse3, sse4.1, sse4.2, popcnt, clmul, erms, lzcnt, tsc, tscinvbit

Memory: 4k page, physical 3589964k(753636k free), swap 7429560k(1057768k free)

vm_info: Java HotSpot(TM) Client VM (25.77-b03) for windows-x86 JRE (1.8.0_77-b03), built on Mar 20 2016 22:00:03 by "java_re" with MS VC++ 10.0 (VS2010)

time: Sun Apr 24 14:54:14 2016
elapsed time: 30 seconds (0d 0h 0m 30s)

