#
# A fatal error has been detected by the Java Runtime Environment:
#
#  EXCEPTION_ACCESS_VIOLATION (0xc0000005) at pc=0x4809e84a, pid=11476, tid=14248
#
# JRE version: Java(TM) SE Runtime Environment (8.0_77-b03) (build 1.8.0_77-b03)
# Java VM: Java HotSpot(TM) Client VM (25.77-b03 mixed mode windows-x86 )
# Problematic frame:
# C  [ig75icd32.dll+0xe84a]
#
# Failed to write core dump. Minidumps are not enabled by default on client versions of Windows
#
# If you would like to submit a bug report, please visit:
#   http://bugreport.java.com/bugreport/crash.jsp
# The crash happened outside the Java Virtual Machine in native code.
# See problematic frame for where to report the bug.
#

---------------  T H R E A D  ---------------

Current thread (0x007e3800):  JavaThread "Client thread" [_thread_in_native, id=14248, stack(0x00480000,0x004d0000)]

siginfo: ExceptionCode=0xc0000005, writing address 0x00000000

Registers:
EAX=0x3f119192, EBX=0x005819c0, ECX=0x00000010, EDX=0x00597e30
ESP=0x004ceb10, EBP=0x004ceb10, ESI=0x005971ec, EDI=0x00000012
EIP=0x4809e84a, EFLAGS=0x00010293

Top of Stack: (sp=0x004ceb10)
0x004ceb10:   004ceb2c 4813f196 00000010 005819c0
0x004ceb20:   005819c0 00000027 00000000 004ceb48
0x004ceb30:   4813fea4 005819c0 483e59f4 005819c0
0x004ceb40:   484a3f0c 7d48020c 004ceb78 4863cf12
0x004ceb50:   005819c0 7d480210 005819c0 7d480180
0x004ceb60:   48489c0a 007e3800 47e5ebe0 47e5ebe0
0x004ceb70:   7da1b008 7da1b0f4 004cebd8 46d48643
0x004ceb80:   0000003b 00001405 597a8008 01e4c0c3 

Instructions: (pc=0x4809e84a)
0x4809e82a:   42 dc 89 41 dc 8b 42 e0 89 41 e0 8b 42 e4 89 41
0x4809e83a:   e4 8b 42 e8 89 41 e8 8b 42 ec 89 41 ec 8b 42 f0
0x4809e84a:   89 41 f0 8b 42 f4 89 41 f4 8b 42 f8 89 41 f8 8b
0x4809e85a:   42 fc 89 41 fc 8b 45 08 a8 01 74 0a 8a 02 88 01 


Register to memory mapping:

EAX=0x3f119192 is an unknown value
EBX=0x005819c0 is an unknown value
ECX=0x00000010 is an unknown value
EDX=0x00597e30 is an unknown value
ESP=0x004ceb10 is pointing into the stack for thread: 0x007e3800
EBP=0x004ceb10 is pointing into the stack for thread: 0x007e3800
ESI=0x005971ec is an unknown value
EDI=0x00000012 is an unknown value


Stack: [0x00480000,0x004d0000],  sp=0x004ceb10,  free space=314k
Native frames: (J=compiled Java code, j=interpreted, Vv=VM code, C=native code)
C  [ig75icd32.dll+0xe84a]
C  [ig75icd32.dll+0xaf196]
C  [ig75icd32.dll+0xafea4]
C  [ig75icd32.dll+0x5acf12]
C  [lwjgl.dll+0x8643]
J 3371 C1 net.minecraft.client.renderer.RenderList.callLists()V (87 bytes) @ 0x024b2dc0 [0x024b2a90+0x330]
C  0x00000000

Java frames: (J=compiled Java code, j=interpreted, Vv=VM code)
j  org.lwjgl.opengl.GL11.nglCallLists(IIJJ)V+0
J 3371 C1 net.minecraft.client.renderer.RenderList.callLists()V (87 bytes) @ 0x024b2dc0 [0x024b2a90+0x330]
J 3343 C1 net.minecraft.client.renderer.RenderGlobal.renderAllRenderLists(ID)V (52 bytes) @ 0x024a19f8 [0x024a1990+0x68]
J 3027 C1 net.minecraft.client.renderer.RenderGlobal.renderSortedRenderers(IIID)I (589 bytes) @ 0x023f945c [0x023f8e40+0x61c]
J 3256 C1 net.minecraft.client.renderer.RenderGlobal.sortAndRender(Lnet/minecraft/entity/EntityLivingBase;ID)I (1189 bytes) @ 0x02478630 [0x02476c30+0x1a00]
j  net.minecraft.client.renderer.EntityRenderer.renderWorld(FJ)V+639
j  net.minecraft.client.renderer.EntityRenderer.updateCameraAndRender(F)V+498
j  net.minecraft.client.Minecraft.runGameLoop()V+324
j  net.minecraft.client.Minecraft.run()V+61
j  net.minecraft.client.main.Main.main([Ljava/lang/String;)V+998
v  ~StubRoutines::call_stub
j  sun.reflect.NativeMethodAccessorImpl.invoke0(Ljava/lang/reflect/Method;Ljava/lang/Object;[Ljava/lang/Object;)Ljava/lang/Object;+0
j  sun.reflect.NativeMethodAccessorImpl.invoke(Ljava/lang/Object;[Ljava/lang/Object;)Ljava/lang/Object;+100
j  sun.reflect.DelegatingMethodAccessorImpl.invoke(Ljava/lang/Object;[Ljava/lang/Object;)Ljava/lang/Object;+6
j  java.lang.reflect.Method.invoke(Ljava/lang/Object;[Ljava/lang/Object;)Ljava/lang/Object;+56
j  net.minecraft.launchwrapper.Launch.launch([Ljava/lang/String;)V+661
j  net.minecraft.launchwrapper.Launch.main([Ljava/lang/String;)V+8
j  net.minecraftforge.gradle.GradleStartCommon.launch([Ljava/lang/String;)V+181
j  GradleStart.main([Ljava/lang/String;)V+11
v  ~StubRoutines::call_stub
j  sun.reflect.NativeMethodAccessorImpl.invoke0(Ljava/lang/reflect/Method;Ljava/lang/Object;[Ljava/lang/Object;)Ljava/lang/Object;+0
j  sun.reflect.NativeMethodAccessorImpl.invoke(Ljava/lang/Object;[Ljava/lang/Object;)Ljava/lang/Object;+100
j  sun.reflect.DelegatingMethodAccessorImpl.invoke(Ljava/lang/Object;[Ljava/lang/Object;)Ljava/lang/Object;+6
j  java.lang.reflect.Method.invoke(Ljava/lang/Object;[Ljava/lang/Object;)Ljava/lang/Object;+56
j  com.intellij.rt.execution.application.AppMain.main([Ljava/lang/String;)V+180
v  ~StubRoutines::call_stub

---------------  P R O C E S S  ---------------

Java Threads: ( => current thread )
  0x6edfec00 JavaThread "pool-2-thread-1" [_thread_blocked, id=12704, stack(0x55710000,0x55760000)]
  0x6edfdc00 JavaThread "Netty IO #1" daemon [_thread_in_native, id=14332, stack(0x55470000,0x554c0000)]
  0x6edfe400 JavaThread "Netty Client IO #0" daemon [_thread_in_native, id=12492, stack(0x55420000,0x55470000)]
  0x4dd75400 JavaThread "Netty IO #0" daemon [_thread_in_native, id=14312, stack(0x553d0000,0x55420000)]
  0x4dd76c00 JavaThread "Server thread" [_thread_blocked, id=10760, stack(0x518f0000,0x51940000)]
  0x4dd76400 JavaThread "Snooper Timer" daemon [_thread_blocked, id=12776, stack(0x4f020000,0x4f070000)]
  0x4dd76000 JavaThread "Thread-11" [_thread_blocked, id=14260, stack(0x54b40000,0x54b90000)]
  0x4dd75800 JavaThread "Thread-10" [_thread_blocked, id=12608, stack(0x54af0000,0x54b40000)]
  0x5a052400 JavaThread "Keep-Alive-Timer" daemon [_thread_blocked, id=12588, stack(0x51850000,0x518a0000)]
  0x4d12e800 JavaThread "LWJGL Timer" daemon [_thread_blocked, id=11368, stack(0x4f070000,0x4f0c0000)]
  0x4748f000 JavaThread "Java2D Disposer" daemon [_thread_blocked, id=13840, stack(0x47db0000,0x47e00000)]
  0x47416800 JavaThread "Timer hack thread" daemon [_thread_blocked, id=12328, stack(0x47a30000,0x47a80000)]
  0x473a4c00 JavaThread "Snooper Timer" daemon [_thread_blocked, id=12356, stack(0x478e0000,0x47930000)]
  0x46669000 JavaThread "Monitor Ctrl-Break" daemon [_thread_in_native, id=13628, stack(0x46a90000,0x46ae0000)]
  0x4617e800 JavaThread "Service Thread" daemon [_thread_blocked, id=12528, stack(0x463b0000,0x46400000)]
  0x4614d000 JavaThread "C1 CompilerThread0" daemon [_thread_blocked, id=11280, stack(0x46360000,0x463b0000)]
  0x4614c000 JavaThread "Attach Listener" daemon [_thread_blocked, id=13816, stack(0x46310000,0x46360000)]
  0x4614b000 JavaThread "Signal Dispatcher" daemon [_thread_blocked, id=13820, stack(0x462c0000,0x46310000)]
  0x4614a000 JavaThread "Surrogate Locker Thread (Concurrent GC)" daemon [_thread_blocked, id=13828, stack(0x46270000,0x462c0000)]
  0x4610ac00 JavaThread "Finalizer" daemon [_thread_blocked, id=13824, stack(0x03f30000,0x03f80000)]
  0x46106400 JavaThread "Reference Handler" daemon [_thread_blocked, id=14152, stack(0x03ee0000,0x03f30000)]
=>0x007e3800 JavaThread "Client thread" [_thread_in_native, id=14248, stack(0x00480000,0x004d0000)]

Other Threads:
  0x460f0400 VMThread [stack: 0x03e90000,0x03ee0000] [id=13832]
  0x461d9400 WatcherThread [stack: 0x46400000,0x46450000] [id=3008]

VM state:not at safepoint (normal execution)

VM Mutex/Monitor currently owned by a thread: None

Heap:
 par new generation   total 118016K, used 33769K [0x04000000, 0x0c000000, 0x0c000000)
  eden space 104960K,  22% used [0x04000000, 0x056a9ce8, 0x0a680000)
  from space 13056K,  80% used [0x0b340000, 0x0bd908a8, 0x0c000000)
  to   space 13056K,   0% used [0x0a680000, 0x0a680000, 0x0b340000)
 concurrent mark-sweep generation total 917504K, used 78763K [0x0c000000, 0x44000000, 0x44000000)
 Metaspace       used 23368K, capacity 23586K, committed 23808K, reserved 23936K

Card table byte_map: [0x00dc0000,0x00fd0000] byte_map_base: 0x00da0000

Marking Bits: (CMSBitMap*) 0x00826a08
 Bits: [0x44000000, 0x45c00000)

Mod Union Table: (CMSBitMap*) 0x00826a68
 Bits: [0x00970000, 0x009a8000)

Polling page: 0x004d0000

CodeCache: size=32768Kb used=6833Kb max_used=6833Kb free=25934Kb
 bounds [0x01e40000, 0x024f0000, 0x03e40000]
 total_blobs=3812 nmethods=3395 adapters=344
 compilation: enabled

Compilation events (10 events):
Event: 26.231 Thread 0x4614d000 3456             net.minecraft.world.World::getSavedLightValue (106 bytes)
Event: 26.231 Thread 0x4614d000 nmethod 3456 0x024eb408 code [0x024eb530, 0x024eb6e4]
Event: 26.232 Thread 0x4614d000 3457             net.minecraft.world.World::computeLightValue (198 bytes)
Event: 26.233 Thread 0x4614d000 nmethod 3457 0x024eb848 code [0x024eb9b0, 0x024ebd08]
Event: 26.277 Thread 0x4614d000 3458             org.lwjgl.opengl.GL11::glColor3f (24 bytes)
Event: 26.278 Thread 0x4614d000 nmethod 3458 0x024ec208 code [0x024ec340, 0x024ec570]
Event: 26.299 Thread 0x4614d000 3460             org.lwjgl.opengl.GL11::glCallList (19 bytes)
Event: 26.299 Thread 0x4614d000 nmethod 3460 0x024eca88 code [0x024ecbc0, 0x024ecde0]
Event: 26.308 Thread 0x4614d000 3461             java.lang.Thread::isInterrupted (6 bytes)
Event: 26.308 Thread 0x4614d000 nmethod 3461 0x024ed008 code [0x024ed100, 0x024ed19c]

GC Heap History (10 events):
Event: 20.777 GC heap before
{Heap before GC invocations=30 (full 10):
 par new generation   total 118016K, used 71379K [0x04000000, 0x0c000000, 0x0c000000)
  eden space 104960K,  55% used [0x04000000, 0x078f4f88, 0x0a680000)
  from space 13056K, 100% used [0x0b340000, 0x0c000000, 0x0c000000)
  to   space 13056K,   0% used [0x0a680000, 0x0a680000, 0x0b340000)
 concurrent mark-sweep generation total 917504K, used 63300K [0x0c000000, 0x44000000, 0x44000000)
 Metaspace       used 21408K, capacity 21604K, committed 21760K, reserved 21888K
Event: 20.921 GC heap after
Heap after GC invocations=31 (full 11):
 par new generation   total 118016K, used 0K [0x04000000, 0x0c000000, 0x0c000000)
  eden space 104960K,   0% used [0x04000000, 0x04000000, 0x0a680000)
  from space 13056K,   0% used [0x0b340000, 0x0b340000, 0x0c000000)
  to   space 13056K,   0% used [0x0a680000, 0x0a680000, 0x0b340000)
 concurrent mark-sweep generation total 917504K, used 76941K [0x0c000000, 0x44000000, 0x44000000)
 Metaspace       used 21408K, capacity 21604K, committed 21760K, reserved 21888K
}
Event: 21.154 GC heap before
{Heap before GC invocations=31 (full 11):
 par new generation   total 118016K, used 103581K [0x04000000, 0x0c000000, 0x0c000000)
  eden space 104960K,  98% used [0x04000000, 0x0a5274a8, 0x0a680000)
  from space 13056K,   0% used [0x0b340000, 0x0b340000, 0x0c000000)
  to   space 13056K,   0% used [0x0a680000, 0x0a680000, 0x0b340000)
 concurrent mark-sweep generation total 917504K, used 76941K [0x0c000000, 0x44000000, 0x44000000)
 Metaspace       used 22253K, capacity 22461K, committed 22656K, reserved 22912K
Event: 21.162 GC heap after
Heap after GC invocations=32 (full 11):
 par new generation   total 118016K, used 11842K [0x04000000, 0x0c000000, 0x0c000000)
  eden space 104960K,   0% used [0x04000000, 0x04000000, 0x0a680000)
  from space 13056K,  90% used [0x0a680000, 0x0b210bb0, 0x0b340000)
  to   space 13056K,   0% used [0x0b340000, 0x0b340000, 0x0c000000)
 concurrent mark-sweep generation total 917504K, used 76941K [0x0c000000, 0x44000000, 0x44000000)
 Metaspace       used 22253K, capacity 22461K, committed 22656K, reserved 22912K
}
Event: 22.757 GC heap before
{Heap before GC invocations=32 (full 12):
 par new generation   total 118016K, used 116802K [0x04000000, 0x0c000000, 0x0c000000)
  eden space 104960K, 100% used [0x04000000, 0x0a680000, 0x0a680000)
  from space 13056K,  90% used [0x0a680000, 0x0b210bb0, 0x0b340000)
  to   space 13056K,   0% used [0x0b340000, 0x0b340000, 0x0c000000)
 concurrent mark-sweep generation total 917504K, used 76941K [0x0c000000, 0x44000000, 0x44000000)
 Metaspace       used 22776K, capacity 23010K, committed 23168K, reserved 23936K
Event: 22.767 GC heap after
Heap after GC invocations=33 (full 12):
 par new generation   total 118016K, used 6807K [0x04000000, 0x0c000000, 0x0c000000)
  eden space 104960K,   0% used [0x04000000, 0x04000000, 0x0a680000)
  from space 13056K,  52% used [0x0b340000, 0x0b9e5ef8, 0x0c000000)
  to   space 13056K,   0% used [0x0a680000, 0x0a680000, 0x0b340000)
 concurrent mark-sweep generation total 917504K, used 76941K [0x0c000000, 0x44000000, 0x44000000)
 Metaspace       used 22776K, capacity 23010K, committed 23168K, reserved 23936K
}
Event: 25.607 GC heap before
{Heap before GC invocations=33 (full 12):
 par new generation   total 118016K, used 111767K [0x04000000, 0x0c000000, 0x0c000000)
  eden space 104960K, 100% used [0x04000000, 0x0a680000, 0x0a680000)
  from space 13056K,  52% used [0x0b340000, 0x0b9e5ef8, 0x0c000000)
  to   space 13056K,   0% used [0x0a680000, 0x0a680000, 0x0b340000)
 concurrent mark-sweep generation total 917504K, used 76941K [0x0c000000, 0x44000000, 0x44000000)
 Metaspace       used 22782K, capacity 23010K, committed 23168K, reserved 23936K
Event: 25.618 GC heap after
Heap after GC invocations=34 (full 12):
 par new generation   total 118016K, used 10081K [0x04000000, 0x0c000000, 0x0c000000)
  eden space 104960K,   0% used [0x04000000, 0x04000000, 0x0a680000)
  from space 13056K,  77% used [0x0a680000, 0x0b058748, 0x0b340000)
  to   space 13056K,   0% used [0x0b340000, 0x0b340000, 0x0c000000)
 concurrent mark-sweep generation total 917504K, used 76941K [0x0c000000, 0x44000000, 0x44000000)
 Metaspace       used 22782K, capacity 23010K, committed 23168K, reserved 23936K
}
Event: 26.208 GC heap before
{Heap before GC invocations=34 (full 12):
 par new generation   total 118016K, used 101106K [0x04000000, 0x0c000000, 0x0c000000)
  eden space 104960K,  86% used [0x04000000, 0x098e4180, 0x0a680000)
  from space 13056K,  77% used [0x0a680000, 0x0b058748, 0x0b340000)
  to   space 13056K,   0% used [0x0b340000, 0x0b340000, 0x0c000000)
 concurrent mark-sweep generation total 917504K, used 76941K [0x0c000000, 0x44000000, 0x44000000)
 Metaspace       used 23368K, capacity 23586K, committed 23808K, reserved 23936K
Event: 26.219 GC heap after
Heap after GC invocations=35 (full 12):
 par new generation   total 118016K, used 10562K [0x04000000, 0x0c000000, 0x0c000000)
  eden space 104960K,   0% used [0x04000000, 0x04000000, 0x0a680000)
  from space 13056K,  80% used [0x0b340000, 0x0bd908a8, 0x0c000000)
  to   space 13056K,   0% used [0x0a680000, 0x0a680000, 0x0b340000)
 concurrent mark-sweep generation total 917504K, used 78763K [0x0c000000, 0x44000000, 0x44000000)
 Metaspace       used 23368K, capacity 23586K, committed 23808K, reserved 23936K
}

Deoptimization events (0 events):
No events

Internal exceptions (10 events):
Event: 26.234 Thread 0x4dd75800 Exception <a 'java/lang/InterruptedException': sleep interrupted> (0x05301508) thrown at [C:\workspace\8-2-build-windows-i586-cygwin\jdk8u77\6540\hotspot\src\share\vm\prims\jvm.cpp, line 3215]
Event: 26.247 Thread 0x4dd75800 Exception <a 'java/lang/InterruptedException': sleep interrupted> (0x05301788) thrown at [C:\workspace\8-2-build-windows-i586-cygwin\jdk8u77\6540\hotspot\src\share\vm\prims\jvm.cpp, line 3215]
Event: 26.247 Thread 0x4dd75800 Exception <a 'java/lang/InterruptedException': sleep interrupted> (0x05301a08) thrown at [C:\workspace\8-2-build-windows-i586-cygwin\jdk8u77\6540\hotspot\src\share\vm\prims\jvm.cpp, line 3167]
Event: 26.264 Thread 0x4dd75800 Exception <a 'java/lang/InterruptedException': sleep interrupted> (0x05301c48) thrown at [C:\workspace\8-2-build-windows-i586-cygwin\jdk8u77\6540\hotspot\src\share\vm\prims\jvm.cpp, line 3215]
Event: 26.264 Thread 0x4dd75800 Exception <a 'java/lang/InterruptedException': sleep interrupted> (0x05301ea8) thrown at [C:\workspace\8-2-build-windows-i586-cygwin\jdk8u77\6540\hotspot\src\share\vm\prims\jvm.cpp, line 3215]
Event: 26.286 Thread 0x4dd75800 Exception <a 'java/lang/InterruptedException': sleep interrupted> (0x05302108) thrown at [C:\workspace\8-2-build-windows-i586-cygwin\jdk8u77\6540\hotspot\src\share\vm\prims\jvm.cpp, line 3215]
Event: 26.286 Thread 0x4dd75800 Exception <a 'java/lang/InterruptedException': sleep interrupted> (0x05302368) thrown at [C:\workspace\8-2-build-windows-i586-cygwin\jdk8u77\6540\hotspot\src\share\vm\prims\jvm.cpp, line 3215]
Event: 26.302 Thread 0x4dd75800 Exception <a 'java/lang/InterruptedException': sleep interrupted> (0x053025c8) thrown at [C:\workspace\8-2-build-windows-i586-cygwin\jdk8u77\6540\hotspot\src\share\vm\prims\jvm.cpp, line 3215]
Event: 26.320 Thread 0x4dd75800 Exception <a 'java/lang/InterruptedException': sleep interrupted> (0x05302848) thrown at [C:\workspace\8-2-build-windows-i586-cygwin\jdk8u77\6540\hotspot\src\share\vm\prims\jvm.cpp, line 3215]
Event: 26.320 Thread 0x4dd75800 Exception <a 'java/lang/InterruptedException': sleep interrupted> (0x05302aa8) thrown at [C:\workspace\8-2-build-windows-i586-cygwin\jdk8u77\6540\hotspot\src\share\vm\prims\jvm.cpp, line 3215]

Events (10 events):
Event: 26.198 loading class sun/awt/image/ToolkitImage
Event: 26.198 loading class sun/awt/image/ToolkitImage done
Event: 26.198 loading class sun/java2d/loops/Blit$GeneralMaskBlit
Event: 26.198 loading class sun/java2d/loops/Blit$GeneralMaskBlit done
Event: 26.198 loading class sun/java2d/loops/MaskBlit$General
Event: 26.198 loading class sun/java2d/loops/GraphicsPrimitive$GeneralBinaryOp
Event: 26.198 loading class sun/java2d/loops/GraphicsPrimitive$GeneralBinaryOp done
Event: 26.198 loading class sun/java2d/loops/MaskBlit$General done
Event: 26.208 Executing VM operation: GenCollectForAllocation
Event: 26.219 Executing VM operation: GenCollectForAllocation done


Dynamic libraries:
0x01200000 - 0x01233000 	C:\Program Files\Java\jdk1.8.0_77\jre\bin\java.exe
0x77970000 - 0x77aeb000 	C:\WINDOWS\SYSTEM32\ntdll.dll
0x75190000 - 0x75226000 	C:\WINDOWS\system32\KERNEL32.DLL
0x74e90000 - 0x7500f000 	C:\WINDOWS\system32\KERNELBASE.dll
0x73340000 - 0x733d2000 	C:\WINDOWS\system32\apphelp.dll
0x76c50000 - 0x76ccb000 	C:\WINDOWS\system32\ADVAPI32.dll
0x77690000 - 0x7774e000 	C:\WINDOWS\system32\msvcrt.dll
0x77370000 - 0x773b4000 	C:\WINDOWS\system32\sechost.dll
0x75350000 - 0x75412000 	C:\WINDOWS\system32\RPCRT4.dll
0x76d30000 - 0x76e68000 	C:\WINDOWS\system32\USER32.dll
0x77530000 - 0x77685000 	C:\WINDOWS\system32\GDI32.dll
0x67dc0000 - 0x67fcf000 	C:\WINDOWS\WinSxS\x86_microsoft.windows.common-controls_6595b64144ccf1df_6.0.10586.0_none_d3c2e4e965da4528\COMCTL32.dll
0x777b0000 - 0x7796d000 	C:\WINDOWS\system32\combase.dll
0x74740000 - 0x74798000 	C:\WINDOWS\system32\bcryptPrimitives.dll
0x774b0000 - 0x774df000 	C:\WINDOWS\system32\IMM32.DLL
0x77b70000 - 0x77c2f000 	C:\Program Files\Java\jdk1.8.0_77\jre\bin\msvcr100.dll
0x6c7d0000 - 0x6cb98000 	C:\Program Files\Java\jdk1.8.0_77\jre\bin\client\jvm.dll
0x75490000 - 0x75496000 	C:\WINDOWS\system32\PSAPI.DLL
0x66970000 - 0x66978000 	C:\WINDOWS\SYSTEM32\WSOCK32.dll
0x73280000 - 0x732a4000 	C:\WINDOWS\SYSTEM32\WINMM.dll
0x77450000 - 0x774af000 	C:\WINDOWS\system32\WS2_32.dll
0x6a810000 - 0x6a818000 	C:\WINDOWS\SYSTEM32\VERSION.dll
0x73230000 - 0x73253000 	C:\WINDOWS\SYSTEM32\WINMMBASE.dll
0x75110000 - 0x75147000 	C:\WINDOWS\system32\cfgmgr32.dll
0x66200000 - 0x6620c000 	C:\Program Files\Java\jdk1.8.0_77\jre\bin\verify.dll
0x6d740000 - 0x6d761000 	C:\Program Files\Java\jdk1.8.0_77\jre\bin\java.dll
0x700e0000 - 0x700f3000 	C:\Program Files\Java\jdk1.8.0_77\jre\bin\zip.dll
0x757b0000 - 0x76bae000 	C:\WINDOWS\system32\SHELL32.dll
0x747a0000 - 0x74c9a000 	C:\WINDOWS\system32\windows.storage.dll
0x774e0000 - 0x77525000 	C:\WINDOWS\system32\shlwapi.dll
0x74730000 - 0x7473c000 	C:\WINDOWS\system32\kernel.appcore.dll
0x773c0000 - 0x7744d000 	C:\WINDOWS\system32\shcore.dll
0x746d0000 - 0x74714000 	C:\WINDOWS\system32\powrprof.dll
0x746c0000 - 0x746cf000 	C:\WINDOWS\system32\profapi.dll
0x011c0000 - 0x011c7000 	D:\Program Files\JetBrains\IntelliJ IDEA Community Edition 2016.1\bin\breakgen.dll
0x56910000 - 0x56926000 	C:\Program Files\Java\jdk1.8.0_77\jre\bin\net.dll
0x740d0000 - 0x74120000 	C:\WINDOWS\system32\mswsock.dll
0x66210000 - 0x6621a000 	C:\Program Files\Java\jdk1.8.0_77\jre\bin\management.dll
0x661f0000 - 0x661ff000 	C:\Program Files\Java\jdk1.8.0_77\jre\bin\nio.dll
0x644c0000 - 0x644d2000 	C:\WINDOWS\system32\napinsp.dll
0x64480000 - 0x64496000 	C:\WINDOWS\system32\pnrpnsp.dll
0x725b0000 - 0x725c4000 	C:\WINDOWS\system32\NLAapi.dll
0x66450000 - 0x6645b000 	C:\WINDOWS\System32\winrnr.dll
0x734a0000 - 0x73524000 	C:\WINDOWS\SYSTEM32\DNSAPI.dll
0x76bb0000 - 0x76bb7000 	C:\WINDOWS\system32\NSI.dll
0x6a230000 - 0x6a251000 	C:\Program Files\Bonjour\mdnsNSP.dll
0x6e9d0000 - 0x6e9ff000 	C:\WINDOWS\SYSTEM32\Iphlpapi.DLL
0x6a220000 - 0x6a228000 	C:\Windows\System32\rasadhlp.dll
0x6c370000 - 0x6c3b7000 	C:\WINDOWS\System32\fwpuclnt.dll
0x74620000 - 0x7463d000 	C:\WINDOWS\SYSTEM32\bcrypt.dll
0x46d40000 - 0x46d8d000 	C:\Users\Administrator\.gradle\caches\minecraft\net\minecraft\minecraft_natives\1.7.10\lwjgl.dll
0x51aa0000 - 0x51b80000 	C:\WINDOWS\SYSTEM32\OPENGL32.dll
0x51a40000 - 0x51a65000 	C:\WINDOWS\SYSTEM32\GLU32.dll
0x51950000 - 0x51a3e000 	C:\WINDOWS\SYSTEM32\DDRAW.dll
0x518e0000 - 0x518e7000 	C:\WINDOWS\SYSTEM32\DCIMAN32.dll
0x741b0000 - 0x741c3000 	C:\WINDOWS\SYSTEM32\CRYPTSP.dll
0x73e10000 - 0x73e3f000 	C:\WINDOWS\system32\rsaenh.dll
0x73f90000 - 0x73fa9000 	C:\WINDOWS\SYSTEM32\USERENV.dll
0x742a0000 - 0x742aa000 	C:\WINDOWS\SYSTEM32\CRYPTBASE.dll
0x6bdf0000 - 0x6be03000 	C:\WINDOWS\SYSTEM32\dhcpcsvc6.DLL
0x6bdd0000 - 0x6bde4000 	C:\WINDOWS\SYSTEM32\dhcpcsvc.DLL
0x567c0000 - 0x56905000 	C:\Program Files\Java\jdk1.8.0_77\jre\bin\awt.dll
0x755a0000 - 0x75632000 	C:\WINDOWS\system32\OLEAUT32.dll
0x73420000 - 0x73499000 	C:\WINDOWS\system32\uxtheme.dll
0x75230000 - 0x7534f000 	C:\WINDOWS\system32\MSCTF.dll
0x72bc0000 - 0x72bdd000 	C:\WINDOWS\system32\dwmapi.dll
0x48090000 - 0x488de000 	C:\WINDOWS\SYSTEM32\ig75icd32.dll
0x70e80000 - 0x71731000 	C:\WINDOWS\SYSTEM32\igdusc32.dll
0x73080000 - 0x7308f000 	C:\WINDOWS\SYSTEM32\WTSAPI32.dll
0x5b400000 - 0x5b47f000 	C:\WINDOWS\SYSTEM32\mscms.dll
0x63b10000 - 0x63b4c000 	C:\WINDOWS\SYSTEM32\icm32.dll
0x70a40000 - 0x70a7a000 	C:\Users\Administrator\.gradle\caches\minecraft\net\minecraft\minecraft_natives\1.7.10\avutil-ttv-51.dll
0x65980000 - 0x6599d000 	C:\Users\Administrator\.gradle\caches\minecraft\net\minecraft\minecraft_natives\1.7.10\swresample-ttv-0.dll
0x6eb80000 - 0x6ec09000 	C:\Users\Administrator\.gradle\caches\minecraft\net\minecraft\minecraft_natives\1.7.10\libmp3lame-ttv.dll
0x4e0a0000 - 0x4f020000 	C:\Users\Administrator\.gradle\caches\minecraft\net\minecraft\minecraft_natives\1.7.10\libmfxsw32.dll
0x55930000 - 0x55a33000 	C:\Users\Administrator\.gradle\caches\minecraft\net\minecraft\minecraft_natives\1.7.10\twitchsdk.dll
0x77280000 - 0x7736b000 	C:\WINDOWS\system32\ole32.dll
0x67b90000 - 0x67db8000 	C:\WINDOWS\SYSTEM32\WININET.dll
0x54b90000 - 0x54bf5000 	C:\Users\Administrator\.gradle\caches\minecraft\net\minecraft\minecraft_natives\1.7.10\OpenAL32.dll
0x76bc0000 - 0x76c44000 	C:\WINDOWS\system32\clbcatq.dll
0x54c50000 - 0x54ca5000 	C:\WINDOWS\System32\MMDevApi.dll
0x733f0000 - 0x73412000 	C:\WINDOWS\System32\DEVOBJ.dll
0x73090000 - 0x731db000 	C:\WINDOWS\System32\PROPSYS.dll
0x54cb0000 - 0x54d36000 	C:\WINDOWS\SYSTEM32\dsound.dll
0x54e60000 - 0x54ec8000 	C:\WINDOWS\SYSTEM32\AUDIOSES.DLL
0x54f00000 - 0x54fc8000 	C:\WINDOWS\SYSTEM32\wintypes.dll
0x567a0000 - 0x567c0000 	C:\Program Files\Java\jdk1.8.0_77\jre\bin\sunec.dll
0x565a0000 - 0x566df000 	C:\WINDOWS\SYSTEM32\dbghelp.dll

VM Arguments:
jvm_args: -Xincgc -Xmx1024M -Xms1024M -Didea.launcher.port=7533 -Didea.launcher.bin.path=D:\Program Files\JetBrains\IntelliJ IDEA Community Edition 2016.1\bin -Dfile.encoding=UTF-8 
java_command: com.intellij.rt.execution.application.AppMain GradleStart
java_class_path (initial): C:\Program Files\Java\jdk1.8.0_77\jre\lib\charsets.jar;C:\Program Files\Java\jdk1.8.0_77\jre\lib\deploy.jar;C:\Program Files\Java\jdk1.8.0_77\jre\lib\ext\access-bridge.jar;C:\Program Files\Java\jdk1.8.0_77\jre\lib\ext\cldrdata.jar;C:\Program Files\Java\jdk1.8.0_77\jre\lib\ext\dnsns.jar;C:\Program Files\Java\jdk1.8.0_77\jre\lib\ext\jaccess.jar;C:\Program Files\Java\jdk1.8.0_77\jre\lib\ext\jfxrt.jar;C:\Program Files\Java\jdk1.8.0_77\jre\lib\ext\localedata.jar;C:\Program Files\Java\jdk1.8.0_77\jre\lib\ext\nashorn.jar;C:\Program Files\Java\jdk1.8.0_77\jre\lib\ext\sunec.jar;C:\Program Files\Java\jdk1.8.0_77\jre\lib\ext\sunjce_provider.jar;C:\Program Files\Java\jdk1.8.0_77\jre\lib\ext\sunmscapi.jar;C:\Program Files\Java\jdk1.8.0_77\jre\lib\ext\sunpkcs11.jar;C:\Program Files\Java\jdk1.8.0_77\jre\lib\ext\zipfs.jar;C:\Program Files\Java\jdk1.8.0_77\jre\lib\javaws.jar;C:\Program Files\Java\jdk1.8.0_77\jre\lib\jce.jar;C:\Program Files\Java\jdk1.8.0_77\jre\lib\jfr.jar;C:\Program Files\Java\jdk1.8.0_77\jre\lib\jfxswt.jar;C:\Program Files\Java\jdk1.8.0_77\jre\lib\jsse.jar;C:\Program Files\Java\jdk1.8.0_77\jre\lib\management-agent.jar;C:\Program Files\Java\jdk1.8.0_77\jre\lib\plugin.jar;C:\Program Files\Java\jdk1.8.0_77\jre\lib\resources.jar;C:\Program Files\Java\jdk1.8.0_77\jre\lib\rt.jar;F:\Games\GameSomething\Minecraft\1.7.10 modsDevelop\MoreToolsMod\out\production\MoreTools Project;C:\Users\Administrator\.gradle\caches\minecraft\net\minecraftforge\forge\1.7.10-10.13.4.1558-1.7.10\forgeSrc-1.7.10-10.13.4.1558-1.7.10.jar;C:\Users\Administrator\.gradle\caches\modules-2\files-2.1\net.minecraft\launchwrapper\1.12\111e7bea9c968cdb3d06ef4632bf7ff0824d0f36\launchwrapper-1.12.jar;C:\Users\Administrator\.gradle\caches\modules-2\files-2.1\com.google.code.findbugs\jsr305\1.3.9\40719ea6961c0cb6afaeb6a921eaa1f6afd4cfdf\jsr305-1.3.9.jar;C:\Users\Administrator\.gradle\caches\modules-2\files-2.1\org.ow2.asm\asm-debug-all\5.0.3\f9e364ae2a66ce2a543012a4668856e84e5dab
Launcher Type: SUN_STANDARD

Environment Variables:
JAVA_HOME=C:\Program Files\Java\jdk1.8.0_77
CLASSPATH=.;C:\Program Files\Java\jdk1.8.0_77\lib;C:\Program Files\Java\jdk1.8.0_77\lib\tools.jar
PATH=C:\ProgramData\Oracle\Java\javapath;C:\WINDOWS\system32;C:\WINDOWS;C:\WINDOWS\System32\Wbem;C:\WINDOWS\System32\WindowsPowerShell\v1.0\;C:\WINDOWS\system32\config\systemprofile\.dnx\bin;C:\Program Files\Microsoft DNX\Dnvm\;C:\Program Files\Windows Kits\8.1\Windows Performance Toolkit\;D:\Program Files\Git\bin;C:\Users\Administrator\.gradle\bin;C:\Program Files\Java\jdk1.8.0_77\bin
USERNAME=Administrator
OS=Windows_NT
PROCESSOR_IDENTIFIER=x86 Family 6 Model 60 Stepping 3, GenuineIntel



---------------  S Y S T E M  ---------------

OS: Windows 10.0 Build 10586 (10.0.10586.0)

CPU:total 2 (2 cores per cpu, 1 threads per core) family 6 model 60 stepping 3, cmov, cx8, fxsr, mmx, sse, sse2, sse3, ssse3, sse4.1, sse4.2, popcnt, clmul, erms, lzcnt, tsc, tscinvbit

Memory: 4k page, physical 3589964k(590532k free), swap 7428648k(1446636k free)

vm_info: Java HotSpot(TM) Client VM (25.77-b03) for windows-x86 JRE (1.8.0_77-b03), built on Mar 20 2016 22:00:03 by "java_re" with MS VC++ 10.0 (VS2010)

time: Sat Apr 23 09:43:48 2016
elapsed time: 26 seconds (0d 0h 0m 26s)

