#
# A fatal error has been detected by the Java Runtime Environment:
#
#  EXCEPTION_ACCESS_VIOLATION (0xc0000005) at pc=0x4804e84a, pid=11236, tid=9788
#
# JRE version: Java(TM) SE Runtime Environment (8.0_91-b14) (build 1.8.0_91-b14)
# Java VM: Java HotSpot(TM) Client VM (25.91-b14 mixed mode windows-x86 )
# Problematic frame:
# C  [ig75icd32.dll+0xe84a]
#
# Failed to write core dump. Minidumps are not enabled by default on client versions of Windows
#
# If you would like to submit a bug report, please visit:
#   http://bugreport.java.com/bugreport/crash.jsp
# The crash happened outside the Java Virtual Machine in native code.
# See problematic frame for where to report the bug.
#

---------------  T H R E A D  ---------------

Current thread (0x00ba3800):  JavaThread "Client thread" [_thread_in_native, id=9788, stack(0x00770000,0x007c0000)]

siginfo: ExceptionCode=0xc0000005, writing address 0x00000000

Registers:
EAX=0x00000000, EBX=0x004f64c0, ECX=0x00000010, EDX=0x0050c8f0
ESP=0x007be678, EBP=0x007be678, ESI=0x0050b9d4, EDI=0x00000010
EIP=0x4804e84a, EFLAGS=0x00010293

Top of Stack: (sp=0x007be678)
0x007be678:   007be694 480ef196 00000010 004f64c0
0x007be688:   004f64c0 0000001c 00000000 007be6b0
0x007be698:   480efea4 004f64c0 48399431 6fe4fc1c
0x007be6a8:   007be6d8 00000000 007be6d8 485eb8da
0x007be6b8:   004f64c0 6fe4f120 48439c0a 00ba3800
0x007be6c8:   4e0ad1e0 4e0ad1e0 6f3d4018 6f3d4090
0x007be6d8:   007be738 476f8643 0000001e 00001405
0x007be6e8:   54944008 01e1d3b3 00ba3940 007be740 

Instructions: (pc=0x4804e84a)
0x4804e82a:   42 dc 89 41 dc 8b 42 e0 89 41 e0 8b 42 e4 89 41
0x4804e83a:   e4 8b 42 e8 89 41 e8 8b 42 ec 89 41 ec 8b 42 f0
0x4804e84a:   89 41 f0 8b 42 f4 89 41 f4 8b 42 f8 89 41 f8 8b
0x4804e85a:   42 fc 89 41 fc 8b 45 08 a8 01 74 0a 8a 02 88 01 


Register to memory mapping:

EAX=0x00000000 is an unknown value
EBX=0x004f64c0 is an unknown value
ECX=0x00000010 is an unknown value
EDX=0x0050c8f0 is an unknown value
ESP=0x007be678 is pointing into the stack for thread: 0x00ba3800
EBP=0x007be678 is pointing into the stack for thread: 0x00ba3800
ESI=0x0050b9d4 is an unknown value
EDI=0x00000010 is an unknown value


Stack: [0x00770000,0x007c0000],  sp=0x007be678,  free space=313k
Native frames: (J=compiled Java code, j=interpreted, Vv=VM code, C=native code)
C  [ig75icd32.dll+0xe84a]
C  [ig75icd32.dll+0xaf196]
C  [ig75icd32.dll+0xafea4]
C  [ig75icd32.dll+0x5ab8da]
C  [lwjgl.dll+0x8643]
J 4159 C1 net.minecraft.client.renderer.RenderList.callLists()V (87 bytes) @ 0x026433c0 [0x02643090+0x330]
C  0x5ab9edf8

Java frames: (J=compiled Java code, j=interpreted, Vv=VM code)
j  org.lwjgl.opengl.GL11.nglCallLists(IIJJ)V+0
J 4159 C1 net.minecraft.client.renderer.RenderList.callLists()V (87 bytes) @ 0x026433c0 [0x02643090+0x330]
J 4055 C1 net.minecraft.client.renderer.RenderGlobal.renderAllRenderLists(ID)V (52 bytes) @ 0x02612278 [0x02612210+0x68]
J 3213 C1 net.minecraft.client.renderer.RenderGlobal.renderSortedRenderers(IIID)I (589 bytes) @ 0x02435ddc [0x024357c0+0x61c]
J 3911 C1 net.minecraft.client.renderer.RenderGlobal.sortAndRender(Lnet/minecraft/entity/EntityLivingBase;ID)I (1189 bytes) @ 0x025900f0 [0x0258e6f0+0x1a00]
j  net.minecraft.client.renderer.EntityRenderer.renderWorld(FJ)V+639
j  net.minecraft.client.renderer.EntityRenderer.updateCameraAndRender(F)V+498
j  net.minecraft.client.Minecraft.runGameLoop()V+324
j  net.minecraft.client.Minecraft.run()V+61
j  net.minecraft.client.main.Main.main([Ljava/lang/String;)V+998
v  ~StubRoutines::call_stub
j  sun.reflect.NativeMethodAccessorImpl.invoke0(Ljava/lang/reflect/Method;Ljava/lang/Object;[Ljava/lang/Object;)Ljava/lang/Object;+0
j  sun.reflect.NativeMethodAccessorImpl.invoke(Ljava/lang/Object;[Ljava/lang/Object;)Ljava/lang/Object;+100
j  sun.reflect.DelegatingMethodAccessorImpl.invoke(Ljava/lang/Object;[Ljava/lang/Object;)Ljava/lang/Object;+6
j  java.lang.reflect.Method.invoke(Ljava/lang/Object;[Ljava/lang/Object;)Ljava/lang/Object;+56
j  net.minecraft.launchwrapper.Launch.launch([Ljava/lang/String;)V+661
j  net.minecraft.launchwrapper.Launch.main([Ljava/lang/String;)V+8
j  net.minecraftforge.gradle.GradleStartCommon.launch([Ljava/lang/String;)V+181
j  GradleStart.main([Ljava/lang/String;)V+11
v  ~StubRoutines::call_stub
j  sun.reflect.NativeMethodAccessorImpl.invoke0(Ljava/lang/reflect/Method;Ljava/lang/Object;[Ljava/lang/Object;)Ljava/lang/Object;+0
j  sun.reflect.NativeMethodAccessorImpl.invoke(Ljava/lang/Object;[Ljava/lang/Object;)Ljava/lang/Object;+100
j  sun.reflect.DelegatingMethodAccessorImpl.invoke(Ljava/lang/Object;[Ljava/lang/Object;)Ljava/lang/Object;+6
j  java.lang.reflect.Method.invoke(Ljava/lang/Object;[Ljava/lang/Object;)Ljava/lang/Object;+56
j  com.intellij.rt.execution.application.AppMain.main([Ljava/lang/String;)V+180
v  ~StubRoutines::call_stub

---------------  P R O C E S S  ---------------

Java Threads: ( => current thread )
  0x46d3a800 JavaThread "Keep-Alive-Timer" daemon [_thread_blocked, id=6292, stack(0x66310000,0x66360000)]
  0x46d3b000 JavaThread "Netty IO #3" daemon [_thread_in_native, id=5672, stack(0x63ee0000,0x63f30000)]
  0x46d41400 JavaThread "Netty Client IO #1" daemon [_thread_in_native, id=10640, stack(0x63e90000,0x63ee0000)]
  0x46d3a400 JavaThread "Netty IO #2" daemon [_thread_in_native, id=3068, stack(0x63e40000,0x63e90000)]
  0x46d39c00 JavaThread "Server thread" [_thread_blocked, id=9588, stack(0x63df0000,0x63e40000)]
  0x46d3d400 JavaThread "Snooper Timer" daemon [_thread_blocked, id=11868, stack(0x63da0000,0x63df0000)]
  0x46d40800 JavaThread "File IO Thread" [_thread_blocked, id=10820, stack(0x5f300000,0x5f350000)]
  0x471fa000 JavaThread "pool-2-thread-1" [_thread_blocked, id=11616, stack(0x5f160000,0x5f1b0000)]
  0x471f9400 JavaThread "Netty IO #1" daemon [_thread_in_native, id=11500, stack(0x5f010000,0x5f060000)]
  0x471f8400 JavaThread "Netty Client IO #0" daemon [_thread_in_native, id=11692, stack(0x5eec0000,0x5ef10000)]
  0x471fb800 JavaThread "Netty IO #0" daemon [_thread_in_native, id=5012, stack(0x5bce0000,0x5bd30000)]
  0x471fb000 JavaThread "Thread-11" [_thread_blocked, id=4504, stack(0x5acc0000,0x5ad10000)]
  0x471fc000 JavaThread "Thread-10" [_thread_blocked, id=10872, stack(0x5ac70000,0x5acc0000)]
  0x4d12bc00 JavaThread "LWJGL Timer" daemon [_thread_blocked, id=11988, stack(0x503e0000,0x50430000)]
  0x473ac400 JavaThread "Java2D Disposer" daemon [_thread_blocked, id=10252, stack(0x47e80000,0x47ed0000)]
  0x47297400 JavaThread "Timer hack thread" daemon [_thread_blocked, id=11404, stack(0x478e0000,0x47930000)]
  0x47248400 JavaThread "Snooper Timer" daemon [_thread_blocked, id=11336, stack(0x47890000,0x478e0000)]
  0x465c3800 JavaThread "Monitor Ctrl-Break" daemon [_thread_in_native, id=7628, stack(0x46a10000,0x46a60000)]
  0x46177c00 JavaThread "Service Thread" daemon [_thread_blocked, id=11244, stack(0x46360000,0x463b0000)]
  0x46150800 JavaThread "C1 CompilerThread0" daemon [_thread_blocked, id=11352, stack(0x46310000,0x46360000)]
  0x4614c000 JavaThread "Attach Listener" daemon [_thread_blocked, id=9892, stack(0x462c0000,0x46310000)]
  0x4614ac00 JavaThread "Signal Dispatcher" daemon [_thread_blocked, id=8532, stack(0x46270000,0x462c0000)]
  0x4614a400 JavaThread "Surrogate Locker Thread (Concurrent GC)" daemon [_thread_blocked, id=11020, stack(0x03fb0000,0x04000000)]
  0x4610a400 JavaThread "Finalizer" daemon [_thread_blocked, id=9604, stack(0x03f00000,0x03f50000)]
  0x46105c00 JavaThread "Reference Handler" daemon [_thread_blocked, id=11300, stack(0x03eb0000,0x03f00000)]
=>0x00ba3800 JavaThread "Client thread" [_thread_in_native, id=9788, stack(0x00770000,0x007c0000)]

Other Threads:
  0x460f0c00 VMThread [stack: 0x03e60000,0x03eb0000] [id=10372]
  0x461cac00 WatcherThread [stack: 0x463b0000,0x46400000] [id=11444]

VM state:not at safepoint (normal execution)

VM Mutex/Monitor currently owned by a thread: None

Heap:
 par new generation   total 118016K, used 26018K [0x04000000, 0x0c000000, 0x0c000000)
  eden space 104960K,  12% used [0x04000000, 0x04ca8a30, 0x0a680000)
  from space 13056K, 100% used [0x0b340000, 0x0c000000, 0x0c000000)
  to   space 13056K,   0% used [0x0a680000, 0x0a680000, 0x0b340000)
 concurrent mark-sweep generation total 917504K, used 139971K [0x0c000000, 0x44000000, 0x44000000)
 Metaspace       used 22808K, capacity 23015K, committed 23168K, reserved 23936K

Card table byte_map: [0x00d80000,0x00f90000] byte_map_base: 0x00d60000

Marking Bits: (CMSBitMap*) 0x00be6d50
 Bits: [0x44000000, 0x45c00000)

Mod Union Table: (CMSBitMap*) 0x00be6db0
 Bits: [0x01160000, 0x01198000)

Polling page: 0x007c0000

CodeCache: size=32768Kb used=8413Kb max_used=8413Kb free=24354Kb
 bounds [0x01e10000, 0x02650000, 0x03e10000]
 total_blobs=4500 nmethods=4101 adapters=325
 compilation: enabled

Compilation events (10 events):
Event: 61.727 Thread 0x46150800 4168             java.io.DataOutputStream::writeBytes (37 bytes)
Event: 61.727 Thread 0x46150800 nmethod 4168 0x02646608 code [0x02646730, 0x026468c8]
Event: 61.757 Thread 0x46150800 4169  s          paulscode.sound.SimpleThread::kill (15 bytes)
Event: 61.758 Thread 0x46150800 nmethod 4169 0x02646ac8 code [0x02646bc0, 0x02646da0]
Event: 61.779 Thread 0x46150800 4170             paulscode.sound.SimpleThread::dying (7 bytes)
Event: 61.780 Thread 0x46150800 nmethod 4170 0x02646e08 code [0x02646f00, 0x026470f0]
Event: 61.838 Thread 0x46150800 4171             net.minecraftforge.client.GuiIngameForge::pre (19 bytes)
Event: 61.839 Thread 0x46150800 nmethod 4171 0x02647188 code [0x026472a0, 0x026473a8]
Event: 61.866 Thread 0x46150800 4172             net.minecraft.client.settings.KeyBinding::isPressed (21 bytes)
Event: 61.866 Thread 0x46150800 nmethod 4172 0x02647488 code [0x02647580, 0x02647620]

GC Heap History (10 events):
Event: 53.027 GC heap before
{Heap before GC invocations=48 (full 16):
 par new generation   total 118016K, used 118016K [0x04000000, 0x0c000000, 0x0c000000)
  eden space 104960K, 100% used [0x04000000, 0x0a680000, 0x0a680000)
  from space 13056K, 100% used [0x0b340000, 0x0c000000, 0x0c000000)
  to   space 13056K,   0% used [0x0a680000, 0x0a680000, 0x0b340000)
 concurrent mark-sweep generation total 917504K, used 140820K [0x0c000000, 0x44000000, 0x44000000)
 Metaspace       used 22802K, capacity 22983K, committed 23168K, reserved 23936K
Event: 53.048 GC heap after
Heap after GC invocations=49 (full 16):
 par new generation   total 118016K, used 13056K [0x04000000, 0x0c000000, 0x0c000000)
  eden space 104960K,   0% used [0x04000000, 0x04000000, 0x0a680000)
  from space 13056K, 100% used [0x0a680000, 0x0b340000, 0x0b340000)
  to   space 13056K,   0% used [0x0b340000, 0x0b340000, 0x0c000000)
 concurrent mark-sweep generation total 917504K, used 149610K [0x0c000000, 0x44000000, 0x44000000)
 Metaspace       used 22802K, capacity 22983K, committed 23168K, reserved 23936K
}
Event: 54.879 GC heap before
{Heap before GC invocations=49 (full 16):
 par new generation   total 118016K, used 118016K [0x04000000, 0x0c000000, 0x0c000000)
  eden space 104960K, 100% used [0x04000000, 0x0a680000, 0x0a680000)
  from space 13056K, 100% used [0x0a680000, 0x0b340000, 0x0b340000)
  to   space 13056K,   0% used [0x0b340000, 0x0b340000, 0x0c000000)
 concurrent mark-sweep generation total 917504K, used 149610K [0x0c000000, 0x44000000, 0x44000000)
 Metaspace       used 22802K, capacity 22983K, committed 23168K, reserved 23936K
Event: 54.906 GC heap after
Heap after GC invocations=50 (full 16):
 par new generation   total 118016K, used 13056K [0x04000000, 0x0c000000, 0x0c000000)
  eden space 104960K,   0% used [0x04000000, 0x04000000, 0x0a680000)
  from space 13056K, 100% used [0x0b340000, 0x0c000000, 0x0c000000)
  to   space 13056K,   0% used [0x0a680000, 0x0a680000, 0x0b340000)
 concurrent mark-sweep generation total 917504K, used 162773K [0x0c000000, 0x44000000, 0x44000000)
 Metaspace       used 22802K, capacity 22983K, committed 23168K, reserved 23936K
}
Event: 56.652 GC heap before
{Heap before GC invocations=50 (full 16):
 par new generation   total 118016K, used 111901K [0x04000000, 0x0c000000, 0x0c000000)
  eden space 104960K,  94% used [0x04000000, 0x0a087730, 0x0a680000)
  from space 13056K, 100% used [0x0b340000, 0x0c000000, 0x0c000000)
  to   space 13056K,   0% used [0x0a680000, 0x0a680000, 0x0b340000)
 concurrent mark-sweep generation total 917504K, used 162773K [0x0c000000, 0x44000000, 0x44000000)
 Metaspace       used 22802K, capacity 22983K, committed 23168K, reserved 23936K
Event: 56.867 GC heap after
Heap after GC invocations=51 (full 17):
 par new generation   total 118016K, used 0K [0x04000000, 0x0c000000, 0x0c000000)
  eden space 104960K,   0% used [0x04000000, 0x04000000, 0x0a680000)
  from space 13056K,   0% used [0x0b340000, 0x0b340000, 0x0c000000)
  to   space 13056K,   0% used [0x0a680000, 0x0a680000, 0x0b340000)
 concurrent mark-sweep generation total 917504K, used 128716K [0x0c000000, 0x44000000, 0x44000000)
 Metaspace       used 22802K, capacity 22983K, committed 23168K, reserved 23936K
}
Event: 58.277 GC heap before
{Heap before GC invocations=51 (full 17):
 par new generation   total 118016K, used 104960K [0x04000000, 0x0c000000, 0x0c000000)
  eden space 104960K, 100% used [0x04000000, 0x0a680000, 0x0a680000)
  from space 13056K,   0% used [0x0b340000, 0x0b340000, 0x0c000000)
  to   space 13056K,   0% used [0x0a680000, 0x0a680000, 0x0b340000)
 concurrent mark-sweep generation total 917504K, used 128716K [0x0c000000, 0x44000000, 0x44000000)
 Metaspace       used 22806K, capacity 22983K, committed 23168K, reserved 23936K
Event: 58.291 GC heap after
Heap after GC invocations=52 (full 17):
 par new generation   total 118016K, used 13056K [0x04000000, 0x0c000000, 0x0c000000)
  eden space 104960K,   0% used [0x04000000, 0x04000000, 0x0a680000)
  from space 13056K, 100% used [0x0a680000, 0x0b340000, 0x0b340000)
  to   space 13056K,   0% used [0x0b340000, 0x0b340000, 0x0c000000)
 concurrent mark-sweep generation total 917504K, used 131606K [0x0c000000, 0x44000000, 0x44000000)
 Metaspace       used 22806K, capacity 22983K, committed 23168K, reserved 23936K
}
Event: 61.924 GC heap before
{Heap before GC invocations=52 (full 18):
 par new generation   total 118016K, used 118016K [0x04000000, 0x0c000000, 0x0c000000)
  eden space 104960K, 100% used [0x04000000, 0x0a680000, 0x0a680000)
  from space 13056K, 100% used [0x0a680000, 0x0b340000, 0x0b340000)
  to   space 13056K,   0% used [0x0b340000, 0x0b340000, 0x0c000000)
 concurrent mark-sweep generation total 917504K, used 131606K [0x0c000000, 0x44000000, 0x44000000)
 Metaspace       used 22808K, capacity 23015K, committed 23168K, reserved 23936K
Event: 61.943 GC heap after
Heap after GC invocations=53 (full 18):
 par new generation   total 118016K, used 13056K [0x04000000, 0x0c000000, 0x0c000000)
  eden space 104960K,   0% used [0x04000000, 0x04000000, 0x0a680000)
  from space 13056K, 100% used [0x0b340000, 0x0c000000, 0x0c000000)
  to   space 13056K,   0% used [0x0a680000, 0x0a680000, 0x0b340000)
 concurrent mark-sweep generation total 917504K, used 139971K [0x0c000000, 0x44000000, 0x44000000)
 Metaspace       used 22808K, capacity 23015K, committed 23168K, reserved 23936K
}

Deoptimization events (0 events):
No events

Internal exceptions (10 events):
Event: 61.816 Thread 0x471fc000 Exception <a 'java/lang/InterruptedException': sleep interrupted> (0x09d61dd0) thrown at [C:\re\workspace\8-2-build-windows-i586-cygwin\jdk8u91\6644\hotspot\src\share\vm\prims\jvm.cpp, line 3215]
Event: 61.839 Thread 0x471fc000 Exception <a 'java/lang/InterruptedException': sleep interrupted> (0x09d62030) thrown at [C:\re\workspace\8-2-build-windows-i586-cygwin\jdk8u91\6644\hotspot\src\share\vm\prims\jvm.cpp, line 3215]
Event: 61.839 Thread 0x471fc000 Exception <a 'java/lang/InterruptedException': sleep interrupted> (0x09d62290) thrown at [C:\re\workspace\8-2-build-windows-i586-cygwin\jdk8u91\6644\hotspot\src\share\vm\prims\jvm.cpp, line 3215]
Event: 61.869 Thread 0x471fc000 Exception <a 'java/lang/InterruptedException': sleep interrupted> (0x09d624f0) thrown at [C:\re\workspace\8-2-build-windows-i586-cygwin\jdk8u91\6644\hotspot\src\share\vm\prims\jvm.cpp, line 3215]
Event: 61.869 Thread 0x471fc000 Exception <a 'java/lang/InterruptedException': sleep interrupted> (0x09d62750) thrown at [C:\re\workspace\8-2-build-windows-i586-cygwin\jdk8u91\6644\hotspot\src\share\vm\prims\jvm.cpp, line 3215]
Event: 61.890 Thread 0x471fc000 Exception <a 'java/lang/InterruptedException': sleep interrupted> (0x09d629b0) thrown at [C:\re\workspace\8-2-build-windows-i586-cygwin\jdk8u91\6644\hotspot\src\share\vm\prims\jvm.cpp, line 3215]
Event: 61.890 Thread 0x471fc000 Exception <a 'java/lang/InterruptedException': sleep interrupted> (0x09d62c30) thrown at [C:\re\workspace\8-2-build-windows-i586-cygwin\jdk8u91\6644\hotspot\src\share\vm\prims\jvm.cpp, line 3167]
Event: 61.916 Thread 0x471fc000 Exception <a 'java/lang/InterruptedException': sleep interrupted> (0x09d62e70) thrown at [C:\re\workspace\8-2-build-windows-i586-cygwin\jdk8u91\6644\hotspot\src\share\vm\prims\jvm.cpp, line 3215]
Event: 61.916 Thread 0x471fc000 Exception <a 'java/lang/InterruptedException': sleep interrupted> (0x09d630f0) thrown at [C:\re\workspace\8-2-build-windows-i586-cygwin\jdk8u91\6644\hotspot\src\share\vm\prims\jvm.cpp, line 3167]
Event: 61.953 Thread 0x471fc000 Exception <a 'java/lang/InterruptedException': sleep interrupted> (0x04233de0) thrown at [C:\re\workspace\8-2-build-windows-i586-cygwin\jdk8u91\6644\hotspot\src\share\vm\prims\jvm.cpp, line 3215]

Events (10 events):
Event: 57.719 Executing VM operation: BulkRevokeBias
Event: 57.719 Executing VM operation: BulkRevokeBias done
Event: 58.276 Executing VM operation: GenCollectForAllocation
Event: 58.291 Executing VM operation: GenCollectForAllocation done
Event: 58.291 Executing VM operation: CMS_Initial_Mark
Event: 58.293 Executing VM operation: CMS_Initial_Mark done
Event: 61.512 Executing VM operation: RevokeBias
Event: 61.512 Executing VM operation: RevokeBias done
Event: 61.924 Executing VM operation: GenCollectForAllocation
Event: 61.943 Executing VM operation: GenCollectForAllocation done


Dynamic libraries:
0x011d0000 - 0x01203000 	C:\Program Files\Java\jre1.8.0_91\bin\java.exe
0x77970000 - 0x77aeb000 	C:\WINDOWS\SYSTEM32\ntdll.dll
0x75190000 - 0x75226000 	C:\WINDOWS\system32\KERNEL32.DLL
0x74e90000 - 0x7500f000 	C:\WINDOWS\system32\KERNELBASE.dll
0x73340000 - 0x733d2000 	C:\WINDOWS\system32\apphelp.dll
0x76c50000 - 0x76ccb000 	C:\WINDOWS\system32\ADVAPI32.dll
0x77690000 - 0x7774e000 	C:\WINDOWS\system32\msvcrt.dll
0x77370000 - 0x773b4000 	C:\WINDOWS\system32\sechost.dll
0x75350000 - 0x75412000 	C:\WINDOWS\system32\RPCRT4.dll
0x76d30000 - 0x76e68000 	C:\WINDOWS\system32\USER32.dll
0x77530000 - 0x77685000 	C:\WINDOWS\system32\GDI32.dll
0x67dc0000 - 0x67fcf000 	C:\WINDOWS\WinSxS\x86_microsoft.windows.common-controls_6595b64144ccf1df_6.0.10586.0_none_d3c2e4e965da4528\COMCTL32.dll
0x777b0000 - 0x7796d000 	C:\WINDOWS\system32\combase.dll
0x74740000 - 0x74798000 	C:\WINDOWS\system32\bcryptPrimitives.dll
0x774b0000 - 0x774df000 	C:\WINDOWS\system32\IMM32.DLL
0x78460000 - 0x7851f000 	C:\Program Files\Java\jre1.8.0_91\bin\msvcr100.dll
0x6c460000 - 0x6c82a000 	C:\Program Files\Java\jre1.8.0_91\bin\client\jvm.dll
0x75490000 - 0x75496000 	C:\WINDOWS\system32\PSAPI.DLL
0x66970000 - 0x66978000 	C:\WINDOWS\SYSTEM32\WSOCK32.dll
0x73280000 - 0x732a4000 	C:\WINDOWS\SYSTEM32\WINMM.dll
0x6a810000 - 0x6a818000 	C:\WINDOWS\SYSTEM32\VERSION.dll
0x73230000 - 0x73253000 	C:\WINDOWS\SYSTEM32\WINMMBASE.dll
0x75110000 - 0x75147000 	C:\WINDOWS\system32\cfgmgr32.dll
0x77450000 - 0x774af000 	C:\WINDOWS\system32\WS2_32.dll
0x5f370000 - 0x5f37c000 	C:\Program Files\Java\jre1.8.0_91\bin\verify.dll
0x6ce70000 - 0x6ce91000 	C:\Program Files\Java\jre1.8.0_91\bin\java.dll
0x6fbc0000 - 0x6fbd3000 	C:\Program Files\Java\jre1.8.0_91\bin\zip.dll
0x757b0000 - 0x76bae000 	C:\WINDOWS\system32\SHELL32.dll
0x747a0000 - 0x74c9a000 	C:\WINDOWS\system32\windows.storage.dll
0x774e0000 - 0x77525000 	C:\WINDOWS\system32\shlwapi.dll
0x74730000 - 0x7473c000 	C:\WINDOWS\system32\kernel.appcore.dll
0x773c0000 - 0x7744d000 	C:\WINDOWS\system32\shcore.dll
0x746d0000 - 0x74714000 	C:\WINDOWS\system32\powrprof.dll
0x746c0000 - 0x746cf000 	C:\WINDOWS\system32\profapi.dll
0x011c0000 - 0x011c7000 	D:\Program Files\JetBrains\IntelliJ IDEA Community Edition 2016.1\bin\breakgen.dll
0x6fb80000 - 0x6fb96000 	C:\Program Files\Java\jre1.8.0_91\bin\net.dll
0x740d0000 - 0x74120000 	C:\WINDOWS\system32\mswsock.dll
0x5bd40000 - 0x5bd4a000 	C:\Program Files\Java\jre1.8.0_91\bin\management.dll
0x50450000 - 0x5045f000 	C:\Program Files\Java\jre1.8.0_91\bin\nio.dll
0x644c0000 - 0x644d2000 	C:\WINDOWS\system32\napinsp.dll
0x64480000 - 0x64496000 	C:\WINDOWS\system32\pnrpnsp.dll
0x725b0000 - 0x725c4000 	C:\WINDOWS\system32\NLAapi.dll
0x66450000 - 0x6645b000 	C:\WINDOWS\System32\winrnr.dll
0x734a0000 - 0x73524000 	C:\WINDOWS\SYSTEM32\DNSAPI.dll
0x76bb0000 - 0x76bb7000 	C:\WINDOWS\system32\NSI.dll
0x6a230000 - 0x6a251000 	C:\Program Files\Bonjour\mdnsNSP.dll
0x6e9d0000 - 0x6e9ff000 	C:\WINDOWS\SYSTEM32\Iphlpapi.DLL
0x6a220000 - 0x6a228000 	C:\Windows\System32\rasadhlp.dll
0x6c370000 - 0x6c3b7000 	C:\WINDOWS\System32\fwpuclnt.dll
0x74620000 - 0x7463d000 	C:\WINDOWS\SYSTEM32\bcrypt.dll
0x476f0000 - 0x4773d000 	C:\Users\Administrator\.gradle\caches\minecraft\net\minecraft\minecraft_natives\1.7.10\lwjgl.dll
0x51aa0000 - 0x51b80000 	C:\WINDOWS\SYSTEM32\OPENGL32.dll
0x51a40000 - 0x51a65000 	C:\WINDOWS\SYSTEM32\GLU32.dll
0x51950000 - 0x51a3e000 	C:\WINDOWS\SYSTEM32\DDRAW.dll
0x518e0000 - 0x518e7000 	C:\WINDOWS\SYSTEM32\DCIMAN32.dll
0x741b0000 - 0x741c3000 	C:\WINDOWS\SYSTEM32\CRYPTSP.dll
0x73e10000 - 0x73e3f000 	C:\WINDOWS\system32\rsaenh.dll
0x73f90000 - 0x73fa9000 	C:\WINDOWS\SYSTEM32\USERENV.dll
0x742a0000 - 0x742aa000 	C:\WINDOWS\SYSTEM32\CRYPTBASE.dll
0x6bdf0000 - 0x6be03000 	C:\WINDOWS\SYSTEM32\dhcpcsvc6.DLL
0x6bdd0000 - 0x6bde4000 	C:\WINDOWS\SYSTEM32\dhcpcsvc.DLL
0x47a30000 - 0x47b75000 	C:\Program Files\Java\jre1.8.0_91\bin\awt.dll
0x755a0000 - 0x75632000 	C:\WINDOWS\system32\OLEAUT32.dll
0x73420000 - 0x73499000 	C:\WINDOWS\system32\uxtheme.dll
0x75230000 - 0x7534f000 	C:\WINDOWS\system32\MSCTF.dll
0x72bc0000 - 0x72bdd000 	C:\WINDOWS\system32\dwmapi.dll
0x48040000 - 0x4888e000 	C:\WINDOWS\SYSTEM32\ig75icd32.dll
0x70e80000 - 0x71731000 	C:\WINDOWS\SYSTEM32\igdusc32.dll
0x73080000 - 0x7308f000 	C:\WINDOWS\SYSTEM32\WTSAPI32.dll
0x5b400000 - 0x5b47f000 	C:\WINDOWS\SYSTEM32\mscms.dll
0x63b10000 - 0x63b4c000 	C:\WINDOWS\SYSTEM32\icm32.dll
0x70a40000 - 0x70a7a000 	C:\Users\Administrator\.gradle\caches\minecraft\net\minecraft\minecraft_natives\1.7.10\avutil-ttv-51.dll
0x65980000 - 0x6599d000 	C:\Users\Administrator\.gradle\caches\minecraft\net\minecraft\minecraft_natives\1.7.10\swresample-ttv-0.dll
0x6eb80000 - 0x6ec09000 	C:\Users\Administrator\.gradle\caches\minecraft\net\minecraft\minecraft_natives\1.7.10\libmp3lame-ttv.dll
0x4e1a0000 - 0x4f120000 	C:\Users\Administrator\.gradle\caches\minecraft\net\minecraft\minecraft_natives\1.7.10\libmfxsw32.dll
0x4f1c0000 - 0x4f2c3000 	C:\Users\Administrator\.gradle\caches\minecraft\net\minecraft\minecraft_natives\1.7.10\twitchsdk.dll
0x77280000 - 0x7736b000 	C:\WINDOWS\system32\ole32.dll
0x67b90000 - 0x67db8000 	C:\WINDOWS\SYSTEM32\WININET.dll
0x51870000 - 0x518d5000 	C:\Users\Administrator\.gradle\caches\minecraft\net\minecraft\minecraft_natives\1.7.10\OpenAL32.dll
0x76bc0000 - 0x76c44000 	C:\WINDOWS\system32\clbcatq.dll
0x5ad60000 - 0x5adb5000 	C:\WINDOWS\System32\MMDevApi.dll
0x733f0000 - 0x73412000 	C:\WINDOWS\System32\DEVOBJ.dll
0x73090000 - 0x731db000 	C:\WINDOWS\System32\PROPSYS.dll
0x5adc0000 - 0x5ae46000 	C:\WINDOWS\SYSTEM32\dsound.dll
0x77e20000 - 0x77e88000 	C:\WINDOWS\SYSTEM32\AUDIOSES.DLL
0x6e430000 - 0x6e4f8000 	C:\WINDOWS\SYSTEM32\wintypes.dll
0x661f0000 - 0x66210000 	C:\Program Files\Java\jre1.8.0_91\bin\sunec.dll
0x63f30000 - 0x63fec000 	C:\WINDOWS\system32\msctfuimanager.dll
0x63ff0000 - 0x64157000 	C:\WINDOWS\system32\DUI70.dll
0x77da0000 - 0x77e1b000 	C:\WINDOWS\system32\DUser.dll
0x64200000 - 0x6431c000 	C:\WINDOWS\SYSTEM32\UIAutomationCore.dll
0x74590000 - 0x74611000 	C:\WINDOWS\SYSTEM32\sxs.dll
0x72750000 - 0x7278f000 	C:\WINDOWS\System32\UIAnimation.dll
0x5abd0000 - 0x5ac24000 	C:\Windows\System32\oleacc.dll
0x6ba60000 - 0x6bc51000 	C:\WINDOWS\system32\dwrite.dll
0x729a0000 - 0x72bba000 	C:\WINDOWS\system32\d3d11.dll
0x72910000 - 0x72993000 	C:\WINDOWS\system32\dxgi.dll
0x656b0000 - 0x658c8000 	C:\WINDOWS\SYSTEM32\D3D10Warp.dll
0x72d40000 - 0x72df4000 	C:\WINDOWS\SYSTEM32\dcomp.dll
0x66210000 - 0x66280000 	C:\WINDOWS\system32\directmanipulation.dll
0x67950000 - 0x67a8f000 	C:\WINDOWS\SYSTEM32\dbghelp.dll

VM Arguments:
jvm_args: -Xincgc -Xmx1024M -Xms1024M -Didea.launcher.port=7535 -Didea.launcher.bin.path=D:\Program Files\JetBrains\IntelliJ IDEA Community Edition 2016.1\bin -Dfile.encoding=UTF-8 
java_command: com.intellij.rt.execution.application.AppMain GradleStart
java_class_path (initial): C:\Program Files\Java\jre1.8.0_91\lib\charsets.jar;C:\Program Files\Java\jre1.8.0_91\lib\deploy.jar;C:\Program Files\Java\jre1.8.0_91\lib\ext\access-bridge.jar;C:\Program Files\Java\jre1.8.0_91\lib\ext\cldrdata.jar;C:\Program Files\Java\jre1.8.0_91\lib\ext\dnsns.jar;C:\Program Files\Java\jre1.8.0_91\lib\ext\jaccess.jar;C:\Program Files\Java\jre1.8.0_91\lib\ext\jfxrt.jar;C:\Program Files\Java\jre1.8.0_91\lib\ext\localedata.jar;C:\Program Files\Java\jre1.8.0_91\lib\ext\nashorn.jar;C:\Program Files\Java\jre1.8.0_91\lib\ext\sunec.jar;C:\Program Files\Java\jre1.8.0_91\lib\ext\sunjce_provider.jar;C:\Program Files\Java\jre1.8.0_91\lib\ext\sunmscapi.jar;C:\Program Files\Java\jre1.8.0_91\lib\ext\sunpkcs11.jar;C:\Program Files\Java\jre1.8.0_91\lib\ext\zipfs.jar;C:\Program Files\Java\jre1.8.0_91\lib\javaws.jar;C:\Program Files\Java\jre1.8.0_91\lib\jce.jar;C:\Program Files\Java\jre1.8.0_91\lib\jfr.jar;C:\Program Files\Java\jre1.8.0_91\lib\jfxswt.jar;C:\Program Files\Java\jre1.8.0_91\lib\jsse.jar;C:\Program Files\Java\jre1.8.0_91\lib\management-agent.jar;C:\Program Files\Java\jre1.8.0_91\lib\plugin.jar;C:\Program Files\Java\jre1.8.0_91\lib\resources.jar;C:\Program Files\Java\jre1.8.0_91\lib\rt.jar;F:\Games\GameSomething\Minecraft\1.7.10 modsDevelop\MoreToolsMod\out\production\MoreTools Project;C:\Users\Administrator\.gradle\caches\minecraft\net\minecraftforge\forge\1.7.10-10.13.4.1558-1.7.10\forgeSrc-1.7.10-10.13.4.1558-1.7.10.jar;C:\Users\Administrator\.gradle\caches\modules-2\files-2.1\net.minecraft\launchwrapper\1.12\111e7bea9c968cdb3d06ef4632bf7ff0824d0f36\launchwrapper-1.12.jar;C:\Users\Administrator\.gradle\caches\modules-2\files-2.1\com.google.code.findbugs\jsr305\1.3.9\40719ea6961c0cb6afaeb6a921eaa1f6afd4cfdf\jsr305-1.3.9.jar;C:\Users\Administrator\.gradle\caches\modules-2\files-2.1\org.ow2.asm\asm-debug-all\5.0.3\f9e364ae2a66ce2a543012a4668856e84e5dab74\asm-debug-all-5.0.3.jar;C:\Users\Administrator\.gradle\caches\modules-2\files-2.1\com.typ
Launcher Type: SUN_STANDARD

Environment Variables:
JAVA_HOME=C:\Program Files\Java\jdk1.8.0_77
CLASSPATH=.;C:\Program Files\Java\jdk1.8.0_77\lib;C:\Program Files\Java\jdk1.8.0_77\lib\tools.jar
PATH=C:\ProgramData\Oracle\Java\javapath;C:\WINDOWS\system32;C:\WINDOWS;C:\WINDOWS\System32\Wbem;C:\WINDOWS\System32\WindowsPowerShell\v1.0\;C:\WINDOWS\system32\config\systemprofile\.dnx\bin;C:\Program Files\Microsoft DNX\Dnvm\;C:\Program Files\Windows Kits\8.1\Windows Performance Toolkit\;D:\Program Files\Git\bin;C:\Users\Administrator\.gradle\bin;C:\Program Files\Java\jdk1.8.0_77\bin
USERNAME=Administrator
OS=Windows_NT
PROCESSOR_IDENTIFIER=x86 Family 6 Model 60 Stepping 3, GenuineIntel



---------------  S Y S T E M  ---------------

OS: Windows 10.0 Build 10586 (10.0.10586.0)

CPU:total 2 (2 cores per cpu, 1 threads per core) family 6 model 60 stepping 3, cmov, cx8, fxsr, mmx, sse, sse2, sse3, ssse3, sse4.1, sse4.2, popcnt, clmul, erms, lzcnt, tsc, tscinvbit

Memory: 4k page, physical 3589964k(463572k free), swap 7425836k(841664k free)

vm_info: Java HotSpot(TM) Client VM (25.91-b14) for windows-x86 JRE (1.8.0_91-b14), built on Apr  1 2016 01:01:28 by "java_re" with MS VC++ 10.0 (VS2010)

time: Sat Apr 23 09:27:09 2016
elapsed time: 62 seconds (0d 0h 1m 2s)

