#
# A fatal error has been detected by the Java Runtime Environment:
#
#  EXCEPTION_ACCESS_VIOLATION (0xc0000005) at pc=0x4803e84a, pid=13080, tid=13192
#
# JRE version: Java(TM) SE Runtime Environment (8.0_77-b03) (build 1.8.0_77-b03)
# Java VM: Java HotSpot(TM) Client VM (25.77-b03 mixed mode windows-x86 )
# Problematic frame:
# C  [ig75icd32.dll+0xe84a]
#
# Failed to write core dump. Minidumps are not enabled by default on client versions of Windows
#
# If you would like to submit a bug report, please visit:
#   http://bugreport.java.com/bugreport/crash.jsp
# The crash happened outside the Java Virtual Machine in native code.
# See problematic frame for where to report the bug.
#

---------------  T H R E A D  ---------------

Current thread (0x00ba3800):  JavaThread "Client thread" [_thread_in_native, id=13192, stack(0x00b00000,0x00b50000)]

siginfo: ExceptionCode=0xc0000005, writing address 0x00000000

Registers:
EAX=0x3dc00a3d, EBX=0x00635b80, ECX=0x00000010, EDX=0x0064c050
ESP=0x00b4e768, EBP=0x00b4e768, ESI=0x0064b430, EDI=0x00000015
EIP=0x4803e84a, EFLAGS=0x00010293

Top of Stack: (sp=0x00b4e768)
0x00b4e768:   00b4e784 480df196 00000010 00635b80
0x00b4e778:   00635b80 00000022 00000000 00b4e7a0
0x00b4e788:   480dfea4 00635b80 48389431 5eb842dc
0x00b4e798:   00b4e7c8 00000000 00b4e7c8 485db8da
0x00b4e7a8:   00635b80 5eb84060 48429c0a 00ba3800
0x00b4e7b8:   47e7ebe0 47e7ebe0 637e8010 637e8124
0x00b4e7c8:   00b4e828 47858643 00000045 00001405
0x00b4e7d8:   78ad6010 01e4c0c3 00ba3940 00b4e830 

Instructions: (pc=0x4803e84a)
0x4803e82a:   42 dc 89 41 dc 8b 42 e0 89 41 e0 8b 42 e4 89 41
0x4803e83a:   e4 8b 42 e8 89 41 e8 8b 42 ec 89 41 ec 8b 42 f0
0x4803e84a:   89 41 f0 8b 42 f4 89 41 f4 8b 42 f8 89 41 f8 8b
0x4803e85a:   42 fc 89 41 fc 8b 45 08 a8 01 74 0a 8a 02 88 01 


Register to memory mapping:

EAX=0x3dc00a3d is an unknown value
EBX=0x00635b80 is an unknown value
ECX=0x00000010 is an unknown value
EDX=0x0064c050 is an unknown value
ESP=0x00b4e768 is pointing into the stack for thread: 0x00ba3800
EBP=0x00b4e768 is pointing into the stack for thread: 0x00ba3800
ESI=0x0064b430 is an unknown value
EDI=0x00000015 is an unknown value


Stack: [0x00b00000,0x00b50000],  sp=0x00b4e768,  free space=313k
Native frames: (J=compiled Java code, j=interpreted, Vv=VM code, C=native code)
C  [ig75icd32.dll+0xe84a]
C  [ig75icd32.dll+0xaf196]
C  [ig75icd32.dll+0xafea4]
C  [ig75icd32.dll+0x5ab8da]
C  [lwjgl.dll+0x8643]
j  org.lwjgl.opengl.GL11.glCallLists(Ljava/nio/IntBuffer;)V+29
j  net.minecraft.client.renderer.RenderList.callLists()V+80
j  net.minecraft.client.renderer.RenderGlobal.renderAllRenderLists(ID)V+31
J 2992 C1 net.minecraft.client.renderer.RenderGlobal.renderSortedRenderers(IIID)I (589 bytes) @ 0x023e6fdc [0x023e69c0+0x61c]
J 3330 C1 net.minecraft.client.renderer.RenderGlobal.sortAndRender(Lnet/minecraft/entity/EntityLivingBase;ID)I (1189 bytes) @ 0x024b6ab0 [0x024b50b0+0x1a00]
j  net.minecraft.client.renderer.EntityRenderer.renderWorld(FJ)V+639
j  net.minecraft.client.renderer.EntityRenderer.updateCameraAndRender(F)V+498
j  net.minecraft.client.Minecraft.runGameLoop()V+324
j  net.minecraft.client.Minecraft.run()V+61
j  net.minecraft.client.main.Main.main([Ljava/lang/String;)V+998
v  ~StubRoutines::call_stub
V  [jvm.dll+0x158f95]
V  [jvm.dll+0x21e54e]
V  [jvm.dll+0x15902e]
V  [jvm.dll+0x165708]
V  [jvm.dll+0x165973]
V  [jvm.dll+0x1026e3]
C  [java.dll+0x3b26]
j  sun.reflect.NativeMethodAccessorImpl.invoke(Ljava/lang/Object;[Ljava/lang/Object;)Ljava/lang/Object;+100
j  sun.reflect.DelegatingMethodAccessorImpl.invoke(Ljava/lang/Object;[Ljava/lang/Object;)Ljava/lang/Object;+6
j  java.lang.reflect.Method.invoke(Ljava/lang/Object;[Ljava/lang/Object;)Ljava/lang/Object;+56
j  net.minecraft.launchwrapper.Launch.launch([Ljava/lang/String;)V+661
j  net.minecraft.launchwrapper.Launch.main([Ljava/lang/String;)V+8
j  net.minecraftforge.gradle.GradleStartCommon.launch([Ljava/lang/String;)V+181
j  GradleStart.main([Ljava/lang/String;)V+11
v  ~StubRoutines::call_stub
V  [jvm.dll+0x158f95]
V  [jvm.dll+0x21e54e]
V  [jvm.dll+0x15902e]
V  [jvm.dll+0x165708]
V  [jvm.dll+0x165973]
V  [jvm.dll+0x1026e3]
C  [java.dll+0x3b26]
j  sun.reflect.NativeMethodAccessorImpl.invoke(Ljava/lang/Object;[Ljava/lang/Object;)Ljava/lang/Object;+100
j  sun.reflect.DelegatingMethodAccessorImpl.invoke(Ljava/lang/Object;[Ljava/lang/Object;)Ljava/lang/Object;+6
j  java.lang.reflect.Method.invoke(Ljava/lang/Object;[Ljava/lang/Object;)Ljava/lang/Object;+56
j  com.intellij.rt.execution.application.AppMain.main([Ljava/lang/String;)V+180
v  ~StubRoutines::call_stub
V  [jvm.dll+0x158f95]
V  [jvm.dll+0x21e54e]
V  [jvm.dll+0x15902e]
V  [jvm.dll+0xdb007]
V  [jvm.dll+0xe359f]
C  [java.exe+0x228d]
C  [java.exe+0xae9f]
C  [java.exe+0xaf29]
C  [KERNEL32.DLL+0x195f4]
C  [ntdll.dll+0x2241a]
C  [ntdll.dll+0x223e9]
C  0x00000000

Java frames: (J=compiled Java code, j=interpreted, Vv=VM code)
j  org.lwjgl.opengl.GL11.nglCallLists(IIJJ)V+0
j  org.lwjgl.opengl.GL11.glCallLists(Ljava/nio/IntBuffer;)V+29
j  net.minecraft.client.renderer.RenderList.callLists()V+80
j  net.minecraft.client.renderer.RenderGlobal.renderAllRenderLists(ID)V+31
J 2992 C1 net.minecraft.client.renderer.RenderGlobal.renderSortedRenderers(IIID)I (589 bytes) @ 0x023e6fdc [0x023e69c0+0x61c]
J 3330 C1 net.minecraft.client.renderer.RenderGlobal.sortAndRender(Lnet/minecraft/entity/EntityLivingBase;ID)I (1189 bytes) @ 0x024b6ab0 [0x024b50b0+0x1a00]
j  net.minecraft.client.renderer.EntityRenderer.renderWorld(FJ)V+639
j  net.minecraft.client.renderer.EntityRenderer.updateCameraAndRender(F)V+498
j  net.minecraft.client.Minecraft.runGameLoop()V+324
j  net.minecraft.client.Minecraft.run()V+61
j  net.minecraft.client.main.Main.main([Ljava/lang/String;)V+998
v  ~StubRoutines::call_stub
j  sun.reflect.NativeMethodAccessorImpl.invoke0(Ljava/lang/reflect/Method;Ljava/lang/Object;[Ljava/lang/Object;)Ljava/lang/Object;+0
j  sun.reflect.NativeMethodAccessorImpl.invoke(Ljava/lang/Object;[Ljava/lang/Object;)Ljava/lang/Object;+100
j  sun.reflect.DelegatingMethodAccessorImpl.invoke(Ljava/lang/Object;[Ljava/lang/Object;)Ljava/lang/Object;+6
j  java.lang.reflect.Method.invoke(Ljava/lang/Object;[Ljava/lang/Object;)Ljava/lang/Object;+56
j  net.minecraft.launchwrapper.Launch.launch([Ljava/lang/String;)V+661
j  net.minecraft.launchwrapper.Launch.main([Ljava/lang/String;)V+8
j  net.minecraftforge.gradle.GradleStartCommon.launch([Ljava/lang/String;)V+181
j  GradleStart.main([Ljava/lang/String;)V+11
v  ~StubRoutines::call_stub
j  sun.reflect.NativeMethodAccessorImpl.invoke0(Ljava/lang/reflect/Method;Ljava/lang/Object;[Ljava/lang/Object;)Ljava/lang/Object;+0
j  sun.reflect.NativeMethodAccessorImpl.invoke(Ljava/lang/Object;[Ljava/lang/Object;)Ljava/lang/Object;+100
j  sun.reflect.DelegatingMethodAccessorImpl.invoke(Ljava/lang/Object;[Ljava/lang/Object;)Ljava/lang/Object;+6
j  java.lang.reflect.Method.invoke(Ljava/lang/Object;[Ljava/lang/Object;)Ljava/lang/Object;+56
j  com.intellij.rt.execution.application.AppMain.main([Ljava/lang/String;)V+180
v  ~StubRoutines::call_stub

---------------  P R O C E S S  ---------------

Java Threads: ( => current thread )
  0x46ea2c00 JavaThread "Keep-Alive-Timer" daemon [_thread_blocked, id=14136, stack(0x56590000,0x565e0000)]
  0x46ea0000 JavaThread "pool-2-thread-1" [_thread_blocked, id=11184, stack(0x558c0000,0x55910000)]
  0x46ea1400 JavaThread "Netty IO #1" daemon [_thread_in_native, id=13952, stack(0x55620000,0x55670000)]
  0x46ea0c00 JavaThread "Netty Client IO #0" daemon [_thread_in_native, id=13868, stack(0x54df0000,0x54e40000)]
  0x46ea0800 JavaThread "Netty IO #0" daemon [_thread_in_native, id=13948, stack(0x54da0000,0x54df0000)]
  0x46e9f800 JavaThread "Server thread" [_thread_blocked, id=11044, stack(0x54af0000,0x54b40000)]
  0x46ea3400 JavaThread "Snooper Timer" daemon [_thread_blocked, id=14180, stack(0x518f0000,0x51940000)]
  0x46ea1800 JavaThread "Thread-11" [_thread_blocked, id=13616, stack(0x54b90000,0x54be0000)]
  0x46ea2400 JavaThread "Thread-10" [_thread_blocked, id=13316, stack(0x54b40000,0x54b90000)]
  0x475a3c00 JavaThread "LWJGL Timer" daemon [_thread_blocked, id=13480, stack(0x51610000,0x51660000)]
  0x47579c00 JavaThread "Java2D Disposer" daemon [_thread_blocked, id=13400, stack(0x47dd0000,0x47e20000)]
  0x473e0000 JavaThread "Timer hack thread" daemon [_thread_blocked, id=13404, stack(0x478f0000,0x47940000)]
  0x473e4400 JavaThread "Snooper Timer" daemon [_thread_blocked, id=13392, stack(0x478a0000,0x478f0000)]
  0x46678c00 JavaThread "Monitor Ctrl-Break" daemon [_thread_in_native, id=12416, stack(0x46a70000,0x46ac0000)]
  0x46143000 JavaThread "Service Thread" daemon [_thread_blocked, id=13304, stack(0x463b0000,0x46400000)]
  0x4613f000 JavaThread "C1 CompilerThread0" daemon [_thread_blocked, id=13224, stack(0x46360000,0x463b0000)]
  0x4613e000 JavaThread "Attach Listener" daemon [_thread_blocked, id=13284, stack(0x46310000,0x46360000)]
  0x4613d400 JavaThread "Signal Dispatcher" daemon [_thread_blocked, id=13228, stack(0x462c0000,0x46310000)]
  0x46154000 JavaThread "Surrogate Locker Thread (Concurrent GC)" daemon [_thread_blocked, id=13232, stack(0x46270000,0x462c0000)]
  0x46107400 JavaThread "Finalizer" daemon [_thread_blocked, id=13240, stack(0x03f30000,0x03f80000)]
  0x46106400 JavaThread "Reference Handler" daemon [_thread_blocked, id=13236, stack(0x03ee0000,0x03f30000)]
=>0x00ba3800 JavaThread "Client thread" [_thread_in_native, id=13192, stack(0x00b00000,0x00b50000)]

Other Threads:
  0x460f0400 VMThread [stack: 0x03e90000,0x03ee0000] [id=13208]
  0x461cf000 WatcherThread [stack: 0x46400000,0x46450000] [id=936]

VM state:not at safepoint (normal execution)

VM Mutex/Monitor currently owned by a thread: None

Heap:
 par new generation   total 118016K, used 8475K [0x04000000, 0x0c000000, 0x0c000000)
  eden space 104960K,   2% used [0x04000000, 0x04231c48, 0x0a680000)
  from space 13056K,  47% used [0x0b340000, 0x0b955348, 0x0c000000)
  to   space 13056K,   0% used [0x0a680000, 0x0a680000, 0x0b340000)
 concurrent mark-sweep generation total 917504K, used 78071K [0x0c000000, 0x44000000, 0x44000000)
 Metaspace       used 23442K, capacity 23684K, committed 23936K, reserved 23936K

Card table byte_map: [0x00dc0000,0x00fd0000] byte_map_base: 0x00da0000

Marking Bits: (CMSBitMap*) 0x00be6a08
 Bits: [0x44000000, 0x45c00000)

Mod Union Table: (CMSBitMap*) 0x00be6a68
 Bits: [0x00570000, 0x005a8000)

Polling page: 0x00520000

CodeCache: size=32768Kb used=6707Kb max_used=6707Kb free=26060Kb
 bounds [0x01e40000, 0x024d0000, 0x03e40000]
 total_blobs=3712 nmethods=3299 adapters=341
 compilation: enabled

Compilation events (10 events):
Event: 31.073 Thread 0x4613f000 3360             net.minecraftforge.client.event.RenderGameOverlayEvent::setup (26 bytes)
Event: 31.073 Thread 0x4613f000 nmethod 3360 0x024cc808 code [0x024cc950, 0x024ccd4c]
Event: 31.081 Thread 0x4613f000 3361             net.minecraft.pathfinding.PathEntity::getVectorFromIndex (70 bytes)
Event: 31.081 Thread 0x4613f000 nmethod 3361 0x024cd0c8 code [0x024cd1f0, 0x024cd36c]
Event: 31.084 Thread 0x4613f000 3362             io.netty.channel.local.LocalChannel::isActive (14 bytes)
Event: 31.084 Thread 0x4613f000 nmethod 3362 0x024cd548 code [0x024cd640, 0x024cd6d0]
Event: 31.127 Thread 0x4613f000 3363             net.minecraft.entity.EntityLiving::hasCustomNameTag (21 bytes)
Event: 31.127 Thread 0x4613f000 nmethod 3363 0x024cd708 code [0x024cd810, 0x024cd8fc]
Event: 31.127 Thread 0x4613f000 3364             net.minecraft.entity.DataWatcher::getWatchableObjectString (12 bytes)
Event: 31.127 Thread 0x4613f000 nmethod 3364 0x024cda48 code [0x024cdb50, 0x024cdc0c]

GC Heap History (10 events):
Event: 28.196 GC heap before
{Heap before GC invocations=29 (full 11):
 par new generation   total 118016K, used 104960K [0x04000000, 0x0c000000, 0x0c000000)
  eden space 104960K, 100% used [0x04000000, 0x0a680000, 0x0a680000)
  from space 13056K,   0% used [0x0a680000, 0x0a680000, 0x0b340000)
  to   space 13056K,   0% used [0x0b340000, 0x0b340000, 0x0c000000)
 concurrent mark-sweep generation total 917504K, used 61583K [0x0c000000, 0x44000000, 0x44000000)
 Metaspace       used 20037K, capacity 20282K, committed 20352K, reserved 20864K
Event: 28.205 GC heap after
Heap after GC invocations=30 (full 11):
 par new generation   total 118016K, used 6552K [0x04000000, 0x0c000000, 0x0c000000)
  eden space 104960K,   0% used [0x04000000, 0x04000000, 0x0a680000)
  from space 13056K,  50% used [0x0b340000, 0x0b9a62d8, 0x0c000000)
  to   space 13056K,   0% used [0x0a680000, 0x0a680000, 0x0b340000)
 concurrent mark-sweep generation total 917504K, used 61583K [0x0c000000, 0x44000000, 0x44000000)
 Metaspace       used 20037K, capacity 20282K, committed 20352K, reserved 20864K
}
Event: 28.887 GC heap before
{Heap before GC invocations=30 (full 11):
 par new generation   total 118016K, used 111512K [0x04000000, 0x0c000000, 0x0c000000)
  eden space 104960K, 100% used [0x04000000, 0x0a680000, 0x0a680000)
  from space 13056K,  50% used [0x0b340000, 0x0b9a62d8, 0x0c000000)
  to   space 13056K,   0% used [0x0a680000, 0x0a680000, 0x0b340000)
 concurrent mark-sweep generation total 917504K, used 61535K [0x0c000000, 0x44000000, 0x44000000)
 Metaspace       used 20873K, capacity 21092K, committed 21248K, reserved 21888K
Event: 28.904 GC heap after
Heap after GC invocations=31 (full 11):
 par new generation   total 118016K, used 13056K [0x04000000, 0x0c000000, 0x0c000000)
  eden space 104960K,   0% used [0x04000000, 0x04000000, 0x0a680000)
  from space 13056K, 100% used [0x0a680000, 0x0b340000, 0x0b340000)
  to   space 13056K,   0% used [0x0b340000, 0x0b340000, 0x0c000000)
 concurrent mark-sweep generation total 917504K, used 64044K [0x0c000000, 0x44000000, 0x44000000)
 Metaspace       used 20873K, capacity 21092K, committed 21248K, reserved 21888K
}
Event: 29.158 GC heap before
{Heap before GC invocations=31 (full 11):
 par new generation   total 118016K, used 72725K [0x04000000, 0x0c000000, 0x0c000000)
  eden space 104960K,  56% used [0x04000000, 0x07a45580, 0x0a680000)
  from space 13056K, 100% used [0x0a680000, 0x0b340000, 0x0b340000)
  to   space 13056K,   0% used [0x0b340000, 0x0b340000, 0x0c000000)
 concurrent mark-sweep generation total 917504K, used 64044K [0x0c000000, 0x44000000, 0x44000000)
 Metaspace       used 21493K, capacity 21670K, committed 21888K, reserved 21888K
Event: 29.304 GC heap after
Heap after GC invocations=32 (full 12):
 par new generation   total 118016K, used 0K [0x04000000, 0x0c000000, 0x0c000000)
  eden space 104960K,   0% used [0x04000000, 0x04000000, 0x0a680000)
  from space 13056K,   0% used [0x0a680000, 0x0a680000, 0x0b340000)
  to   space 13056K,   0% used [0x0b340000, 0x0b340000, 0x0c000000)
 concurrent mark-sweep generation total 917504K, used 78071K [0x0c000000, 0x44000000, 0x44000000)
 Metaspace       used 21493K, capacity 21670K, committed 21888K, reserved 21888K
}
Event: 29.464 GC heap before
{Heap before GC invocations=32 (full 12):
 par new generation   total 118016K, used 88933K [0x04000000, 0x0c000000, 0x0c000000)
  eden space 104960K,  84% used [0x04000000, 0x096d94a0, 0x0a680000)
  from space 13056K,   0% used [0x0a680000, 0x0a680000, 0x0b340000)
  to   space 13056K,   0% used [0x0b340000, 0x0b340000, 0x0c000000)
 concurrent mark-sweep generation total 917504K, used 78071K [0x0c000000, 0x44000000, 0x44000000)
 Metaspace       used 21941K, capacity 22170K, committed 22400K, reserved 22912K
Event: 29.471 GC heap after
Heap after GC invocations=33 (full 12):
 par new generation   total 118016K, used 10807K [0x04000000, 0x0c000000, 0x0c000000)
  eden space 104960K,   0% used [0x04000000, 0x04000000, 0x0a680000)
  from space 13056K,  82% used [0x0b340000, 0x0bdcdc28, 0x0c000000)
  to   space 13056K,   0% used [0x0a680000, 0x0a680000, 0x0b340000)
 concurrent mark-sweep generation total 917504K, used 78071K [0x0c000000, 0x44000000, 0x44000000)
 Metaspace       used 21941K, capacity 22170K, committed 22400K, reserved 22912K
}
Event: 30.375 GC heap before
{Heap before GC invocations=33 (full 13):
 par new generation   total 118016K, used 115329K [0x04000000, 0x0c000000, 0x0c000000)
  eden space 104960K,  99% used [0x04000000, 0x0a612b60, 0x0a680000)
  from space 13056K,  82% used [0x0b340000, 0x0bdcdc28, 0x0c000000)
  to   space 13056K,   0% used [0x0a680000, 0x0a680000, 0x0b340000)
 concurrent mark-sweep generation total 917504K, used 78071K [0x0c000000, 0x44000000, 0x44000000)
 Metaspace       used 22584K, capacity 22818K, committed 23040K, reserved 23936K
Event: 30.386 GC heap after
Heap after GC invocations=34 (full 13):
 par new generation   total 118016K, used 7268K [0x04000000, 0x0c000000, 0x0c000000)
  eden space 104960K,   0% used [0x04000000, 0x04000000, 0x0a680000)
  from space 13056K,  55% used [0x0a680000, 0x0ad991d0, 0x0b340000)
  to   space 13056K,   0% used [0x0b340000, 0x0b340000, 0x0c000000)
 concurrent mark-sweep generation total 917504K, used 78071K [0x0c000000, 0x44000000, 0x44000000)
 Metaspace       used 22584K, capacity 22818K, committed 23040K, reserved 23936K
}

Deoptimization events (0 events):
No events

Internal exceptions (10 events):
Event: 31.045 Thread 0x46ea2400 Exception <a 'java/lang/InterruptedException': sleep interrupted> (0x099c4f78) thrown at [C:\workspace\8-2-build-windows-i586-cygwin\jdk8u77\6540\hotspot\src\share\vm\prims\jvm.cpp, line 3215]
Event: 31.059 Thread 0x46ea2400 Exception <a 'java/lang/InterruptedException': sleep interrupted> (0x099c51f8) thrown at [C:\workspace\8-2-build-windows-i586-cygwin\jdk8u77\6540\hotspot\src\share\vm\prims\jvm.cpp, line 3215]
Event: 31.059 Thread 0x46ea2400 Exception <a 'java/lang/InterruptedException': sleep interrupted> (0x099c5458) thrown at [C:\workspace\8-2-build-windows-i586-cygwin\jdk8u77\6540\hotspot\src\share\vm\prims\jvm.cpp, line 3215]
Event: 31.076 Thread 0x46ea2400 Exception <a 'java/lang/InterruptedException': sleep interrupted> (0x099c56b8) thrown at [C:\workspace\8-2-build-windows-i586-cygwin\jdk8u77\6540\hotspot\src\share\vm\prims\jvm.cpp, line 3215]
Event: 31.077 Thread 0x46ea2400 Exception <a 'java/lang/InterruptedException': sleep interrupted> (0x099c5918) thrown at [C:\workspace\8-2-build-windows-i586-cygwin\jdk8u77\6540\hotspot\src\share\vm\prims\jvm.cpp, line 3215]
Event: 31.097 Thread 0x46ea2400 Exception <a 'java/lang/InterruptedException': sleep interrupted> (0x099c5b78) thrown at [C:\workspace\8-2-build-windows-i586-cygwin\jdk8u77\6540\hotspot\src\share\vm\prims\jvm.cpp, line 3215]
Event: 31.114 Thread 0x46ea2400 Exception <a 'java/lang/InterruptedException': sleep interrupted> (0x099c5df8) thrown at [C:\workspace\8-2-build-windows-i586-cygwin\jdk8u77\6540\hotspot\src\share\vm\prims\jvm.cpp, line 3215]
Event: 31.114 Thread 0x46ea2400 Exception <a 'java/lang/InterruptedException': sleep interrupted> (0x099c6058) thrown at [C:\workspace\8-2-build-windows-i586-cygwin\jdk8u77\6540\hotspot\src\share\vm\prims\jvm.cpp, line 3215]
Event: 31.133 Thread 0x46ea2400 Exception <a 'java/lang/InterruptedException': sleep interrupted> (0x099c62b8) thrown at [C:\workspace\8-2-build-windows-i586-cygwin\jdk8u77\6540\hotspot\src\share\vm\prims\jvm.cpp, line 3215]
Event: 31.133 Thread 0x46ea2400 Exception <a 'java/lang/InterruptedException': sleep interrupted> (0x099c6518) thrown at [C:\workspace\8-2-build-windows-i586-cygwin\jdk8u77\6540\hotspot\src\share\vm\prims\jvm.cpp, line 3215]

Events (10 events):
Event: 30.949 loading class org/apache/commons/lang3/JavaVersion
Event: 30.949 loading class org/apache/commons/lang3/JavaVersion done
Event: 30.951 loading class net/minecraft/client/resources/SkinManager$3$1
Event: 30.951 loading class net/minecraft/client/resources/SkinManager$3$1 done
Event: 30.952 loading class com/google/common/util/concurrent/ListenableFutureTask
Event: 30.952 loading class com/google/common/util/concurrent/ListenableFutureTask done
Event: 30.952 loading class com/google/common/util/concurrent/ListenableFutureTask
Event: 30.952 loading class com/google/common/util/concurrent/ListenableFutureTask done
Event: 30.980 loading class com/mojang/authlib/minecraft/MinecraftProfileTexture$Type
Event: 30.980 loading class com/mojang/authlib/minecraft/MinecraftProfileTexture$Type done


Dynamic libraries:
0x01200000 - 0x01233000 	C:\Program Files\Java\jdk1.8.0_77\jre\bin\java.exe
0x77970000 - 0x77aeb000 	C:\WINDOWS\SYSTEM32\ntdll.dll
0x75190000 - 0x75226000 	C:\WINDOWS\system32\KERNEL32.DLL
0x74e90000 - 0x7500f000 	C:\WINDOWS\system32\KERNELBASE.dll
0x73340000 - 0x733d2000 	C:\WINDOWS\system32\apphelp.dll
0x76c50000 - 0x76ccb000 	C:\WINDOWS\system32\ADVAPI32.dll
0x77690000 - 0x7774e000 	C:\WINDOWS\system32\msvcrt.dll
0x77370000 - 0x773b4000 	C:\WINDOWS\system32\sechost.dll
0x75350000 - 0x75412000 	C:\WINDOWS\system32\RPCRT4.dll
0x76d30000 - 0x76e68000 	C:\WINDOWS\system32\USER32.dll
0x77530000 - 0x77685000 	C:\WINDOWS\system32\GDI32.dll
0x67dc0000 - 0x67fcf000 	C:\WINDOWS\WinSxS\x86_microsoft.windows.common-controls_6595b64144ccf1df_6.0.10586.0_none_d3c2e4e965da4528\COMCTL32.dll
0x777b0000 - 0x7796d000 	C:\WINDOWS\system32\combase.dll
0x74740000 - 0x74798000 	C:\WINDOWS\system32\bcryptPrimitives.dll
0x774b0000 - 0x774df000 	C:\WINDOWS\system32\IMM32.DLL
0x77b70000 - 0x77c2f000 	C:\Program Files\Java\jdk1.8.0_77\jre\bin\msvcr100.dll
0x6c7d0000 - 0x6cb98000 	C:\Program Files\Java\jdk1.8.0_77\jre\bin\client\jvm.dll
0x75490000 - 0x75496000 	C:\WINDOWS\system32\PSAPI.DLL
0x66970000 - 0x66978000 	C:\WINDOWS\SYSTEM32\WSOCK32.dll
0x77450000 - 0x774af000 	C:\WINDOWS\system32\WS2_32.dll
0x73280000 - 0x732a4000 	C:\WINDOWS\SYSTEM32\WINMM.dll
0x6a810000 - 0x6a818000 	C:\WINDOWS\SYSTEM32\VERSION.dll
0x73230000 - 0x73253000 	C:\WINDOWS\SYSTEM32\WINMMBASE.dll
0x75110000 - 0x75147000 	C:\WINDOWS\system32\cfgmgr32.dll
0x66200000 - 0x6620c000 	C:\Program Files\Java\jdk1.8.0_77\jre\bin\verify.dll
0x6d740000 - 0x6d761000 	C:\Program Files\Java\jdk1.8.0_77\jre\bin\java.dll
0x700e0000 - 0x700f3000 	C:\Program Files\Java\jdk1.8.0_77\jre\bin\zip.dll
0x757b0000 - 0x76bae000 	C:\WINDOWS\system32\SHELL32.dll
0x747a0000 - 0x74c9a000 	C:\WINDOWS\system32\windows.storage.dll
0x774e0000 - 0x77525000 	C:\WINDOWS\system32\shlwapi.dll
0x74730000 - 0x7473c000 	C:\WINDOWS\system32\kernel.appcore.dll
0x773c0000 - 0x7744d000 	C:\WINDOWS\system32\shcore.dll
0x746d0000 - 0x74714000 	C:\WINDOWS\system32\powrprof.dll
0x746c0000 - 0x746cf000 	C:\WINDOWS\system32\profapi.dll
0x011c0000 - 0x011c7000 	D:\Program Files\JetBrains\IntelliJ IDEA Community Edition 2016.1\bin\breakgen.dll
0x6f4c0000 - 0x6f4d6000 	C:\Program Files\Java\jdk1.8.0_77\jre\bin\net.dll
0x740d0000 - 0x74120000 	C:\WINDOWS\system32\mswsock.dll
0x661f0000 - 0x661fa000 	C:\Program Files\Java\jdk1.8.0_77\jre\bin\management.dll
0x5f370000 - 0x5f37f000 	C:\Program Files\Java\jdk1.8.0_77\jre\bin\nio.dll
0x644c0000 - 0x644d2000 	C:\WINDOWS\system32\napinsp.dll
0x64480000 - 0x64496000 	C:\WINDOWS\system32\pnrpnsp.dll
0x725b0000 - 0x725c4000 	C:\WINDOWS\system32\NLAapi.dll
0x66450000 - 0x6645b000 	C:\WINDOWS\System32\winrnr.dll
0x734a0000 - 0x73524000 	C:\WINDOWS\SYSTEM32\DNSAPI.dll
0x76bb0000 - 0x76bb7000 	C:\WINDOWS\system32\NSI.dll
0x6a230000 - 0x6a251000 	C:\Program Files\Bonjour\mdnsNSP.dll
0x6e9d0000 - 0x6e9ff000 	C:\WINDOWS\SYSTEM32\Iphlpapi.DLL
0x6a220000 - 0x6a228000 	C:\Windows\System32\rasadhlp.dll
0x6c370000 - 0x6c3b7000 	C:\WINDOWS\System32\fwpuclnt.dll
0x74620000 - 0x7463d000 	C:\WINDOWS\SYSTEM32\bcrypt.dll
0x47850000 - 0x4789d000 	C:\Users\Administrator\.gradle\caches\minecraft\net\minecraft\minecraft_natives\1.7.10\lwjgl.dll
0x51aa0000 - 0x51b80000 	C:\WINDOWS\SYSTEM32\OPENGL32.dll
0x51a40000 - 0x51a65000 	C:\WINDOWS\SYSTEM32\GLU32.dll
0x51950000 - 0x51a3e000 	C:\WINDOWS\SYSTEM32\DDRAW.dll
0x518e0000 - 0x518e7000 	C:\WINDOWS\SYSTEM32\DCIMAN32.dll
0x741b0000 - 0x741c3000 	C:\WINDOWS\SYSTEM32\CRYPTSP.dll
0x73e10000 - 0x73e3f000 	C:\WINDOWS\system32\rsaenh.dll
0x73f90000 - 0x73fa9000 	C:\WINDOWS\SYSTEM32\USERENV.dll
0x742a0000 - 0x742aa000 	C:\WINDOWS\SYSTEM32\CRYPTBASE.dll
0x6bdf0000 - 0x6be03000 	C:\WINDOWS\SYSTEM32\dhcpcsvc6.DLL
0x6bdd0000 - 0x6bde4000 	C:\WINDOWS\SYSTEM32\dhcpcsvc.DLL
0x567e0000 - 0x56925000 	C:\Program Files\Java\jdk1.8.0_77\jre\bin\awt.dll
0x755a0000 - 0x75632000 	C:\WINDOWS\system32\OLEAUT32.dll
0x73420000 - 0x73499000 	C:\WINDOWS\system32\uxtheme.dll
0x75230000 - 0x7534f000 	C:\WINDOWS\system32\MSCTF.dll
0x72bc0000 - 0x72bdd000 	C:\WINDOWS\system32\dwmapi.dll
0x48030000 - 0x4887e000 	C:\WINDOWS\SYSTEM32\ig75icd32.dll
0x70e80000 - 0x71731000 	C:\WINDOWS\SYSTEM32\igdusc32.dll
0x73080000 - 0x7308f000 	C:\WINDOWS\SYSTEM32\WTSAPI32.dll
0x5b400000 - 0x5b47f000 	C:\WINDOWS\SYSTEM32\mscms.dll
0x63b10000 - 0x63b4c000 	C:\WINDOWS\SYSTEM32\icm32.dll
0x70a40000 - 0x70a7a000 	C:\Users\Administrator\.gradle\caches\minecraft\net\minecraft\minecraft_natives\1.7.10\avutil-ttv-51.dll
0x65980000 - 0x6599d000 	C:\Users\Administrator\.gradle\caches\minecraft\net\minecraft\minecraft_natives\1.7.10\swresample-ttv-0.dll
0x6eb80000 - 0x6ec09000 	C:\Users\Administrator\.gradle\caches\minecraft\net\minecraft\minecraft_natives\1.7.10\libmp3lame-ttv.dll
0x4e0d0000 - 0x4f050000 	C:\Users\Administrator\.gradle\caches\minecraft\net\minecraft\minecraft_natives\1.7.10\libmfxsw32.dll
0x55930000 - 0x55a33000 	C:\Users\Administrator\.gradle\caches\minecraft\net\minecraft\minecraft_natives\1.7.10\twitchsdk.dll
0x77280000 - 0x7736b000 	C:\WINDOWS\system32\ole32.dll
0x67b90000 - 0x67db8000 	C:\WINDOWS\SYSTEM32\WININET.dll
0x51860000 - 0x518c5000 	C:\Users\Administrator\.gradle\caches\minecraft\net\minecraft\minecraft_natives\1.7.10\OpenAL32.dll
0x76bc0000 - 0x76c44000 	C:\WINDOWS\system32\clbcatq.dll
0x54c30000 - 0x54c85000 	C:\WINDOWS\System32\MMDevApi.dll
0x733f0000 - 0x73412000 	C:\WINDOWS\System32\DEVOBJ.dll
0x73090000 - 0x731db000 	C:\WINDOWS\System32\PROPSYS.dll
0x54d10000 - 0x54d96000 	C:\WINDOWS\SYSTEM32\dsound.dll
0x54c90000 - 0x54cf8000 	C:\WINDOWS\SYSTEM32\AUDIOSES.DLL
0x54f50000 - 0x55018000 	C:\WINDOWS\SYSTEM32\wintypes.dll
0x567c0000 - 0x567e0000 	C:\Program Files\Java\jdk1.8.0_77\jre\bin\sunec.dll
0x565e0000 - 0x5671f000 	C:\WINDOWS\SYSTEM32\dbghelp.dll

VM Arguments:
jvm_args: -Xincgc -Xmx1024M -Xms1024M -Didea.launcher.port=7532 -Didea.launcher.bin.path=D:\Program Files\JetBrains\IntelliJ IDEA Community Edition 2016.1\bin -Dfile.encoding=UTF-8 
java_command: com.intellij.rt.execution.application.AppMain GradleStart
java_class_path (initial): C:\Program Files\Java\jdk1.8.0_77\jre\lib\charsets.jar;C:\Program Files\Java\jdk1.8.0_77\jre\lib\deploy.jar;C:\Program Files\Java\jdk1.8.0_77\jre\lib\ext\access-bridge.jar;C:\Program Files\Java\jdk1.8.0_77\jre\lib\ext\cldrdata.jar;C:\Program Files\Java\jdk1.8.0_77\jre\lib\ext\dnsns.jar;C:\Program Files\Java\jdk1.8.0_77\jre\lib\ext\jaccess.jar;C:\Program Files\Java\jdk1.8.0_77\jre\lib\ext\jfxrt.jar;C:\Program Files\Java\jdk1.8.0_77\jre\lib\ext\localedata.jar;C:\Program Files\Java\jdk1.8.0_77\jre\lib\ext\nashorn.jar;C:\Program Files\Java\jdk1.8.0_77\jre\lib\ext\sunec.jar;C:\Program Files\Java\jdk1.8.0_77\jre\lib\ext\sunjce_provider.jar;C:\Program Files\Java\jdk1.8.0_77\jre\lib\ext\sunmscapi.jar;C:\Program Files\Java\jdk1.8.0_77\jre\lib\ext\sunpkcs11.jar;C:\Program Files\Java\jdk1.8.0_77\jre\lib\ext\zipfs.jar;C:\Program Files\Java\jdk1.8.0_77\jre\lib\javaws.jar;C:\Program Files\Java\jdk1.8.0_77\jre\lib\jce.jar;C:\Program Files\Java\jdk1.8.0_77\jre\lib\jfr.jar;C:\Program Files\Java\jdk1.8.0_77\jre\lib\jfxswt.jar;C:\Program Files\Java\jdk1.8.0_77\jre\lib\jsse.jar;C:\Program Files\Java\jdk1.8.0_77\jre\lib\management-agent.jar;C:\Program Files\Java\jdk1.8.0_77\jre\lib\plugin.jar;C:\Program Files\Java\jdk1.8.0_77\jre\lib\resources.jar;C:\Program Files\Java\jdk1.8.0_77\jre\lib\rt.jar;F:\Games\GameSomething\Minecraft\1.7.10 modsDevelop\MoreToolsMod\out\production\MoreTools Project;C:\Users\Administrator\.gradle\caches\minecraft\net\minecraftforge\forge\1.7.10-10.13.4.1558-1.7.10\forgeSrc-1.7.10-10.13.4.1558-1.7.10.jar;C:\Users\Administrator\.gradle\caches\modules-2\files-2.1\net.minecraft\launchwrapper\1.12\111e7bea9c968cdb3d06ef4632bf7ff0824d0f36\launchwrapper-1.12.jar;C:\Users\Administrator\.gradle\caches\modules-2\files-2.1\com.google.code.findbugs\jsr305\1.3.9\40719ea6961c0cb6afaeb6a921eaa1f6afd4cfdf\jsr305-1.3.9.jar;C:\Users\Administrator\.gradle\caches\modules-2\files-2.1\org.ow2.asm\asm-debug-all\5.0.3\f9e364ae2a66ce2a543012a4668856e84e5dab
Launcher Type: SUN_STANDARD

Environment Variables:
JAVA_HOME=C:\Program Files\Java\jdk1.8.0_77
CLASSPATH=.;C:\Program Files\Java\jdk1.8.0_77\lib;C:\Program Files\Java\jdk1.8.0_77\lib\tools.jar
PATH=C:\ProgramData\Oracle\Java\javapath;C:\WINDOWS\system32;C:\WINDOWS;C:\WINDOWS\System32\Wbem;C:\WINDOWS\System32\WindowsPowerShell\v1.0\;C:\WINDOWS\system32\config\systemprofile\.dnx\bin;C:\Program Files\Microsoft DNX\Dnvm\;C:\Program Files\Windows Kits\8.1\Windows Performance Toolkit\;D:\Program Files\Git\bin;C:\Users\Administrator\.gradle\bin;C:\Program Files\Java\jdk1.8.0_77\bin
USERNAME=Administrator
OS=Windows_NT
PROCESSOR_IDENTIFIER=x86 Family 6 Model 60 Stepping 3, GenuineIntel



---------------  S Y S T E M  ---------------

OS: Windows 10.0 Build 10586 (10.0.10586.0)

CPU:total 2 (2 cores per cpu, 1 threads per core) family 6 model 60 stepping 3, cmov, cx8, fxsr, mmx, sse, sse2, sse3, ssse3, sse4.1, sse4.2, popcnt, clmul, erms, lzcnt, tsc, tscinvbit

Memory: 4k page, physical 3589964k(584932k free), swap 7302480k(1329000k free)

vm_info: Java HotSpot(TM) Client VM (25.77-b03) for windows-x86 JRE (1.8.0_77-b03), built on Mar 20 2016 22:00:03 by "java_re" with MS VC++ 10.0 (VS2010)

time: Sat Apr 23 09:43:18 2016
elapsed time: 31 seconds (0d 0h 0m 31s)

