#
# A fatal error has been detected by the Java Runtime Environment:
#
#  EXCEPTION_ACCESS_VIOLATION (0xc0000005) at pc=0x480ce84a, pid=11308, tid=1888
#
# JRE version: Java(TM) SE Runtime Environment (8.0_91-b14) (build 1.8.0_91-b14)
# Java VM: Java HotSpot(TM) Client VM (25.91-b14 mixed mode windows-x86 )
# Problematic frame:
# C  [ig75icd32.dll+0xe84a]
#
# Failed to write core dump. Minidumps are not enabled by default on client versions of Windows
#
# If you would like to submit a bug report, please visit:
#   http://bugreport.java.com/bugreport/crash.jsp
# The crash happened outside the Java Virtual Machine in native code.
# See problematic frame for where to report the bug.
#

---------------  T H R E A D  ---------------

Current thread (0x00843800):  JavaThread "Client thread" [_thread_in_native, id=1888, stack(0x00760000,0x007b0000)]

siginfo: ExceptionCode=0xc0000005, writing address 0x00000000

Registers:
EAX=0x3f1ffeb8, EBX=0x005c5740, ECX=0x00000010, EDX=0x005dbc10
ESP=0x007ae580, EBP=0x007ae580, ESI=0x005daff0, EDI=0x00000015
EIP=0x480ce84a, EFLAGS=0x00010293

Top of Stack: (sp=0x007ae580)
0x007ae580:   007ae59c 4816f196 00000010 005c5740
0x007ae590:   005c5740 0000008b 00000000 007ae5b8
0x007ae5a0:   4816fea4 005c5740 484159f4 005c5740
0x007ae5b0:   484d3f0c 7f2d625c 007ae5e8 4866cf12
0x007ae5c0:   005c5740 7f2d6260 005c5740 7f2d61d0
0x007ae5d0:   484b9c0a 00843800 4d0b0138 4d0b0138
0x007ae5e0:   7f36a008 7f36a27c 007ae648 47738643
0x007ae5f0:   0000009d 00001405 5b7ac0c0 01e1d3b3 

Instructions: (pc=0x480ce84a)
0x480ce82a:   42 dc 89 41 dc 8b 42 e0 89 41 e0 8b 42 e4 89 41
0x480ce83a:   e4 8b 42 e8 89 41 e8 8b 42 ec 89 41 ec 8b 42 f0
0x480ce84a:   89 41 f0 8b 42 f4 89 41 f4 8b 42 f8 89 41 f8 8b
0x480ce85a:   42 fc 89 41 fc 8b 45 08 a8 01 74 0a 8a 02 88 01 


Register to memory mapping:

EAX=0x3f1ffeb8 is an unknown value
EBX=0x005c5740 is an unknown value
ECX=0x00000010 is an unknown value
EDX=0x005dbc10 is an unknown value
ESP=0x007ae580 is pointing into the stack for thread: 0x00843800
EBP=0x007ae580 is pointing into the stack for thread: 0x00843800
ESI=0x005daff0 is an unknown value
EDI=0x00000015 is an unknown value


Stack: [0x00760000,0x007b0000],  sp=0x007ae580,  free space=313k
Native frames: (J=compiled Java code, j=interpreted, Vv=VM code, C=native code)
C  [ig75icd32.dll+0xe84a]
C  [ig75icd32.dll+0xaf196]
C  [ig75icd32.dll+0xafea4]
C  [ig75icd32.dll+0x5acf12]
C  [lwjgl.dll+0x8643]
J 3642 C1 net.minecraft.client.renderer.RenderList.callLists()V (87 bytes) @ 0x0251b640 [0x0251b310+0x330]
J 3885 C1 java.util.TimSort.sort([Ljava/lang/Object;IILjava/util/Comparator;[Ljava/lang/Object;II)V (229 bytes) @ 0x025fc218 [0x025fc030+0x1e8]

[error occurred during error reporting (printing native stack), id 0xc0000005]

Java frames: (J=compiled Java code, j=interpreted, Vv=VM code)
j  org.lwjgl.opengl.GL11.nglCallLists(IIJJ)V+0
J 3642 C1 net.minecraft.client.renderer.RenderList.callLists()V (87 bytes) @ 0x0251b640 [0x0251b310+0x330]
J 3518 C1 net.minecraft.client.renderer.RenderGlobal.renderAllRenderLists(ID)V (52 bytes) @ 0x024dee38 [0x024dedd0+0x68]
J 3106 C1 net.minecraft.client.renderer.RenderGlobal.renderSortedRenderers(IIID)I (589 bytes) @ 0x023ddedc [0x023dd8c0+0x61c]
J 3385 C1 net.minecraft.client.renderer.RenderGlobal.sortAndRender(Lnet/minecraft/entity/EntityLivingBase;ID)I (1189 bytes) @ 0x024a1030 [0x0249f630+0x1a00]
J 3741 C1 net.minecraft.client.renderer.EntityRenderer.renderWorld(FJ)V (1565 bytes) @ 0x02561dc0 [0x02560c10+0x11b0]
j  net.minecraft.client.renderer.EntityRenderer.updateCameraAndRender(F)V+498
J 4625 C1 net.minecraft.client.Minecraft.runGameLoop()V (769 bytes) @ 0x01f3ece0 [0x01f3e4b0+0x830]
j  net.minecraft.client.Minecraft.run()V+61
j  net.minecraft.client.main.Main.main([Ljava/lang/String;)V+998
v  ~StubRoutines::call_stub
j  sun.reflect.NativeMethodAccessorImpl.invoke0(Ljava/lang/reflect/Method;Ljava/lang/Object;[Ljava/lang/Object;)Ljava/lang/Object;+0
j  sun.reflect.NativeMethodAccessorImpl.invoke(Ljava/lang/Object;[Ljava/lang/Object;)Ljava/lang/Object;+100
j  sun.reflect.DelegatingMethodAccessorImpl.invoke(Ljava/lang/Object;[Ljava/lang/Object;)Ljava/lang/Object;+6
j  java.lang.reflect.Method.invoke(Ljava/lang/Object;[Ljava/lang/Object;)Ljava/lang/Object;+56
j  net.minecraft.launchwrapper.Launch.launch([Ljava/lang/String;)V+661
j  net.minecraft.launchwrapper.Launch.main([Ljava/lang/String;)V+8
j  net.minecraftforge.gradle.GradleStartCommon.launch([Ljava/lang/String;)V+181
j  GradleStart.main([Ljava/lang/String;)V+11
v  ~StubRoutines::call_stub
j  sun.reflect.NativeMethodAccessorImpl.invoke0(Ljava/lang/reflect/Method;Ljava/lang/Object;[Ljava/lang/Object;)Ljava/lang/Object;+0
j  sun.reflect.NativeMethodAccessorImpl.invoke(Ljava/lang/Object;[Ljava/lang/Object;)Ljava/lang/Object;+100
j  sun.reflect.DelegatingMethodAccessorImpl.invoke(Ljava/lang/Object;[Ljava/lang/Object;)Ljava/lang/Object;+6
j  java.lang.reflect.Method.invoke(Ljava/lang/Object;[Ljava/lang/Object;)Ljava/lang/Object;+56
j  com.intellij.rt.execution.application.AppMain.main([Ljava/lang/String;)V+180
v  ~StubRoutines::call_stub

---------------  P R O C E S S  ---------------

Java Threads: ( => current thread )
  0x68e48800 JavaThread "Keep-Alive-Timer" daemon [_thread_blocked, id=11204, stack(0x6c320000,0x6c370000)]
  0x68e4ac00 JavaThread "Netty IO #3" daemon [_thread_in_native, id=10936, stack(0x6c2d0000,0x6c320000)]
  0x68e49c00 JavaThread "Netty Client IO #1" daemon [_thread_in_native, id=11100, stack(0x6bd60000,0x6bdb0000)]
  0x68e4a800 JavaThread "Netty IO #2" daemon [_thread_in_native, id=10892, stack(0x6a7c0000,0x6a810000)]
  0x68e48c00 JavaThread "Server thread" [_thread_blocked, id=11216, stack(0x6a770000,0x6a7c0000)]
  0x68e49400 JavaThread "Snooper Timer" daemon [_thread_blocked, id=10348, stack(0x6a720000,0x6a770000)]
  0x68e45000 JavaThread "File IO Thread" [_thread_blocked, id=11408, stack(0x6a1d0000,0x6a220000)]
  0x68e45400 JavaThread "pool-2-thread-1" [_thread_blocked, id=9132, stack(0x63a70000,0x63ac0000)]
  0x68e4a000 JavaThread "Netty IO #1" daemon [_thread_in_native, id=1684, stack(0x638d0000,0x63920000)]
  0x68e47000 JavaThread "Netty Client IO #0" daemon [_thread_in_native, id=10896, stack(0x63880000,0x638d0000)]
  0x5f3b6c00 JavaThread "Netty IO #0" daemon [_thread_in_native, id=11512, stack(0x63830000,0x63880000)]
  0x5f3b6000 JavaThread "Thread-11" [_thread_blocked, id=11184, stack(0x5b1f0000,0x5b240000)]
  0x5f3b5400 JavaThread "Thread-10" [_thread_blocked, id=6116, stack(0x5b150000,0x5b1a0000)]
  0x4671d400 JavaThread "LWJGL Timer" daemon [_thread_blocked, id=5144, stack(0x50400000,0x50450000)]
  0x47038000 JavaThread "Java2D Disposer" daemon [_thread_blocked, id=9012, stack(0x47ec0000,0x47f10000)]
  0x47323c00 JavaThread "Timer hack thread" daemon [_thread_blocked, id=10828, stack(0x47920000,0x47970000)]
  0x4721b400 JavaThread "Snooper Timer" daemon [_thread_blocked, id=10600, stack(0x478d0000,0x47920000)]
  0x46623400 JavaThread "Monitor Ctrl-Break" daemon [_thread_in_native, id=3032, stack(0x46a50000,0x46aa0000)]
  0x4616d800 JavaThread "Service Thread" daemon [_thread_blocked, id=11924, stack(0x46360000,0x463b0000)]
  0x46150400 JavaThread "C1 CompilerThread0" daemon [_thread_blocked, id=1632, stack(0x46310000,0x46360000)]
  0x4614c000 JavaThread "Attach Listener" daemon [_thread_blocked, id=10712, stack(0x462c0000,0x46310000)]
  0x4614b400 JavaThread "Signal Dispatcher" daemon [_thread_blocked, id=2796, stack(0x46270000,0x462c0000)]
  0x4614b000 JavaThread "Surrogate Locker Thread (Concurrent GC)" daemon [_thread_blocked, id=10856, stack(0x03fb0000,0x04000000)]
  0x4610bc00 JavaThread "Finalizer" daemon [_thread_blocked, id=8232, stack(0x03f00000,0x03f50000)]
  0x46107800 JavaThread "Reference Handler" daemon [_thread_blocked, id=11036, stack(0x03eb0000,0x03f00000)]
=>0x00843800 JavaThread "Client thread" [_thread_in_native, id=1888, stack(0x00760000,0x007b0000)]

Other Threads:
  0x460f2800 VMThread [stack: 0x03e60000,0x03eb0000] [id=11492]
  0x46191400 WatcherThread [stack: 0x463b0000,0x46400000] [id=12184]

VM state:not at safepoint (normal execution)

VM Mutex/Monitor currently owned by a thread: None

Heap:
 par new generation   total 118016K, used 57668K [0x04000000, 0x0c000000, 0x0c000000)
  eden space 104960K,  42% used [0x04000000, 0x06b910c8, 0x0a680000)
  from space 13056K, 100% used [0x0a680000, 0x0b340000, 0x0b340000)
  to   space 13056K,   0% used [0x0b340000, 0x0b340000, 0x0c000000)
 concurrent mark-sweep generation total 917504K, used 143692K [0x0c000000, 0x44000000, 0x44000000)
 Metaspace       used 23459K, capacity 23712K, committed 23808K, reserved 23936K

Card table byte_map: [0x00db0000,0x00fc0000] byte_map_base: 0x00d90000

Marking Bits: (CMSBitMap*) 0x00886d88
 Bits: [0x44000000, 0x45c00000)

Mod Union Table: (CMSBitMap*) 0x00886de8
 Bits: [0x007f0000, 0x00828000)

Polling page: 0x007b0000

CodeCache: size=32768Kb used=8205Kb max_used=9043Kb free=24562Kb
 bounds [0x01e10000, 0x02708000, 0x03e10000]
 total_blobs=4011 nmethods=3590 adapters=347
 compilation: enabled

Compilation events (10 events):
Event: 62.553 Thread 0x46150400 4729             com.sun.imageio.plugins.png.PNGImageReader::decodePaethFilter (143 bytes)
Event: 62.553 Thread 0x46150400 nmethod 4729 0x020c8d88 code [0x020c8ea0, 0x020c90bc]
Event: 62.553 Thread 0x46150400 4730             com.sun.imageio.plugins.png.PNGImageReader::paethPredictor (57 bytes)
Event: 62.553 Thread 0x46150400 nmethod 4730 0x020c8b88 code [0x020c8c80, 0x020c8d50]
Event: 62.553 Thread 0x46150400 4731             com.sun.imageio.plugins.png.PNGImageReader::decodeUpFilter (53 bytes)
Event: 62.553 Thread 0x46150400 nmethod 4731 0x02091888 code [0x02091990, 0x02091aa0]
Event: 62.556 Thread 0x46150400 4732             java.awt.image.ComponentColorModel::extractComponent (530 bytes)
Event: 62.557 Thread 0x46150400 nmethod 4732 0x020cf348 code [0x020cf5a0, 0x020cff50]
Event: 62.557 Thread 0x46150400 4733             java.awt.image.ComponentColorModel::getAlpha (269 bytes)
Event: 62.557 Thread 0x46150400 nmethod 4733 0x0208fb48 code [0x0208fd50, 0x02090320]

GC Heap History (10 events):
Event: 52.949 GC heap before
{Heap before GC invocations=49 (full 17):
 par new generation   total 118016K, used 117813K [0x04000000, 0x0c000000, 0x0c000000)
  eden space 104960K, 100% used [0x04000000, 0x0a680000, 0x0a680000)
  from space 13056K,  98% used [0x0a680000, 0x0b30d7d8, 0x0b340000)
  to   space 13056K,   0% used [0x0b340000, 0x0b340000, 0x0c000000)
 concurrent mark-sweep generation total 917504K, used 94882K [0x0c000000, 0x44000000, 0x44000000)
 Metaspace       used 23437K, capacity 23677K, committed 23808K, reserved 23936K
Event: 52.971 GC heap after
Heap after GC invocations=50 (full 17):
 par new generation   total 118016K, used 13056K [0x04000000, 0x0c000000, 0x0c000000)
  eden space 104960K,   0% used [0x04000000, 0x04000000, 0x0a680000)
  from space 13056K, 100% used [0x0b340000, 0x0c000000, 0x0c000000)
  to   space 13056K,   0% used [0x0a680000, 0x0a680000, 0x0b340000)
 concurrent mark-sweep generation total 917504K, used 103742K [0x0c000000, 0x44000000, 0x44000000)
 Metaspace       used 23437K, capacity 23677K, committed 23808K, reserved 23936K
}
Event: 54.531 GC heap before
{Heap before GC invocations=50 (full 17):
 par new generation   total 118016K, used 118016K [0x04000000, 0x0c000000, 0x0c000000)
  eden space 104960K, 100% used [0x04000000, 0x0a680000, 0x0a680000)
  from space 13056K, 100% used [0x0b340000, 0x0c000000, 0x0c000000)
  to   space 13056K,   0% used [0x0a680000, 0x0a680000, 0x0b340000)
 concurrent mark-sweep generation total 917504K, used 103742K [0x0c000000, 0x44000000, 0x44000000)
 Metaspace       used 23437K, capacity 23677K, committed 23808K, reserved 23936K
Event: 54.558 GC heap after
Heap after GC invocations=51 (full 17):
 par new generation   total 118016K, used 13056K [0x04000000, 0x0c000000, 0x0c000000)
  eden space 104960K,   0% used [0x04000000, 0x04000000, 0x0a680000)
  from space 13056K, 100% used [0x0a680000, 0x0b340000, 0x0b340000)
  to   space 13056K,   0% used [0x0b340000, 0x0b340000, 0x0c000000)
 concurrent mark-sweep generation total 917504K, used 116395K [0x0c000000, 0x44000000, 0x44000000)
 Metaspace       used 23437K, capacity 23677K, committed 23808K, reserved 23936K
}
Event: 56.176 GC heap before
{Heap before GC invocations=51 (full 17):
 par new generation   total 118016K, used 118016K [0x04000000, 0x0c000000, 0x0c000000)
  eden space 104960K, 100% used [0x04000000, 0x0a680000, 0x0a680000)
  from space 13056K, 100% used [0x0a680000, 0x0b340000, 0x0b340000)
  to   space 13056K,   0% used [0x0b340000, 0x0b340000, 0x0c000000)
 concurrent mark-sweep generation total 917504K, used 116395K [0x0c000000, 0x44000000, 0x44000000)
 Metaspace       used 23437K, capacity 23677K, committed 23808K, reserved 23936K
Event: 56.210 GC heap after
Heap after GC invocations=52 (full 17):
 par new generation   total 118016K, used 13056K [0x04000000, 0x0c000000, 0x0c000000)
  eden space 104960K,   0% used [0x04000000, 0x04000000, 0x0a680000)
  from space 13056K, 100% used [0x0b340000, 0x0c000000, 0x0c000000)
  to   space 13056K,   0% used [0x0a680000, 0x0a680000, 0x0b340000)
 concurrent mark-sweep generation total 917504K, used 131260K [0x0c000000, 0x44000000, 0x44000000)
 Metaspace       used 23437K, capacity 23677K, committed 23808K, reserved 23936K
}
Event: 56.896 GC heap before
{Heap before GC invocations=52 (full 17):
 par new generation   total 118016K, used 42982K [0x04000000, 0x0c000000, 0x0c000000)
  eden space 104960K,  28% used [0x04000000, 0x05d39be0, 0x0a680000)
  from space 13056K, 100% used [0x0b340000, 0x0c000000, 0x0c000000)
  to   space 13056K,   0% used [0x0a680000, 0x0a680000, 0x0b340000)
 concurrent mark-sweep generation total 917504K, used 131260K [0x0c000000, 0x44000000, 0x44000000)
 Metaspace       used 23439K, capacity 23677K, committed 23808K, reserved 23936K
Event: 57.191 GC heap after
Heap after GC invocations=53 (full 18):
 par new generation   total 118016K, used 0K [0x04000000, 0x0c000000, 0x0c000000)
  eden space 104960K,   0% used [0x04000000, 0x04000000, 0x0a680000)
  from space 13056K,   0% used [0x0b340000, 0x0b340000, 0x0c000000)
  to   space 13056K,   0% used [0x0a680000, 0x0a680000, 0x0b340000)
 concurrent mark-sweep generation total 917504K, used 133790K [0x0c000000, 0x44000000, 0x44000000)
 Metaspace       used 23439K, capacity 23677K, committed 23808K, reserved 23936K
}
Event: 61.362 GC heap before
{Heap before GC invocations=53 (full 18):
 par new generation   total 118016K, used 104960K [0x04000000, 0x0c000000, 0x0c000000)
  eden space 104960K, 100% used [0x04000000, 0x0a680000, 0x0a680000)
  from space 13056K,   0% used [0x0b340000, 0x0b340000, 0x0c000000)
  to   space 13056K,   0% used [0x0a680000, 0x0a680000, 0x0b340000)
 concurrent mark-sweep generation total 917504K, used 133790K [0x0c000000, 0x44000000, 0x44000000)
 Metaspace       used 23458K, capacity 23712K, committed 23808K, reserved 23936K
Event: 61.380 GC heap after
Heap after GC invocations=54 (full 18):
 par new generation   total 118016K, used 13056K [0x04000000, 0x0c000000, 0x0c000000)
  eden space 104960K,   0% used [0x04000000, 0x04000000, 0x0a680000)
  from space 13056K, 100% used [0x0a680000, 0x0b340000, 0x0b340000)
  to   space 13056K,   0% used [0x0b340000, 0x0b340000, 0x0c000000)
 concurrent mark-sweep generation total 917504K, used 143692K [0x0c000000, 0x44000000, 0x44000000)
 Metaspace       used 23458K, capacity 23712K, committed 23808K, reserved 23936K
}

Deoptimization events (0 events):
No events

Internal exceptions (10 events):
Event: 62.423 Thread 0x5f3b5400 Exception <a 'java/lang/InterruptedException': sleep interrupted> (0x054b8bc0) thrown at [C:\re\workspace\8-2-build-windows-i586-cygwin\jdk8u91\6644\hotspot\src\share\vm\prims\jvm.cpp, line 3215]
Event: 62.446 Thread 0x5f3b5400 Exception <a 'java/lang/InterruptedException': sleep interrupted> (0x054b8e40) thrown at [C:\re\workspace\8-2-build-windows-i586-cygwin\jdk8u91\6644\hotspot\src\share\vm\prims\jvm.cpp, line 3215]
Event: 62.477 Thread 0x5f3b5400 Exception <a 'java/lang/InterruptedException': sleep interrupted> (0x054b90c0) thrown at [C:\re\workspace\8-2-build-windows-i586-cygwin\jdk8u91\6644\hotspot\src\share\vm\prims\jvm.cpp, line 3215]
Event: 62.477 Thread 0x5f3b5400 Exception <a 'java/lang/InterruptedException': sleep interrupted> (0x054b9340) thrown at [C:\re\workspace\8-2-build-windows-i586-cygwin\jdk8u91\6644\hotspot\src\share\vm\prims\jvm.cpp, line 3167]
Event: 62.499 Thread 0x5f3b5400 Exception <a 'java/lang/InterruptedException': sleep interrupted> (0x054b9580) thrown at [C:\re\workspace\8-2-build-windows-i586-cygwin\jdk8u91\6644\hotspot\src\share\vm\prims\jvm.cpp, line 3215]
Event: 62.499 Thread 0x5f3b5400 Exception <a 'java/lang/InterruptedException': sleep interrupted> (0x054b97e0) thrown at [C:\re\workspace\8-2-build-windows-i586-cygwin\jdk8u91\6644\hotspot\src\share\vm\prims\jvm.cpp, line 3215]
Event: 62.532 Thread 0x5f3b5400 Exception <a 'java/lang/InterruptedException': sleep interrupted> (0x054b9a40) thrown at [C:\re\workspace\8-2-build-windows-i586-cygwin\jdk8u91\6644\hotspot\src\share\vm\prims\jvm.cpp, line 3215]
Event: 62.532 Thread 0x5f3b5400 Exception <a 'java/lang/InterruptedException': sleep interrupted> (0x054b9ca0) thrown at [C:\re\workspace\8-2-build-windows-i586-cygwin\jdk8u91\6644\hotspot\src\share\vm\prims\jvm.cpp, line 3215]
Event: 62.562 Thread 0x5f3b5400 Exception <a 'java/lang/InterruptedException': sleep interrupted> (0x054b9f00) thrown at [C:\re\workspace\8-2-build-windows-i586-cygwin\jdk8u91\6644\hotspot\src\share\vm\prims\jvm.cpp, line 3215]
Event: 62.562 Thread 0x5f3b5400 Exception <a 'java/lang/InterruptedException': sleep interrupted> (0x054ba160) thrown at [C:\re\workspace\8-2-build-windows-i586-cygwin\jdk8u91\6644\hotspot\src\share\vm\prims\jvm.cpp, line 3215]

Events (10 events):
Event: 62.201 Thread 0x46150400 flushing nmethod 0x020dc708
Event: 62.201 Thread 0x46150400 flushing nmethod 0x020dcac8
Event: 62.201 Thread 0x46150400 flushing nmethod 0x020dcc88
Event: 62.201 Thread 0x46150400 flushing nmethod 0x020dcec8
Event: 62.201 Thread 0x46150400 flushing nmethod 0x020dd208
Event: 62.201 Thread 0x46150400 flushing nmethod 0x020dd488
Event: 62.201 Thread 0x46150400 flushing nmethod 0x020dd988
Event: 62.201 Thread 0x46150400 flushing nmethod 0x020dde08
Event: 62.201 Thread 0x46150400 flushing nmethod 0x020de0c8
Event: 62.589 Thread 0x68e48800 Thread added: 0x68e48800


Dynamic libraries:
0x011d0000 - 0x01203000 	C:\Program Files\Java\jre1.8.0_91\bin\java.exe
0x77970000 - 0x77aeb000 	C:\WINDOWS\SYSTEM32\ntdll.dll
0x75190000 - 0x75226000 	C:\WINDOWS\system32\KERNEL32.DLL
0x74e90000 - 0x7500f000 	C:\WINDOWS\system32\KERNELBASE.dll
0x73340000 - 0x733d2000 	C:\WINDOWS\system32\apphelp.dll
0x76c50000 - 0x76ccb000 	C:\WINDOWS\system32\ADVAPI32.dll
0x77690000 - 0x7774e000 	C:\WINDOWS\system32\msvcrt.dll
0x77370000 - 0x773b4000 	C:\WINDOWS\system32\sechost.dll
0x75350000 - 0x75412000 	C:\WINDOWS\system32\RPCRT4.dll
0x76d30000 - 0x76e68000 	C:\WINDOWS\system32\USER32.dll
0x77530000 - 0x77685000 	C:\WINDOWS\system32\GDI32.dll
0x67dc0000 - 0x67fcf000 	C:\WINDOWS\WinSxS\x86_microsoft.windows.common-controls_6595b64144ccf1df_6.0.10586.0_none_d3c2e4e965da4528\COMCTL32.dll
0x777b0000 - 0x7796d000 	C:\WINDOWS\system32\combase.dll
0x74740000 - 0x74798000 	C:\WINDOWS\system32\bcryptPrimitives.dll
0x774b0000 - 0x774df000 	C:\WINDOWS\system32\IMM32.DLL
0x77c20000 - 0x77cdf000 	C:\Program Files\Java\jre1.8.0_91\bin\msvcr100.dll
0x6c440000 - 0x6c80a000 	C:\Program Files\Java\jre1.8.0_91\bin\client\jvm.dll
0x75490000 - 0x75496000 	C:\WINDOWS\system32\PSAPI.DLL
0x66970000 - 0x66978000 	C:\WINDOWS\SYSTEM32\WSOCK32.dll
0x77450000 - 0x774af000 	C:\WINDOWS\system32\WS2_32.dll
0x6a810000 - 0x6a818000 	C:\WINDOWS\SYSTEM32\VERSION.dll
0x73280000 - 0x732a4000 	C:\WINDOWS\SYSTEM32\WINMM.dll
0x73230000 - 0x73253000 	C:\WINDOWS\SYSTEM32\WINMMBASE.dll
0x75110000 - 0x75147000 	C:\WINDOWS\system32\cfgmgr32.dll
0x50450000 - 0x5045c000 	C:\Program Files\Java\jre1.8.0_91\bin\verify.dll
0x6cac0000 - 0x6cae1000 	C:\Program Files\Java\jre1.8.0_91\bin\java.dll
0x6fbf0000 - 0x6fc03000 	C:\Program Files\Java\jre1.8.0_91\bin\zip.dll
0x757b0000 - 0x76bae000 	C:\WINDOWS\system32\SHELL32.dll
0x747a0000 - 0x74c9a000 	C:\WINDOWS\system32\windows.storage.dll
0x774e0000 - 0x77525000 	C:\WINDOWS\system32\shlwapi.dll
0x74730000 - 0x7473c000 	C:\WINDOWS\system32\kernel.appcore.dll
0x773c0000 - 0x7744d000 	C:\WINDOWS\system32\shcore.dll
0x746d0000 - 0x74714000 	C:\WINDOWS\system32\powrprof.dll
0x746c0000 - 0x746cf000 	C:\WINDOWS\system32\profapi.dll
0x011c0000 - 0x011c7000 	D:\Program Files\JetBrains\IntelliJ IDEA Community Edition 2016.1\bin\breakgen.dll
0x6fb60000 - 0x6fb76000 	C:\Program Files\Java\jre1.8.0_91\bin\net.dll
0x740d0000 - 0x74120000 	C:\WINDOWS\system32\mswsock.dll
0x6f8d0000 - 0x6f8da000 	C:\Program Files\Java\jre1.8.0_91\bin\management.dll
0x6fea0000 - 0x6feaf000 	C:\Program Files\Java\jre1.8.0_91\bin\nio.dll
0x644c0000 - 0x644d2000 	C:\WINDOWS\system32\napinsp.dll
0x64480000 - 0x64496000 	C:\WINDOWS\system32\pnrpnsp.dll
0x725b0000 - 0x725c4000 	C:\WINDOWS\system32\NLAapi.dll
0x66450000 - 0x6645b000 	C:\WINDOWS\System32\winrnr.dll
0x734a0000 - 0x73524000 	C:\WINDOWS\SYSTEM32\DNSAPI.dll
0x76bb0000 - 0x76bb7000 	C:\WINDOWS\system32\NSI.dll
0x6a230000 - 0x6a251000 	C:\Program Files\Bonjour\mdnsNSP.dll
0x6e9d0000 - 0x6e9ff000 	C:\WINDOWS\SYSTEM32\Iphlpapi.DLL
0x6a220000 - 0x6a228000 	C:\Windows\System32\rasadhlp.dll
0x6c370000 - 0x6c3b7000 	C:\WINDOWS\System32\fwpuclnt.dll
0x74620000 - 0x7463d000 	C:\WINDOWS\SYSTEM32\bcrypt.dll
0x47730000 - 0x4777d000 	C:\Users\Administrator\.gradle\caches\minecraft\net\minecraft\minecraft_natives\1.7.10\lwjgl.dll
0x51aa0000 - 0x51b80000 	C:\WINDOWS\SYSTEM32\OPENGL32.dll
0x51a40000 - 0x51a65000 	C:\WINDOWS\SYSTEM32\GLU32.dll
0x51950000 - 0x51a3e000 	C:\WINDOWS\SYSTEM32\DDRAW.dll
0x518e0000 - 0x518e7000 	C:\WINDOWS\SYSTEM32\DCIMAN32.dll
0x741b0000 - 0x741c3000 	C:\WINDOWS\SYSTEM32\CRYPTSP.dll
0x73e10000 - 0x73e3f000 	C:\WINDOWS\system32\rsaenh.dll
0x73f90000 - 0x73fa9000 	C:\WINDOWS\SYSTEM32\USERENV.dll
0x742a0000 - 0x742aa000 	C:\WINDOWS\SYSTEM32\CRYPTBASE.dll
0x6bdf0000 - 0x6be03000 	C:\WINDOWS\SYSTEM32\dhcpcsvc6.DLL
0x6bdd0000 - 0x6bde4000 	C:\WINDOWS\SYSTEM32\dhcpcsvc.DLL
0x47a70000 - 0x47bb5000 	C:\Program Files\Java\jre1.8.0_91\bin\awt.dll
0x755a0000 - 0x75632000 	C:\WINDOWS\system32\OLEAUT32.dll
0x73420000 - 0x73499000 	C:\WINDOWS\system32\uxtheme.dll
0x75230000 - 0x7534f000 	C:\WINDOWS\system32\MSCTF.dll
0x72bc0000 - 0x72bdd000 	C:\WINDOWS\system32\dwmapi.dll
0x480c0000 - 0x4890e000 	C:\WINDOWS\SYSTEM32\ig75icd32.dll
0x70e80000 - 0x71731000 	C:\WINDOWS\SYSTEM32\igdusc32.dll
0x73080000 - 0x7308f000 	C:\WINDOWS\SYSTEM32\WTSAPI32.dll
0x5b400000 - 0x5b47f000 	C:\WINDOWS\SYSTEM32\mscms.dll
0x63b10000 - 0x63b4c000 	C:\WINDOWS\SYSTEM32\icm32.dll
0x70a40000 - 0x70a7a000 	C:\Users\Administrator\.gradle\caches\minecraft\net\minecraft\minecraft_natives\1.7.10\avutil-ttv-51.dll
0x65980000 - 0x6599d000 	C:\Users\Administrator\.gradle\caches\minecraft\net\minecraft\minecraft_natives\1.7.10\swresample-ttv-0.dll
0x6eb80000 - 0x6ec09000 	C:\Users\Administrator\.gradle\caches\minecraft\net\minecraft\minecraft_natives\1.7.10\libmp3lame-ttv.dll
0x4d1a0000 - 0x4e120000 	C:\Users\Administrator\.gradle\caches\minecraft\net\minecraft\minecraft_natives\1.7.10\libmfxsw32.dll
0x4e130000 - 0x4e233000 	C:\Users\Administrator\.gradle\caches\minecraft\net\minecraft\minecraft_natives\1.7.10\twitchsdk.dll
0x77280000 - 0x7736b000 	C:\WINDOWS\system32\ole32.dll
0x67b90000 - 0x67db8000 	C:\WINDOWS\SYSTEM32\WININET.dll
0x51830000 - 0x51895000 	C:\Users\Administrator\.gradle\caches\minecraft\net\minecraft\minecraft_natives\1.7.10\OpenAL32.dll
0x76bc0000 - 0x76c44000 	C:\WINDOWS\system32\clbcatq.dll
0x6dbc0000 - 0x6dc15000 	C:\WINDOWS\System32\MMDevApi.dll
0x73090000 - 0x731db000 	C:\WINDOWS\System32\PROPSYS.dll
0x733f0000 - 0x73412000 	C:\WINDOWS\System32\DEVOBJ.dll
0x5b2d0000 - 0x5b356000 	C:\WINDOWS\SYSTEM32\dsound.dll
0x5b360000 - 0x5b3c8000 	C:\WINDOWS\SYSTEM32\AUDIOSES.DLL
0x6e430000 - 0x6e4f8000 	C:\WINDOWS\SYSTEM32\wintypes.dll
0x6f710000 - 0x6f730000 	C:\Program Files\Java\jre1.8.0_91\bin\sunec.dll
0x661a0000 - 0x6625c000 	C:\WINDOWS\system32\msctfuimanager.dll
0x66260000 - 0x663c7000 	C:\WINDOWS\system32\DUI70.dll
0x663d0000 - 0x6644b000 	C:\WINDOWS\system32\DUser.dll
0x665b0000 - 0x666cc000 	C:\WINDOWS\SYSTEM32\UIAutomationCore.dll
0x74590000 - 0x74611000 	C:\WINDOWS\SYSTEM32\sxs.dll
0x72750000 - 0x7278f000 	C:\WINDOWS\System32\UIAnimation.dll
0x66770000 - 0x667c4000 	C:\Windows\System32\oleacc.dll
0x6ba60000 - 0x6bc51000 	C:\WINDOWS\system32\dwrite.dll
0x729a0000 - 0x72bba000 	C:\WINDOWS\system32\d3d11.dll
0x72910000 - 0x72993000 	C:\WINDOWS\system32\dxgi.dll
0x67950000 - 0x67b68000 	C:\WINDOWS\SYSTEM32\D3D10Warp.dll
0x72d40000 - 0x72df4000 	C:\WINDOWS\SYSTEM32\dcomp.dll
0x668c0000 - 0x66930000 	C:\WINDOWS\system32\directmanipulation.dll

VM Arguments:
jvm_args: -Xincgc -Xmx1024M -Xms1024M -Didea.launcher.port=7532 -Didea.launcher.bin.path=D:\Program Files\JetBrains\IntelliJ IDEA Community Edition 2016.1\bin -Dfile.encoding=UTF-8 
java_command: com.intellij.rt.execution.application.AppMain GradleStart
java_class_path (initial): C:\Program Files\Java\jre1.8.0_91\lib\charsets.jar;C:\Program Files\Java\jre1.8.0_91\lib\deploy.jar;C:\Program Files\Java\jre1.8.0_91\lib\ext\access-bridge.jar;C:\Program Files\Java\jre1.8.0_91\lib\ext\cldrdata.jar;C:\Program Files\Java\jre1.8.0_91\lib\ext\dnsns.jar;C:\Program Files\Java\jre1.8.0_91\lib\ext\jaccess.jar;C:\Program Files\Java\jre1.8.0_91\lib\ext\jfxrt.jar;C:\Program Files\Java\jre1.8.0_91\lib\ext\localedata.jar;C:\Program Files\Java\jre1.8.0_91\lib\ext\nashorn.jar;C:\Program Files\Java\jre1.8.0_91\lib\ext\sunec.jar;C:\Program Files\Java\jre1.8.0_91\lib\ext\sunjce_provider.jar;C:\Program Files\Java\jre1.8.0_91\lib\ext\sunmscapi.jar;C:\Program Files\Java\jre1.8.0_91\lib\ext\sunpkcs11.jar;C:\Program Files\Java\jre1.8.0_91\lib\ext\zipfs.jar;C:\Program Files\Java\jre1.8.0_91\lib\javaws.jar;C:\Program Files\Java\jre1.8.0_91\lib\jce.jar;C:\Program Files\Java\jre1.8.0_91\lib\jfr.jar;C:\Program Files\Java\jre1.8.0_91\lib\jfxswt.jar;C:\Program Files\Java\jre1.8.0_91\lib\jsse.jar;C:\Program Files\Java\jre1.8.0_91\lib\management-agent.jar;C:\Program Files\Java\jre1.8.0_91\lib\plugin.jar;C:\Program Files\Java\jre1.8.0_91\lib\resources.jar;C:\Program Files\Java\jre1.8.0_91\lib\rt.jar;F:\Games\GameSomething\Minecraft\1.7.10 modsDevelop\MoreToolsMod\out\production\MoreTools Project;C:\Users\Administrator\.gradle\caches\minecraft\net\minecraftforge\forge\1.7.10-10.13.4.1558-1.7.10\forgeSrc-1.7.10-10.13.4.1558-1.7.10.jar;C:\Users\Administrator\.gradle\caches\modules-2\files-2.1\net.minecraft\launchwrapper\1.12\111e7bea9c968cdb3d06ef4632bf7ff0824d0f36\launchwrapper-1.12.jar;C:\Users\Administrator\.gradle\caches\modules-2\files-2.1\com.google.code.findbugs\jsr305\1.3.9\40719ea6961c0cb6afaeb6a921eaa1f6afd4cfdf\jsr305-1.3.9.jar;C:\Users\Administrator\.gradle\caches\modules-2\files-2.1\org.ow2.asm\asm-debug-all\5.0.3\f9e364ae2a66ce2a543012a4668856e84e5dab74\asm-debug-all-5.0.3.jar;C:\Users\Administrator\.gradle\caches\modules-2\files-2.1\com.typ
Launcher Type: SUN_STANDARD

Environment Variables:
JAVA_HOME=C:\Program Files\Java\jdk1.8.0_77
CLASSPATH=.;C:\Program Files\Java\jdk1.8.0_77\lib;C:\Program Files\Java\jdk1.8.0_77\lib\tools.jar
PATH=C:\ProgramData\Oracle\Java\javapath;C:\WINDOWS\system32;C:\WINDOWS;C:\WINDOWS\System32\Wbem;C:\WINDOWS\System32\WindowsPowerShell\v1.0\;C:\WINDOWS\system32\config\systemprofile\.dnx\bin;C:\Program Files\Microsoft DNX\Dnvm\;C:\Program Files\Windows Kits\8.1\Windows Performance Toolkit\;D:\Program Files\Git\bin;C:\Users\Administrator\.gradle\bin;C:\Program Files\Java\jdk1.8.0_77\bin
USERNAME=Administrator
OS=Windows_NT
PROCESSOR_IDENTIFIER=x86 Family 6 Model 60 Stepping 3, GenuineIntel



---------------  S Y S T E M  ---------------

OS: Windows 10.0 Build 10586 (10.0.10586.0)

CPU:total 2 (2 cores per cpu, 1 threads per core) family 6 model 60 stepping 3, cmov, cx8, fxsr, mmx, sse, sse2, sse3, ssse3, sse4.1, sse4.2, popcnt, clmul, erms, lzcnt, tsc, tscinvbit

Memory: 4k page, physical 3589964k(367316k free), swap 8172940k(1550784k free)

vm_info: Java HotSpot(TM) Client VM (25.91-b14) for windows-x86 JRE (1.8.0_91-b14), built on Apr  1 2016 01:01:28 by "java_re" with MS VC++ 10.0 (VS2010)

time: Sat Apr 23 09:24:51 2016
elapsed time: 62 seconds (0d 0h 1m 2s)

