#
# A fatal error has been detected by the Java Runtime Environment:
#
#  EXCEPTION_ACCESS_VIOLATION (0xc0000005) at pc=0x4815e84a, pid=11456, tid=11432
#
# JRE version: Java(TM) SE Runtime Environment (8.0_77-b03) (build 1.8.0_77-b03)
# Java VM: Java HotSpot(TM) Client VM (25.77-b03 mixed mode windows-x86 )
# Problematic frame:
# C  [ig75icd32.dll+0xe84a]
#
# Failed to write core dump. Minidumps are not enabled by default on client versions of Windows
#
# If you would like to submit a bug report, please visit:
#   http://bugreport.java.com/bugreport/crash.jsp
# The crash happened outside the Java Virtual Machine in native code.
# See problematic frame for where to report the bug.
#

---------------  T H R E A D  ---------------

Current thread (0x00b33800):  JavaThread "Client thread" [_thread_in_native, id=11432, stack(0x00520000,0x00570000)]

siginfo: ExceptionCode=0xc0000005, writing address 0x00000000

Registers:
EAX=0x3f800000, EBX=0x006545c0, ECX=0x00000010, EDX=0x0066aa30
ESP=0x0056e560, EBP=0x0056e560, ESI=0x00669dec, EDI=0x00000012
EIP=0x4815e84a, EFLAGS=0x00010293

Top of Stack: (sp=0x0056e560)
0x0056e560:   0056e57c 481ff196 00000010 006545c0
0x0056e570:   006545c0 0000005c 00000000 0056e598
0x0056e580:   481ffea4 006545c0 484a59f4 006545c0
0x0056e590:   48563f0c 6ec6e1a4 0056e5c8 486fcf12
0x0056e5a0:   006545c0 6ec6e1a8 006545c0 6ec6e118
0x0056e5b0:   48549c0a 00b33800 0056e608 00000000
0x0056e5c0:   6f38e008 6f38e1ec 0056e618 47878643
0x0056e5d0:   00000079 00001405 5a0180c0 026c2ec1 

Instructions: (pc=0x4815e84a)
0x4815e82a:   42 dc 89 41 dc 8b 42 e0 89 41 e0 8b 42 e4 89 41
0x4815e83a:   e4 8b 42 e8 89 41 e8 8b 42 ec 89 41 ec 8b 42 f0
0x4815e84a:   89 41 f0 8b 42 f4 89 41 f4 8b 42 f8 89 41 f8 8b
0x4815e85a:   42 fc 89 41 fc 8b 45 08 a8 01 74 0a 8a 02 88 01 


Register to memory mapping:

EAX=0x3f800000 is an unknown value
EBX=0x006545c0 is an unknown value
ECX=0x00000010 is an unknown value
EDX=0x0066aa30 is an unknown value
ESP=0x0056e560 is pointing into the stack for thread: 0x00b33800
EBP=0x0056e560 is pointing into the stack for thread: 0x00b33800
ESI=0x00669dec is an unknown value
EDI=0x00000012 is an unknown value


Stack: [0x00520000,0x00570000],  sp=0x0056e560,  free space=313k
Native frames: (J=compiled Java code, j=interpreted, Vv=VM code, C=native code)
C  [ig75icd32.dll+0xe84a]
C  [ig75icd32.dll+0xaf196]
C  [ig75icd32.dll+0xafea4]
C  [ig75icd32.dll+0x5acf12]
C  [lwjgl.dll+0x8643]
J 3942 C1 net.minecraft.client.renderer.RenderList.callLists()V (87 bytes) @ 0x02662040 [0x02661d10+0x330]
J 3852 C1 net.minecraft.client.renderer.RenderGlobal.renderAllRenderLists(ID)V (52 bytes) @ 0x025f1338 [0x025f12d0+0x68]
J 3035 C1 net.minecraft.client.renderer.RenderGlobal.renderSortedRenderers(IIID)I (589 bytes) @ 0x0242691c [0x02426300+0x61c]
J 3719 C1 net.minecraft.client.renderer.RenderGlobal.sortAndRender(Lnet/minecraft/entity/EntityLivingBase;ID)I (1189 bytes) @ 0x02595f30 [0x02594530+0x1a00]
j  net.minecraft.client.renderer.EntityRenderer.renderWorld(FJ)V+639
j  net.minecraft.client.renderer.EntityRenderer.updateCameraAndRender(F)V+498
j  net.minecraft.client.Minecraft.runGameLoop()V+324
j  net.minecraft.client.Minecraft.run()V+61
j  net.minecraft.client.main.Main.main([Ljava/lang/String;)V+998
v  ~StubRoutines::call_stub
V  [jvm.dll+0x158f95]
V  [jvm.dll+0x21e54e]
V  [jvm.dll+0x15902e]
V  [jvm.dll+0x165708]
V  [jvm.dll+0x165973]
V  [jvm.dll+0x1026e3]
C  [java.dll+0x3b26]
j  sun.reflect.NativeMethodAccessorImpl.invoke(Ljava/lang/Object;[Ljava/lang/Object;)Ljava/lang/Object;+100
j  sun.reflect.DelegatingMethodAccessorImpl.invoke(Ljava/lang/Object;[Ljava/lang/Object;)Ljava/lang/Object;+6
j  java.lang.reflect.Method.invoke(Ljava/lang/Object;[Ljava/lang/Object;)Ljava/lang/Object;+56
j  net.minecraft.launchwrapper.Launch.launch([Ljava/lang/String;)V+661
j  net.minecraft.launchwrapper.Launch.main([Ljava/lang/String;)V+8
j  net.minecraftforge.gradle.GradleStartCommon.launch([Ljava/lang/String;)V+181
j  GradleStart.main([Ljava/lang/String;)V+11
v  ~StubRoutines::call_stub
V  [jvm.dll+0x158f95]
V  [jvm.dll+0x21e54e]
V  [jvm.dll+0x15902e]
V  [jvm.dll+0x165708]
V  [jvm.dll+0x165973]
V  [jvm.dll+0x1026e3]
C  [java.dll+0x3b26]
j  sun.reflect.NativeMethodAccessorImpl.invoke(Ljava/lang/Object;[Ljava/lang/Object;)Ljava/lang/Object;+100
j  sun.reflect.DelegatingMethodAccessorImpl.invoke(Ljava/lang/Object;[Ljava/lang/Object;)Ljava/lang/Object;+6
j  java.lang.reflect.Method.invoke(Ljava/lang/Object;[Ljava/lang/Object;)Ljava/lang/Object;+56
j  com.intellij.rt.execution.application.AppMain.main([Ljava/lang/String;)V+180
v  ~StubRoutines::call_stub
V  [jvm.dll+0x158f95]
V  [jvm.dll+0x21e54e]
V  [jvm.dll+0x15902e]
V  [jvm.dll+0xdb007]
V  [jvm.dll+0xe359f]
C  [java.exe+0x228d]
C  [java.exe+0xae9f]
C  [java.exe+0xaf29]
C  [KERNEL32.DLL+0x195f4]
C  [ntdll.dll+0x2241a]
C  [ntdll.dll+0x223e9]
C  0x00000000

Java frames: (J=compiled Java code, j=interpreted, Vv=VM code)
J 4109  org.lwjgl.opengl.GL11.nglCallLists(IIJJ)V (0 bytes) @ 0x026c2e7d [0x026c2e20+0x5d]
J 3942 C1 net.minecraft.client.renderer.RenderList.callLists()V (87 bytes) @ 0x02662040 [0x02661d10+0x330]
J 3852 C1 net.minecraft.client.renderer.RenderGlobal.renderAllRenderLists(ID)V (52 bytes) @ 0x025f1338 [0x025f12d0+0x68]
J 3035 C1 net.minecraft.client.renderer.RenderGlobal.renderSortedRenderers(IIID)I (589 bytes) @ 0x0242691c [0x02426300+0x61c]
J 3719 C1 net.minecraft.client.renderer.RenderGlobal.sortAndRender(Lnet/minecraft/entity/EntityLivingBase;ID)I (1189 bytes) @ 0x02595f30 [0x02594530+0x1a00]
j  net.minecraft.client.renderer.EntityRenderer.renderWorld(FJ)V+639
j  net.minecraft.client.renderer.EntityRenderer.updateCameraAndRender(F)V+498
j  net.minecraft.client.Minecraft.runGameLoop()V+324
j  net.minecraft.client.Minecraft.run()V+61
j  net.minecraft.client.main.Main.main([Ljava/lang/String;)V+998
v  ~StubRoutines::call_stub
j  sun.reflect.NativeMethodAccessorImpl.invoke0(Ljava/lang/reflect/Method;Ljava/lang/Object;[Ljava/lang/Object;)Ljava/lang/Object;+0
j  sun.reflect.NativeMethodAccessorImpl.invoke(Ljava/lang/Object;[Ljava/lang/Object;)Ljava/lang/Object;+100
j  sun.reflect.DelegatingMethodAccessorImpl.invoke(Ljava/lang/Object;[Ljava/lang/Object;)Ljava/lang/Object;+6
j  java.lang.reflect.Method.invoke(Ljava/lang/Object;[Ljava/lang/Object;)Ljava/lang/Object;+56
j  net.minecraft.launchwrapper.Launch.launch([Ljava/lang/String;)V+661
j  net.minecraft.launchwrapper.Launch.main([Ljava/lang/String;)V+8
j  net.minecraftforge.gradle.GradleStartCommon.launch([Ljava/lang/String;)V+181
j  GradleStart.main([Ljava/lang/String;)V+11
v  ~StubRoutines::call_stub
j  sun.reflect.NativeMethodAccessorImpl.invoke0(Ljava/lang/reflect/Method;Ljava/lang/Object;[Ljava/lang/Object;)Ljava/lang/Object;+0
j  sun.reflect.NativeMethodAccessorImpl.invoke(Ljava/lang/Object;[Ljava/lang/Object;)Ljava/lang/Object;+100
j  sun.reflect.DelegatingMethodAccessorImpl.invoke(Ljava/lang/Object;[Ljava/lang/Object;)Ljava/lang/Object;+6
j  java.lang.reflect.Method.invoke(Ljava/lang/Object;[Ljava/lang/Object;)Ljava/lang/Object;+56
j  com.intellij.rt.execution.application.AppMain.main([Ljava/lang/String;)V+180
v  ~StubRoutines::call_stub

---------------  P R O C E S S  ---------------

Java Threads: ( => current thread )
  0x6b0df000 JavaThread "Keep-Alive-Timer" daemon [_thread_blocked, id=4564, stack(0x635f0000,0x63640000)]
  0x6b0dc400 JavaThread "pool-2-thread-1" [_thread_blocked, id=8600, stack(0x63400000,0x63450000)]
  0x6b0dfc00 JavaThread "Netty IO #1" daemon [_thread_in_native, id=1420, stack(0x63360000,0x633b0000)]
  0x6b0dd000 JavaThread "Netty Client IO #0" daemon [_thread_in_native, id=10872, stack(0x63310000,0x63360000)]
  0x6b0de800 JavaThread "Netty IO #0" daemon [_thread_in_native, id=4420, stack(0x632c0000,0x63310000)]
  0x6b0df400 JavaThread "Server thread" [_thread_blocked, id=11300, stack(0x5b240000,0x5b290000)]
  0x6b0dd400 JavaThread "Snooper Timer" daemon [_thread_blocked, id=9604, stack(0x507f0000,0x50840000)]
  0x6b0de400 JavaThread "Thread-13" [_thread_blocked, id=11264, stack(0x5ef90000,0x5efe0000)]
  0x6b0dc800 JavaThread "Thread-12" [_thread_blocked, id=10364, stack(0x5ef40000,0x5ef90000)]
  0x5749c400 JavaThread "Thread-8" [_thread_blocked, id=11356, stack(0x5b1f0000,0x5b240000)]
  0x47177c00 JavaThread "LWJGL Timer" daemon [_thread_blocked, id=9808, stack(0x50850000,0x508a0000)]
  0x47523800 JavaThread "Java2D Disposer" daemon [_thread_blocked, id=11528, stack(0x47ef0000,0x47f40000)]
  0x47445800 JavaThread "Timer hack thread" daemon [_thread_blocked, id=10412, stack(0x47910000,0x47960000)]
  0x4741b800 JavaThread "Snooper Timer" daemon [_thread_blocked, id=2756, stack(0x478c0000,0x47910000)]
  0x46612c00 JavaThread "Monitor Ctrl-Break" daemon [_thread_in_native, id=11668, stack(0x46a10000,0x46a60000)]
  0x46180000 JavaThread "Service Thread" daemon [_thread_blocked, id=9244, stack(0x46360000,0x463b0000)]
  0x46140000 JavaThread "C1 CompilerThread0" daemon [_thread_blocked, id=8732, stack(0x46310000,0x46360000)]
  0x4613f000 JavaThread "Attach Listener" daemon [_thread_blocked, id=9788, stack(0x462c0000,0x46310000)]
  0x4613e400 JavaThread "Signal Dispatcher" daemon [_thread_blocked, id=11868, stack(0x46270000,0x462c0000)]
  0x4613d400 JavaThread "Surrogate Locker Thread (Concurrent GC)" daemon [_thread_blocked, id=10376, stack(0x03fa0000,0x03ff0000)]
  0x46107400 JavaThread "Finalizer" daemon [_thread_blocked, id=5012, stack(0x03ee0000,0x03f30000)]
  0x46106400 JavaThread "Reference Handler" daemon [_thread_blocked, id=5672, stack(0x03e90000,0x03ee0000)]
=>0x00b33800 JavaThread "Client thread" [_thread_in_native, id=11432, stack(0x00520000,0x00570000)]

Other Threads:
  0x460ef400 VMThread [stack: 0x03e40000,0x03e90000] [id=3068]
  0x46148c00 WatcherThread [stack: 0x463b0000,0x46400000] [id=11060]

VM state:not at safepoint (normal execution)

VM Mutex/Monitor currently owned by a thread: None

Heap:
 par new generation   total 118016K, used 27744K [0x04000000, 0x0c000000, 0x0c000000)
  eden space 104960K,  19% used [0x04000000, 0x05420f50, 0x0a680000)
  from space 13056K,  54% used [0x0a680000, 0x0ad770b0, 0x0b340000)
  to   space 13056K,   0% used [0x0b340000, 0x0b340000, 0x0c000000)
 concurrent mark-sweep generation total 917504K, used 138244K [0x0c000000, 0x44000000, 0x44000000)
 Metaspace       used 23101K, capacity 23322K, committed 23424K, reserved 23936K

Card table byte_map: [0x00d90000,0x00fa0000] byte_map_base: 0x00d70000

Marking Bits: (CMSBitMap*) 0x00b76a08
 Bits: [0x44000000, 0x45c00000)

Mod Union Table: (CMSBitMap*) 0x00b76a68
 Bits: [0x01170000, 0x011a8000)

Polling page: 0x005c0000

CodeCache: size=32768Kb used=8732Kb max_used=8732Kb free=24035Kb
 bounds [0x01e40000, 0x026d0000, 0x03e40000]
 total_blobs=4453 nmethods=4055 adapters=324
 compilation: enabled

Compilation events (10 events):
Event: 44.807 Thread 0x46140000 4122             net.minecraft.entity.ai.EntityAILookIdle::continueExecuting (13 bytes)
Event: 44.807 Thread 0x46140000 nmethod 4122 0x026c4b48 code [0x026c4c40, 0x026c4cd0]
Event: 44.807 Thread 0x46140000 4123             net.minecraft.entity.passive.EntityChicken::onLivingUpdate (247 bytes)
Event: 44.808 Thread 0x46140000 nmethod 4123 0x026c4d08 code [0x026c4f00, 0x026c5310]
Event: 44.864 Thread 0x46140000 4124             net.minecraft.tileentity.TileEntityMobSpawner::updateEntity (12 bytes)
Event: 44.864 Thread 0x46140000 nmethod 4124 0x026c5708 code [0x026c5810, 0x026c58ac]
Event: 44.865 Thread 0x46140000 4125             net.minecraft.tileentity.MobSpawnerBaseLogic::updateSpawner (515 bytes)
Event: 44.866 Thread 0x46140000 nmethod 4125 0x026c5948 code [0x026c5dc0, 0x026c6a20]
Event: 44.867 Thread 0x46140000 4126             net.minecraft.tileentity.MobSpawnerBaseLogic::isActivated (48 bytes)
Event: 44.868 Thread 0x46140000 nmethod 4126 0x026c7e48 code [0x026c7fb0, 0x026c812c]

GC Heap History (10 events):
Event: 39.259 GC heap before
{Heap before GC invocations=39 (full 11):
 par new generation   total 118016K, used 107864K [0x04000000, 0x0c000000, 0x0c000000)
  eden space 104960K,  90% used [0x04000000, 0x09c96008, 0x0a680000)
  from space 13056K, 100% used [0x0b340000, 0x0c000000, 0x0c000000)
  to   space 13056K,   0% used [0x0a680000, 0x0a680000, 0x0b340000)
 concurrent mark-sweep generation total 917504K, used 128743K [0x0c000000, 0x44000000, 0x44000000)
 Metaspace       used 23088K, capacity 23322K, committed 23424K, reserved 23936K
Event: 39.274 GC heap after
Heap after GC invocations=40 (full 11):
 par new generation   total 118016K, used 9459K [0x04000000, 0x0c000000, 0x0c000000)
  eden space 104960K,   0% used [0x04000000, 0x04000000, 0x0a680000)
  from space 13056K,  72% used [0x0a680000, 0x0afbcfb0, 0x0b340000)
  to   space 13056K,   0% used [0x0b340000, 0x0b340000, 0x0c000000)
 concurrent mark-sweep generation total 917504K, used 138244K [0x0c000000, 0x44000000, 0x44000000)
 Metaspace       used 23088K, capacity 23322K, committed 23424K, reserved 23936K
}
Event: 39.354 GC heap before
{Heap before GC invocations=40 (full 11):
 par new generation   total 118016K, used 112017K [0x04000000, 0x0c000000, 0x0c000000)
  eden space 104960K,  97% used [0x04000000, 0x0a427738, 0x0a680000)
  from space 13056K,  72% used [0x0a680000, 0x0afbcfb0, 0x0b340000)
  to   space 13056K,   0% used [0x0b340000, 0x0b340000, 0x0c000000)
 concurrent mark-sweep generation total 917504K, used 138244K [0x0c000000, 0x44000000, 0x44000000)
 Metaspace       used 23091K, capacity 23322K, committed 23424K, reserved 23936K
Event: 39.360 GC heap after
Heap after GC invocations=41 (full 11):
 par new generation   total 118016K, used 3084K [0x04000000, 0x0c000000, 0x0c000000)
  eden space 104960K,   0% used [0x04000000, 0x04000000, 0x0a680000)
  from space 13056K,  23% used [0x0b340000, 0x0b643028, 0x0c000000)
  to   space 13056K,   0% used [0x0a680000, 0x0a680000, 0x0b340000)
 concurrent mark-sweep generation total 917504K, used 138244K [0x0c000000, 0x44000000, 0x44000000)
 Metaspace       used 23091K, capacity 23322K, committed 23424K, reserved 23936K
}
Event: 39.969 GC heap before
{Heap before GC invocations=41 (full 11):
 par new generation   total 118016K, used 100611K [0x04000000, 0x0c000000, 0x0c000000)
  eden space 104960K,  92% used [0x04000000, 0x09f3dcd8, 0x0a680000)
  from space 13056K,  23% used [0x0b340000, 0x0b643028, 0x0c000000)
  to   space 13056K,   0% used [0x0a680000, 0x0a680000, 0x0b340000)
 concurrent mark-sweep generation total 917504K, used 138244K [0x0c000000, 0x44000000, 0x44000000)
 Metaspace       used 23091K, capacity 23322K, committed 23424K, reserved 23936K
Event: 39.977 GC heap after
Heap after GC invocations=42 (full 11):
 par new generation   total 118016K, used 4328K [0x04000000, 0x0c000000, 0x0c000000)
  eden space 104960K,   0% used [0x04000000, 0x04000000, 0x0a680000)
  from space 13056K,  33% used [0x0a680000, 0x0aaba108, 0x0b340000)
  to   space 13056K,   0% used [0x0b340000, 0x0b340000, 0x0c000000)
 concurrent mark-sweep generation total 917504K, used 138244K [0x0c000000, 0x44000000, 0x44000000)
 Metaspace       used 23091K, capacity 23322K, committed 23424K, reserved 23936K
}
Event: 42.127 GC heap before
{Heap before GC invocations=42 (full 11):
 par new generation   total 118016K, used 105547K [0x04000000, 0x0c000000, 0x0c000000)
  eden space 104960K,  96% used [0x04000000, 0x0a2d8bc8, 0x0a680000)
  from space 13056K,  33% used [0x0a680000, 0x0aaba108, 0x0b340000)
  to   space 13056K,   0% used [0x0b340000, 0x0b340000, 0x0c000000)
 concurrent mark-sweep generation total 917504K, used 138244K [0x0c000000, 0x44000000, 0x44000000)
 Metaspace       used 23092K, capacity 23322K, committed 23424K, reserved 23936K
Event: 42.134 GC heap after
Heap after GC invocations=43 (full 11):
 par new generation   total 118016K, used 5652K [0x04000000, 0x0c000000, 0x0c000000)
  eden space 104960K,   0% used [0x04000000, 0x04000000, 0x0a680000)
  from space 13056K,  43% used [0x0b340000, 0x0b8c5270, 0x0c000000)
  to   space 13056K,   0% used [0x0a680000, 0x0a680000, 0x0b340000)
 concurrent mark-sweep generation total 917504K, used 138244K [0x0c000000, 0x44000000, 0x44000000)
 Metaspace       used 23092K, capacity 23322K, committed 23424K, reserved 23936K
}
Event: 44.820 GC heap before
{Heap before GC invocations=43 (full 11):
 par new generation   total 118016K, used 103364K [0x04000000, 0x0c000000, 0x0c000000)
  eden space 104960K,  93% used [0x04000000, 0x09f6bfe0, 0x0a680000)
  from space 13056K,  43% used [0x0b340000, 0x0b8c5270, 0x0c000000)
  to   space 13056K,   0% used [0x0a680000, 0x0a680000, 0x0b340000)
 concurrent mark-sweep generation total 917504K, used 138244K [0x0c000000, 0x44000000, 0x44000000)
 Metaspace       used 23101K, capacity 23322K, committed 23424K, reserved 23936K
Event: 44.827 GC heap after
Heap after GC invocations=44 (full 11):
 par new generation   total 118016K, used 7132K [0x04000000, 0x0c000000, 0x0c000000)
  eden space 104960K,   0% used [0x04000000, 0x04000000, 0x0a680000)
  from space 13056K,  54% used [0x0a680000, 0x0ad770b0, 0x0b340000)
  to   space 13056K,   0% used [0x0b340000, 0x0b340000, 0x0c000000)
 concurrent mark-sweep generation total 917504K, used 138244K [0x0c000000, 0x44000000, 0x44000000)
 Metaspace       used 23101K, capacity 23322K, committed 23424K, reserved 23936K
}

Deoptimization events (0 events):
No events

Internal exceptions (10 events):
Event: 44.785 Thread 0x6b0dc800 Exception <a 'java/lang/InterruptedException': sleep interrupted> (0x09a5c898) thrown at [C:\workspace\8-2-build-windows-i586-cygwin\jdk8u77\6540\hotspot\src\share\vm\prims\jvm.cpp, line 3215]
Event: 44.785 Thread 0x6b0dc800 Exception <a 'java/lang/InterruptedException': sleep interrupted> (0x09a5cb18) thrown at [C:\workspace\8-2-build-windows-i586-cygwin\jdk8u77\6540\hotspot\src\share\vm\prims\jvm.cpp, line 3167]
Event: 44.837 Thread 0x6b0dc800 Exception <a 'java/lang/InterruptedException': sleep interrupted> (0x05189f80) thrown at [C:\workspace\8-2-build-windows-i586-cygwin\jdk8u77\6540\hotspot\src\share\vm\prims\jvm.cpp, line 3215]
Event: 44.858 Thread 0x6b0dc800 Exception <a 'java/lang/InterruptedException': sleep interrupted> (0x0518a200) thrown at [C:\workspace\8-2-build-windows-i586-cygwin\jdk8u77\6540\hotspot\src\share\vm\prims\jvm.cpp, line 3215]
Event: 44.859 Thread 0x6b0dc800 Exception <a 'java/lang/InterruptedException': sleep interrupted> (0x0518a460) thrown at [C:\workspace\8-2-build-windows-i586-cygwin\jdk8u77\6540\hotspot\src\share\vm\prims\jvm.cpp, line 3215]
Event: 44.885 Thread 0x6b0dc800 Exception <a 'java/lang/InterruptedException': sleep interrupted> (0x0518a6c0) thrown at [C:\workspace\8-2-build-windows-i586-cygwin\jdk8u77\6540\hotspot\src\share\vm\prims\jvm.cpp, line 3215]
Event: 44.885 Thread 0x6b0dc800 Exception <a 'java/lang/InterruptedException': sleep interrupted> (0x0518a940) thrown at [C:\workspace\8-2-build-windows-i586-cygwin\jdk8u77\6540\hotspot\src\share\vm\prims\jvm.cpp, line 3167]
Event: 44.918 Thread 0x6b0dc800 Exception <a 'java/lang/InterruptedException': sleep interrupted> (0x0518ab80) thrown at [C:\workspace\8-2-build-windows-i586-cygwin\jdk8u77\6540\hotspot\src\share\vm\prims\jvm.cpp, line 3215]
Event: 44.940 Thread 0x6b0dc800 Exception <a 'java/lang/InterruptedException': sleep interrupted> (0x0518ae00) thrown at [C:\workspace\8-2-build-windows-i586-cygwin\jdk8u77\6540\hotspot\src\share\vm\prims\jvm.cpp, line 3215]
Event: 44.940 Thread 0x6b0dc800 Exception <a 'java/lang/InterruptedException': sleep interrupted> (0x0518b060) thrown at [C:\workspace\8-2-build-windows-i586-cygwin\jdk8u77\6540\hotspot\src\share\vm\prims\jvm.cpp, line 3215]

Events (10 events):
Event: 44.562 loading class com/google/common/collect/MapMakerInternalMap$KeyIterator
Event: 44.562 loading class com/google/common/collect/MapMakerInternalMap$KeyIterator done
Event: 44.563 loading class com/google/common/collect/MapMakerInternalMap$HashIterator
Event: 44.563 loading class com/google/common/collect/MapMakerInternalMap$HashIterator done
Event: 44.564 loading class com/google/common/collect/MapMakerInternalMap$WriteThroughEntry
Event: 44.564 loading class com/google/common/collect/MapMakerInternalMap$WriteThroughEntry done
Event: 44.564 loading class java/util/Hashtable$ValueCollection
Event: 44.564 loading class java/util/Hashtable$ValueCollection done
Event: 44.820 Executing VM operation: GenCollectForAllocation
Event: 44.827 Executing VM operation: GenCollectForAllocation done


Dynamic libraries:
0x01200000 - 0x01233000 	C:\Program Files\Java\jdk1.8.0_77\jre\bin\java.exe
0x77970000 - 0x77aeb000 	C:\WINDOWS\SYSTEM32\ntdll.dll
0x75190000 - 0x75226000 	C:\WINDOWS\system32\KERNEL32.DLL
0x74e90000 - 0x7500f000 	C:\WINDOWS\system32\KERNELBASE.dll
0x73340000 - 0x733d2000 	C:\WINDOWS\system32\apphelp.dll
0x76c50000 - 0x76ccb000 	C:\WINDOWS\system32\ADVAPI32.dll
0x77690000 - 0x7774e000 	C:\WINDOWS\system32\msvcrt.dll
0x77370000 - 0x773b4000 	C:\WINDOWS\system32\sechost.dll
0x75350000 - 0x75412000 	C:\WINDOWS\system32\RPCRT4.dll
0x76d30000 - 0x76e68000 	C:\WINDOWS\system32\USER32.dll
0x77530000 - 0x77685000 	C:\WINDOWS\system32\GDI32.dll
0x67dc0000 - 0x67fcf000 	C:\WINDOWS\WinSxS\x86_microsoft.windows.common-controls_6595b64144ccf1df_6.0.10586.0_none_d3c2e4e965da4528\COMCTL32.dll
0x777b0000 - 0x7796d000 	C:\WINDOWS\system32\combase.dll
0x74740000 - 0x74798000 	C:\WINDOWS\system32\bcryptPrimitives.dll
0x774b0000 - 0x774df000 	C:\WINDOWS\system32\IMM32.DLL
0x78380000 - 0x7843f000 	C:\Program Files\Java\jdk1.8.0_77\jre\bin\msvcr100.dll
0x6c350000 - 0x6c718000 	C:\Program Files\Java\jdk1.8.0_77\jre\bin\client\jvm.dll
0x75490000 - 0x75496000 	C:\WINDOWS\system32\PSAPI.DLL
0x66970000 - 0x66978000 	C:\WINDOWS\SYSTEM32\WSOCK32.dll
0x77450000 - 0x774af000 	C:\WINDOWS\system32\WS2_32.dll
0x73280000 - 0x732a4000 	C:\WINDOWS\SYSTEM32\WINMM.dll
0x6a810000 - 0x6a818000 	C:\WINDOWS\SYSTEM32\VERSION.dll
0x73230000 - 0x73253000 	C:\WINDOWS\SYSTEM32\WINMMBASE.dll
0x75110000 - 0x75147000 	C:\WINDOWS\system32\cfgmgr32.dll
0x70320000 - 0x7032c000 	C:\Program Files\Java\jdk1.8.0_77\jre\bin\verify.dll
0x6d770000 - 0x6d791000 	C:\Program Files\Java\jdk1.8.0_77\jre\bin\java.dll
0x70210000 - 0x70223000 	C:\Program Files\Java\jdk1.8.0_77\jre\bin\zip.dll
0x757b0000 - 0x76bae000 	C:\WINDOWS\system32\SHELL32.dll
0x747a0000 - 0x74c9a000 	C:\WINDOWS\system32\windows.storage.dll
0x774e0000 - 0x77525000 	C:\WINDOWS\system32\shlwapi.dll
0x74730000 - 0x7473c000 	C:\WINDOWS\system32\kernel.appcore.dll
0x773c0000 - 0x7744d000 	C:\WINDOWS\system32\shcore.dll
0x746d0000 - 0x74714000 	C:\WINDOWS\system32\powrprof.dll
0x746c0000 - 0x746cf000 	C:\WINDOWS\system32\profapi.dll
0x03ff0000 - 0x03ff7000 	D:\Program Files\JetBrains\IntelliJ IDEA Community Edition 2016.1\bin\breakgen.dll
0x6f6f0000 - 0x6f706000 	C:\Program Files\Java\jdk1.8.0_77\jre\bin\net.dll
0x740d0000 - 0x74120000 	C:\WINDOWS\system32\mswsock.dll
0x661f0000 - 0x661fa000 	C:\Program Files\Java\jdk1.8.0_77\jre\bin\management.dll
0x5f370000 - 0x5f37f000 	C:\Program Files\Java\jdk1.8.0_77\jre\bin\nio.dll
0x644c0000 - 0x644d2000 	C:\WINDOWS\system32\napinsp.dll
0x64480000 - 0x64496000 	C:\WINDOWS\system32\pnrpnsp.dll
0x725b0000 - 0x725c4000 	C:\WINDOWS\system32\NLAapi.dll
0x66450000 - 0x6645b000 	C:\WINDOWS\System32\winrnr.dll
0x734a0000 - 0x73524000 	C:\WINDOWS\SYSTEM32\DNSAPI.dll
0x76bb0000 - 0x76bb7000 	C:\WINDOWS\system32\NSI.dll
0x6a230000 - 0x6a251000 	C:\Program Files\Bonjour\mdnsNSP.dll
0x6e9d0000 - 0x6e9ff000 	C:\WINDOWS\SYSTEM32\Iphlpapi.DLL
0x6a220000 - 0x6a228000 	C:\Windows\System32\rasadhlp.dll
0x46c70000 - 0x46cb7000 	C:\WINDOWS\System32\fwpuclnt.dll
0x74620000 - 0x7463d000 	C:\WINDOWS\SYSTEM32\bcrypt.dll
0x47870000 - 0x478bd000 	C:\Users\Administrator\.gradle\caches\minecraft\net\minecraft\minecraft_natives\1.7.10\lwjgl.dll
0x51aa0000 - 0x51b80000 	C:\WINDOWS\SYSTEM32\OPENGL32.dll
0x51a40000 - 0x51a65000 	C:\WINDOWS\SYSTEM32\GLU32.dll
0x51950000 - 0x51a3e000 	C:\WINDOWS\SYSTEM32\DDRAW.dll
0x518e0000 - 0x518e7000 	C:\WINDOWS\SYSTEM32\DCIMAN32.dll
0x741b0000 - 0x741c3000 	C:\WINDOWS\SYSTEM32\CRYPTSP.dll
0x73e10000 - 0x73e3f000 	C:\WINDOWS\system32\rsaenh.dll
0x73f90000 - 0x73fa9000 	C:\WINDOWS\SYSTEM32\USERENV.dll
0x742a0000 - 0x742aa000 	C:\WINDOWS\SYSTEM32\CRYPTBASE.dll
0x6bdf0000 - 0x6be03000 	C:\WINDOWS\SYSTEM32\dhcpcsvc6.DLL
0x6bdd0000 - 0x6bde4000 	C:\WINDOWS\SYSTEM32\dhcpcsvc.DLL
0x47aa0000 - 0x47be5000 	C:\Program Files\Java\jdk1.8.0_77\jre\bin\awt.dll
0x755a0000 - 0x75632000 	C:\WINDOWS\system32\OLEAUT32.dll
0x73420000 - 0x73499000 	C:\WINDOWS\system32\uxtheme.dll
0x75230000 - 0x7534f000 	C:\WINDOWS\system32\MSCTF.dll
0x72bc0000 - 0x72bdd000 	C:\WINDOWS\system32\dwmapi.dll
0x48150000 - 0x4899e000 	C:\WINDOWS\SYSTEM32\ig75icd32.dll
0x70e80000 - 0x71731000 	C:\WINDOWS\SYSTEM32\igdusc32.dll
0x73080000 - 0x7308f000 	C:\WINDOWS\SYSTEM32\WTSAPI32.dll
0x5b400000 - 0x5b47f000 	C:\WINDOWS\SYSTEM32\mscms.dll
0x63b10000 - 0x63b4c000 	C:\WINDOWS\SYSTEM32\icm32.dll
0x70a40000 - 0x70a7a000 	C:\Users\Administrator\.gradle\caches\minecraft\net\minecraft\minecraft_natives\1.7.10\avutil-ttv-51.dll
0x65980000 - 0x6599d000 	C:\Users\Administrator\.gradle\caches\minecraft\net\minecraft\minecraft_natives\1.7.10\swresample-ttv-0.dll
0x6eb80000 - 0x6ec09000 	C:\Users\Administrator\.gradle\caches\minecraft\net\minecraft\minecraft_natives\1.7.10\libmp3lame-ttv.dll
0x4d200000 - 0x4e180000 	C:\Users\Administrator\.gradle\caches\minecraft\net\minecraft\minecraft_natives\1.7.10\libmfxsw32.dll
0x4e190000 - 0x4e293000 	C:\Users\Administrator\.gradle\caches\minecraft\net\minecraft\minecraft_natives\1.7.10\twitchsdk.dll
0x77280000 - 0x7736b000 	C:\WINDOWS\system32\ole32.dll
0x67b90000 - 0x67db8000 	C:\WINDOWS\SYSTEM32\WININET.dll
0x51870000 - 0x518d5000 	C:\Users\Administrator\.gradle\caches\minecraft\net\minecraft\minecraft_natives\1.7.10\OpenAL32.dll
0x76bc0000 - 0x76c44000 	C:\WINDOWS\system32\clbcatq.dll
0x5b2e0000 - 0x5b335000 	C:\WINDOWS\System32\MMDevApi.dll
0x733f0000 - 0x73412000 	C:\WINDOWS\System32\DEVOBJ.dll
0x73090000 - 0x731db000 	C:\WINDOWS\System32\PROPSYS.dll
0x5b340000 - 0x5b3c6000 	C:\WINDOWS\SYSTEM32\dsound.dll
0x77e20000 - 0x77e88000 	C:\WINDOWS\SYSTEM32\AUDIOSES.DLL
0x5e4f0000 - 0x5e5b8000 	C:\WINDOWS\SYSTEM32\wintypes.dll
0x6fb50000 - 0x6fb70000 	C:\Program Files\Java\jdk1.8.0_77\jre\bin\sunec.dll
0x63740000 - 0x6387f000 	C:\WINDOWS\SYSTEM32\dbghelp.dll

VM Arguments:
jvm_args: -Xincgc -Xmx1024M -Xms1024M -Didea.launcher.port=7536 -Didea.launcher.bin.path=D:\Program Files\JetBrains\IntelliJ IDEA Community Edition 2016.1\bin -Dfile.encoding=UTF-8 
java_command: com.intellij.rt.execution.application.AppMain GradleStart
java_class_path (initial): C:\Program Files\Java\jdk1.8.0_77\jre\lib\charsets.jar;C:\Program Files\Java\jdk1.8.0_77\jre\lib\deploy.jar;C:\Program Files\Java\jdk1.8.0_77\jre\lib\ext\access-bridge.jar;C:\Program Files\Java\jdk1.8.0_77\jre\lib\ext\cldrdata.jar;C:\Program Files\Java\jdk1.8.0_77\jre\lib\ext\dnsns.jar;C:\Program Files\Java\jdk1.8.0_77\jre\lib\ext\jaccess.jar;C:\Program Files\Java\jdk1.8.0_77\jre\lib\ext\jfxrt.jar;C:\Program Files\Java\jdk1.8.0_77\jre\lib\ext\localedata.jar;C:\Program Files\Java\jdk1.8.0_77\jre\lib\ext\nashorn.jar;C:\Program Files\Java\jdk1.8.0_77\jre\lib\ext\sunec.jar;C:\Program Files\Java\jdk1.8.0_77\jre\lib\ext\sunjce_provider.jar;C:\Program Files\Java\jdk1.8.0_77\jre\lib\ext\sunmscapi.jar;C:\Program Files\Java\jdk1.8.0_77\jre\lib\ext\sunpkcs11.jar;C:\Program Files\Java\jdk1.8.0_77\jre\lib\ext\zipfs.jar;C:\Program Files\Java\jdk1.8.0_77\jre\lib\javaws.jar;C:\Program Files\Java\jdk1.8.0_77\jre\lib\jce.jar;C:\Program Files\Java\jdk1.8.0_77\jre\lib\jfr.jar;C:\Program Files\Java\jdk1.8.0_77\jre\lib\jfxswt.jar;C:\Program Files\Java\jdk1.8.0_77\jre\lib\jsse.jar;C:\Program Files\Java\jdk1.8.0_77\jre\lib\management-agent.jar;C:\Program Files\Java\jdk1.8.0_77\jre\lib\plugin.jar;C:\Program Files\Java\jdk1.8.0_77\jre\lib\resources.jar;C:\Program Files\Java\jdk1.8.0_77\jre\lib\rt.jar;F:\Games\GameSomething\Minecraft\1.7.10 modsDevelop\MoreToolsMod\out\production\MoreTools Project;C:\Users\Administrator\.gradle\caches\minecraft\net\minecraftforge\forge\1.7.10-10.13.4.1558-1.7.10\forgeSrc-1.7.10-10.13.4.1558-1.7.10.jar;C:\Users\Administrator\.gradle\caches\modules-2\files-2.1\net.minecraft\launchwrapper\1.12\111e7bea9c968cdb3d06ef4632bf7ff0824d0f36\launchwrapper-1.12.jar;C:\Users\Administrator\.gradle\caches\modules-2\files-2.1\com.google.code.findbugs\jsr305\1.3.9\40719ea6961c0cb6afaeb6a921eaa1f6afd4cfdf\jsr305-1.3.9.jar;C:\Users\Administrator\.gradle\caches\modules-2\files-2.1\org.ow2.asm\asm-debug-all\5.0.3\f9e364ae2a66ce2a543012a4668856e84e5dab
Launcher Type: SUN_STANDARD

Environment Variables:
JAVA_HOME=C:\Program Files\Java\jdk1.8.0_77
CLASSPATH=.;C:\Program Files\Java\jdk1.8.0_77\lib;C:\Program Files\Java\jdk1.8.0_77\lib\tools.jar
PATH=C:\ProgramData\Oracle\Java\javapath;C:\WINDOWS\system32;C:\WINDOWS;C:\WINDOWS\System32\Wbem;C:\WINDOWS\System32\WindowsPowerShell\v1.0\;C:\WINDOWS\system32\config\systemprofile\.dnx\bin;C:\Program Files\Microsoft DNX\Dnvm\;C:\Program Files\Windows Kits\8.1\Windows Performance Toolkit\;D:\Program Files\Git\bin;C:\Users\Administrator\.gradle\bin;C:\Program Files\Java\jdk1.8.0_77\bin
USERNAME=Administrator
OS=Windows_NT
PROCESSOR_IDENTIFIER=x86 Family 6 Model 60 Stepping 3, GenuineIntel



---------------  S Y S T E M  ---------------

OS: Windows 10.0 Build 10586 (10.0.10586.0)

CPU:total 2 (2 cores per cpu, 1 threads per core) family 6 model 60 stepping 3, cmov, cx8, fxsr, mmx, sse, sse2, sse3, ssse3, sse4.1, sse4.2, popcnt, clmul, erms, lzcnt, tsc, tscinvbit

Memory: 4k page, physical 3589964k(497408k free), swap 8078060k(1579580k free)

vm_info: Java HotSpot(TM) Client VM (25.77-b03) for windows-x86 JRE (1.8.0_77-b03), built on Mar 20 2016 22:00:03 by "java_re" with MS VC++ 10.0 (VS2010)

time: Sat Apr 23 09:28:28 2016
elapsed time: 45 seconds (0d 0h 0m 45s)

